This file contains any messages produced by compilers while
running configure, to aid debugging if configure makes a mistake.

It was created by configure, which was
generated by GNU Autoconf 2.71.  Invocation command line was

  $ ./configure --disable-option-checking --cache-file=/dev/null --srcdir=/home/narjes/document/epitech/timemanager/timemanagerback/otp_src_26.0/lib/erl_interface

## --------- ##
## Platform. ##
## --------- ##

hostname = PCNarjes
uname -m = x86_64
uname -r = 5.15.90.1-microsoft-standard-WSL2
uname -s = Linux
uname -v = #1 SMP Fri Jan 27 02:56:13 UTC 2023

/usr/bin/uname -p = x86_64
/bin/uname -X     = unknown

/bin/arch              = x86_64
/usr/bin/arch -k       = unknown
/usr/convex/getsysinfo = unknown
/usr/bin/hostinfo      = unknown
/bin/machine           = unknown
/usr/bin/oslevel       = unknown
/bin/universe          = unknown

PATH: /home/narjes/.config/composer/vendor/bin/
PATH: /usr/local/sbin/
PATH: /usr/local/bin/
PATH: /usr/sbin/
PATH: /usr/bin/
PATH: /sbin/
PATH: /bin/
PATH: /usr/games/
PATH: /usr/local/games/
PATH: /usr/lib/wsl/lib/
PATH: /c/Program Files/Microsoft/jdk-11.0.16.101-hotspot/bin/
PATH: /c/Program Files (x86)/Common Files/Oracle/Java/javapath/
PATH: /c/ProgramData/Anaconda3/
PATH: /c/ProgramData/Anaconda3/Library/mingw-w64/bin/
PATH: /c/ProgramData/Anaconda3/Library/usr/bin/
PATH: /c/ProgramData/Anaconda3/Library/bin/
PATH: /c/ProgramData/Anaconda3/Scripts/
PATH: /c/Windows/system32/
PATH: /c/Windows/
PATH: /c/Windows/System32/Wbem/
PATH: /c/Windows/System32/WindowsPowerShell/v1.0/
PATH: /c/Windows/System32/OpenSSH/
PATH: /c/Program Files (x86)/NVIDIA Corporation/PhysX/Common/
PATH: /c/Program Files/NVIDIA Corporation/NVIDIA NvDLISR/
PATH: /c/WINDOWS/system32/
PATH: /c/WINDOWS/
PATH: /c/WINDOWS/System32/Wbem/
PATH: /c/WINDOWS/System32/WindowsPowerShell/v1.0/
PATH: /c/WINDOWS/System32/OpenSSH/
PATH: /c/Program Files/Git/cmd/
PATH: /c/Program Files (x86)/STMicroelectronics/STM32 ST-LINK Utility/ST-LINK Utility/
PATH: /c/Program Files/PuTTY/
PATH: /c/Program Files/Docker/Docker/resources/bin/
PATH: /c/Program Files/Progress/DataDirect/ODBC/drivers/
PATH: /c/Users/narje/AppData/Roaming/nvm/
PATH: /c/Program Files/nodejs/
PATH: /c/Program Files/dotnet/
PATH: /c/Program Files/Microsoft SQL Server/150/Tools/Binn/
PATH: /c/Program Files/Microsoft SQL Server/Client SDK/ODBC/170/Tools/Binn/
PATH: /c/Program Files (x86)/Windows Kits/10/Windows Performance Toolkit/
PATH: /c/Users/narje/scoop/apps/elixir/current/bin/
PATH: /c/Program Files/Elixir/bin/
PATH: /c/Program Files/Erlang OTP/bin/
PATH: /c/Users/narje/scoop/shims/
PATH: /c/Users/narje/AppData/Local/Microsoft/WindowsApps/
PATH: /c/Users/narje/AppData/Local/Programs/Microsoft VS Code/bin/
PATH: /c/laragon/bin/php/php-8.2.6/
PATH: /c/Users/narje/AppData/Roaming/npm/
PATH: /c/Program Files/Vim/
PATH: /c/Users/narje/AppData/Local/Microsoft/WindowsApps/
PATH: /c/Users/narje/AppData/Roaming/nvm/
PATH: /c/Program Files/nodejs/
PATH: /c/Users/narje/AppData/Local/GitHubDesktop/bin/
PATH: /c/Program Files/CMake/bin/
PATH: /c/Users/narje/.dotnet/tools/
PATH: /c/Program Files (x86)/Microsoft Visual Studio/2022/BuildTools/VC/Tools/MSVC/14.37.32822/bin/Hostx86/x86/
PATH: /snap/bin/


## ----------- ##
## Core tests. ##
## ----------- ##

configure:2619: looking for aux files: install-sh config.guess config.sub
configure:2632:  trying /home/narjes/document/epitech/timemanager/timemanagerback/otp_src_26.0/make/autoconf/
configure:2643:   /home/narjes/document/epitech/timemanager/timemanagerback/otp_src_26.0/make/autoconf/install-sh found
configure:2661:   /home/narjes/document/epitech/timemanager/timemanagerback/otp_src_26.0/make/autoconf/config.guess found
configure:2661:   /home/narjes/document/epitech/timemanager/timemanagerback/otp_src_26.0/make/autoconf/config.sub found
configure:2895: checking build system type
configure:2910: result: x86_64-pc-linux-gnu
configure:2930: checking host system type
configure:2944: result: x86_64-pc-linux-gnu
configure:2964: checking target system type
configure:2978: result: x86_64-pc-linux-gnu
configure:3175: checking for gcc
configure:3196: found /usr/bin/gcc
configure:3207: result: gcc
configure:3560: checking for C compiler version
configure:3569: gcc --version >&5
gcc (Ubuntu 11.4.0-1ubuntu1~22.04) 11.4.0
Copyright (C) 2021 Free Software Foundation, Inc.
This is free software; see the source for copying conditions.  There is NO
warranty; not even for MERCHANTABILITY or FITNESS FOR A PARTICULAR PURPOSE.

configure:3580: $? = 0
configure:3569: gcc -v >&5
Using built-in specs.
COLLECT_GCC=gcc
COLLECT_LTO_WRAPPER=/usr/lib/gcc/x86_64-linux-gnu/11/lto-wrapper
OFFLOAD_TARGET_NAMES=nvptx-none:amdgcn-amdhsa
OFFLOAD_TARGET_DEFAULT=1
Target: x86_64-linux-gnu
Configured with: ../src/configure -v --with-pkgversion='Ubuntu 11.4.0-1ubuntu1~22.04' --with-bugurl=file:///usr/share/doc/gcc-11/README.Bugs --enable-languages=c,ada,c++,go,brig,d,fortran,objc,obj-c++,m2 --prefix=/usr --with-gcc-major-version-only --program-suffix=-11 --program-prefix=x86_64-linux-gnu- --enable-shared --enable-linker-build-id --libexecdir=/usr/lib --without-included-gettext --enable-threads=posix --libdir=/usr/lib --enable-nls --enable-bootstrap --enable-clocale=gnu --enable-libstdcxx-debug --enable-libstdcxx-time=yes --with-default-libstdcxx-abi=new --enable-gnu-unique-object --disable-vtable-verify --enable-plugin --enable-default-pie --with-system-zlib --enable-libphobos-checking=release --with-target-system-zlib=auto --enable-objc-gc=auto --enable-multiarch --disable-werror --enable-cet --with-arch-32=i686 --with-abi=m64 --with-multilib-list=m32,m64,mx32 --enable-multilib --with-tune=generic --enable-offload-targets=nvptx-none=/build/gcc-11-XeT9lY/gcc-11-11.4.0/debian/tmp-nvptx/usr,amdgcn-amdhsa=/build/gcc-11-XeT9lY/gcc-11-11.4.0/debian/tmp-gcn/usr --without-cuda-driver --enable-checking=release --build=x86_64-linux-gnu --host=x86_64-linux-gnu --target=x86_64-linux-gnu --with-build-config=bootstrap-lto-lean --enable-link-serialization=2
Thread model: posix
Supported LTO compression algorithms: zlib zstd
gcc version 11.4.0 (Ubuntu 11.4.0-1ubuntu1~22.04) 
... rest of stderr output deleted ...
configure:3580: $? = 0
configure:3569: gcc -V >&5
gcc: error: unrecognized command-line option '-V'
gcc: fatal error: no input files
compilation terminated.
configure:3580: $? = 1
configure:3569: gcc -qversion >&5
gcc: error: unrecognized command-line option '-qversion'; did you mean '--version'?
gcc: fatal error: no input files
compilation terminated.
configure:3580: $? = 1
configure:3569: gcc -version >&5
gcc: error: unrecognized command-line option '-version'
gcc: fatal error: no input files
compilation terminated.
configure:3580: $? = 1
configure:3600: checking whether the C compiler works
configure:3622: gcc    conftest.c  >&5
configure:3626: $? = 0
configure:3676: result: yes
configure:3679: checking for C compiler default output file name
configure:3681: result: a.out
configure:3687: checking for suffix of executables
configure:3694: gcc -o conftest    conftest.c  >&5
configure:3698: $? = 0
configure:3721: result: 
configure:3743: checking whether we are cross compiling
configure:3751: gcc -o conftest    conftest.c  >&5
configure:3755: $? = 0
configure:3762: ./conftest
configure:3766: $? = 0
configure:3781: result: no
configure:3786: checking for suffix of object files
configure:3809: gcc -c   conftest.c >&5
configure:3813: $? = 0
configure:3835: result: o
configure:3839: checking whether the compiler supports GNU C
configure:3859: gcc -c   conftest.c >&5
configure:3859: $? = 0
configure:3869: result: yes
configure:3880: checking whether gcc accepts -g
configure:3901: gcc -c -g  conftest.c >&5
configure:3901: $? = 0
configure:3945: result: yes
configure:3965: checking for gcc option to enable C11 features
configure:3980: gcc  -c -g -O2  conftest.c >&5
configure:3980: $? = 0
configure:3998: result: none needed
configure:4113: checking how to run the C preprocessor
configure:4139: gcc -E  conftest.c
configure:4139: $? = 0
configure:4154: gcc -E  conftest.c
conftest.c:9:10: fatal error: ac_nonexistent.h: No such file or directory
    9 | #include <ac_nonexistent.h>
      |          ^~~~~~~~~~~~~~~~~~
compilation terminated.
configure:4154: $? = 1
configure: failed program was:
| /* confdefs.h */
| #define PACKAGE_NAME ""
| #define PACKAGE_TARNAME ""
| #define PACKAGE_VERSION ""
| #define PACKAGE_STRING ""
| #define PACKAGE_BUGREPORT ""
| #define PACKAGE_URL ""
| /* end confdefs.h.  */
| #include <ac_nonexistent.h>
configure:4181: result: gcc -E
configure:4195: gcc -E  conftest.c
configure:4195: $? = 0
configure:4210: gcc -E  conftest.c
conftest.c:9:10: fatal error: ac_nonexistent.h: No such file or directory
    9 | #include <ac_nonexistent.h>
      |          ^~~~~~~~~~~~~~~~~~
compilation terminated.
configure:4210: $? = 1
configure: failed program was:
| /* confdefs.h */
| #define PACKAGE_NAME ""
| #define PACKAGE_TARNAME ""
| #define PACKAGE_VERSION ""
| #define PACKAGE_STRING ""
| #define PACKAGE_BUGREPORT ""
| #define PACKAGE_URL ""
| /* end confdefs.h.  */
| #include <ac_nonexistent.h>
configure:4240: checking for grep that handles long lines and -e
configure:4304: result: /usr/bin/grep
configure:4309: checking for egrep
configure:4377: result: /usr/bin/grep -E
configure:4430: checking for ranlib
configure:4451: found /usr/bin/ranlib
configure:4462: result: ranlib
configure:4488: checking for ld.sh
configure:4523: result: no
configure:4579: checking for ld
configure:4600: found /usr/bin/ld
configure:4611: result: ld
configure:4640: checking for stdio.h
configure:4640: gcc -c -g -O2  conftest.c >&5
configure:4640: $? = 0
configure:4640: result: yes
configure:4640: checking for stdlib.h
configure:4640: gcc -c -g -O2  conftest.c >&5
configure:4640: $? = 0
configure:4640: result: yes
configure:4640: checking for string.h
configure:4640: gcc -c -g -O2  conftest.c >&5
configure:4640: $? = 0
configure:4640: result: yes
configure:4640: checking for inttypes.h
configure:4640: gcc -c -g -O2  conftest.c >&5
configure:4640: $? = 0
configure:4640: result: yes
configure:4640: checking for stdint.h
configure:4640: gcc -c -g -O2  conftest.c >&5
configure:4640: $? = 0
configure:4640: result: yes
configure:4640: checking for strings.h
configure:4640: gcc -c -g -O2  conftest.c >&5
configure:4640: $? = 0
configure:4640: result: yes
configure:4640: checking for sys/stat.h
configure:4640: gcc -c -g -O2  conftest.c >&5
configure:4640: $? = 0
configure:4640: result: yes
configure:4640: checking for sys/types.h
configure:4640: gcc -c -g -O2  conftest.c >&5
configure:4640: $? = 0
configure:4640: result: yes
configure:4640: checking for unistd.h
configure:4640: gcc -c -g -O2  conftest.c >&5
configure:4640: $? = 0
configure:4640: result: yes
configure:4640: checking for sys/time.h
configure:4640: gcc -c -g -O2  conftest.c >&5
configure:4640: $? = 0
configure:4640: result: yes
configure:4669: checking size of short
configure:4675: gcc -o conftest -g -O2   conftest.c  >&5
configure:4675: $? = 0
configure:4675: ./conftest
configure:4675: $? = 0
configure:4690: result: 2
configure:4702: checking size of int
configure:4708: gcc -o conftest -g -O2   conftest.c  >&5
configure:4708: $? = 0
configure:4708: ./conftest
configure:4708: $? = 0
configure:4723: result: 4
configure:4735: checking size of long
configure:4741: gcc -o conftest -g -O2   conftest.c  >&5
configure:4741: $? = 0
configure:4741: ./conftest
configure:4741: $? = 0
configure:4756: result: 8
configure:4768: checking size of void *
configure:4774: gcc -o conftest -g -O2   conftest.c  >&5
configure:4774: $? = 0
configure:4774: ./conftest
configure:4774: $? = 0
configure:4789: result: 8
configure:4801: checking size of long long
configure:4807: gcc -o conftest -g -O2   conftest.c  >&5
configure:4807: $? = 0
configure:4807: ./conftest
configure:4807: $? = 0
configure:4822: result: 8
configure:4842: checking target hardware architecture
configure:4885: result: amd64
configure:4888: checking whether compilation mode forces ARCH adjustment
configure:4927: result: no: ARCH is amd64
configure:4935: checking for unaligned word access
configure:4939: result: yes: x86 or amd64
configure:4999: checking for ar
configure:5020: found /usr/bin/ar
configure:5031: result: ar
configure:5082: checking for a BSD-compatible install
configure:5155: result: /usr/bin/install -c
configure:5166: checking how to create a directory including parents
configure:5188: result: /usr/bin/install -c -d
configure:5206: checking for library containing gethostbyname
configure:5236: gcc -o conftest -g -O2 -DEI_64BIT   conftest.c  >&5
configure:5236: $? = 0
configure:5256: result: none required
configure:5265: checking for library containing getpeername
configure:5295: gcc -o conftest -g -O2 -DEI_64BIT   conftest.c  >&5
configure:5295: $? = 0
configure:5315: result: none required
configure:5328: checking for sys/wait.h that is POSIX.1 compatible
configure:5355: gcc -c -g -O2 -DEI_64BIT  conftest.c >&5
configure:5355: $? = 0
configure:5363: result: yes
configure:5371: checking for arpa/inet.h
configure:5371: gcc -c -g -O2 -DEI_64BIT  conftest.c >&5
configure:5371: $? = 0
configure:5371: result: yes
configure:5377: checking for fcntl.h
configure:5377: gcc -c -g -O2 -DEI_64BIT  conftest.c >&5
configure:5377: $? = 0
configure:5377: result: yes
configure:5383: checking for limits.h
configure:5383: gcc -c -g -O2 -DEI_64BIT  conftest.c >&5
configure:5383: $? = 0
configure:5383: result: yes
configure:5389: checking for malloc.h
configure:5389: gcc -c -g -O2 -DEI_64BIT  conftest.c >&5
configure:5389: $? = 0
configure:5389: result: yes
configure:5395: checking for netdb.h
configure:5395: gcc -c -g -O2 -DEI_64BIT  conftest.c >&5
configure:5395: $? = 0
configure:5395: result: yes
configure:5401: checking for netinet/in.h
configure:5401: gcc -c -g -O2 -DEI_64BIT  conftest.c >&5
configure:5401: $? = 0
configure:5401: result: yes
configure:5407: checking for stddef.h
configure:5407: gcc -c -g -O2 -DEI_64BIT  conftest.c >&5
configure:5407: $? = 0
configure:5407: result: yes
configure:5413: checking for stdlib.h
configure:5413: result: yes
configure:5419: checking for string.h
configure:5419: result: yes
configure:5425: checking for sys/param.h
configure:5425: gcc -c -g -O2 -DEI_64BIT  conftest.c >&5
configure:5425: $? = 0
configure:5425: result: yes
configure:5431: checking for sys/socket.h
configure:5431: gcc -c -g -O2 -DEI_64BIT  conftest.c >&5
configure:5431: $? = 0
configure:5431: result: yes
configure:5437: checking for sys/select.h
configure:5437: gcc -c -g -O2 -DEI_64BIT  conftest.c >&5
configure:5437: $? = 0
configure:5437: result: yes
configure:5443: checking for sys/time.h
configure:5443: result: yes
configure:5449: checking for unistd.h
configure:5449: result: yes
configure:5455: checking for sys/types.h
configure:5455: result: yes
configure:5461: checking for sys/uio.h
configure:5461: gcc -c -g -O2 -DEI_64BIT  conftest.c >&5
configure:5461: $? = 0
configure:5461: result: yes
configure:5472: checking for uid_t in sys/types.h
configure:5493: result: yes
configure:5505: checking for pid_t
configure:5505: gcc -c -g -O2 -DEI_64BIT  conftest.c >&5
configure:5505: $? = 0
configure:5505: gcc -c -g -O2 -DEI_64BIT  conftest.c >&5
conftest.c: In function 'main':
conftest.c:76:20: error: expected expression before ')' token
   76 | if (sizeof ((pid_t)))
      |                    ^
configure:5505: $? = 1
configure: failed program was:
| /* confdefs.h */
| #define PACKAGE_NAME ""
| #define PACKAGE_TARNAME ""
| #define PACKAGE_VERSION ""
| #define PACKAGE_STRING ""
| #define PACKAGE_BUGREPORT ""
| #define PACKAGE_URL ""
| #define HAVE_STDIO_H 1
| #define HAVE_STDLIB_H 1
| #define HAVE_STRING_H 1
| #define HAVE_INTTYPES_H 1
| #define HAVE_STDINT_H 1
| #define HAVE_STRINGS_H 1
| #define HAVE_SYS_STAT_H 1
| #define HAVE_SYS_TYPES_H 1
| #define HAVE_UNISTD_H 1
| #define HAVE_SYS_TIME_H 1
| #define STDC_HEADERS 1
| #define SIZEOF_SHORT 2
| #define SIZEOF_INT 4
| #define SIZEOF_LONG 8
| #define SIZEOF_VOID_P 8
| #define SIZEOF_LONG_LONG 8
| #define EI_HIDE_REAL_ERRNO 1
| #define HAVE_UNALIGNED_WORD_ACCESS 1
| #define HAVE_SYS_WAIT_H 1
| #define HAVE_ARPA_INET_H 1
| #define HAVE_FCNTL_H 1
| #define HAVE_LIMITS_H 1
| #define HAVE_MALLOC_H 1
| #define HAVE_NETDB_H 1
| #define HAVE_NETINET_IN_H 1
| #define HAVE_STDDEF_H 1
| #define HAVE_STDLIB_H 1
| #define HAVE_STRING_H 1
| #define HAVE_SYS_PARAM_H 1
| #define HAVE_SYS_SOCKET_H 1
| #define HAVE_SYS_SELECT_H 1
| #define HAVE_SYS_TIME_H 1
| #define HAVE_UNISTD_H 1
| #define HAVE_SYS_TYPES_H 1
| #define HAVE_SYS_UIO_H 1
| /* end confdefs.h.  */
| #include <stddef.h>
| #ifdef HAVE_STDIO_H
| # include <stdio.h>
| #endif
| #ifdef HAVE_STDLIB_H
| # include <stdlib.h>
| #endif
| #ifdef HAVE_STRING_H
| # include <string.h>
| #endif
| #ifdef HAVE_INTTYPES_H
| # include <inttypes.h>
| #endif
| #ifdef HAVE_STDINT_H
| # include <stdint.h>
| #endif
| #ifdef HAVE_STRINGS_H
| # include <strings.h>
| #endif
| #ifdef HAVE_SYS_TYPES_H
| # include <sys/types.h>
| #endif
| #ifdef HAVE_SYS_STAT_H
| # include <sys/stat.h>
| #endif
| #ifdef HAVE_UNISTD_H
| # include <unistd.h>
| #endif
| 
| int
| main (void)
| {
| if (sizeof ((pid_t)))
| 	    return 0;
|   ;
|   return 0;
| }
configure:5505: result: yes
configure:5541: checking for size_t
configure:5541: gcc -c -g -O2 -DEI_64BIT  conftest.c >&5
configure:5541: $? = 0
configure:5541: gcc -c -g -O2 -DEI_64BIT  conftest.c >&5
conftest.c: In function 'main':
conftest.c:75:21: error: expected expression before ')' token
   75 | if (sizeof ((size_t)))
      |                     ^
configure:5541: $? = 1
configure: failed program was:
| /* confdefs.h */
| #define PACKAGE_NAME ""
| #define PACKAGE_TARNAME ""
| #define PACKAGE_VERSION ""
| #define PACKAGE_STRING ""
| #define PACKAGE_BUGREPORT ""
| #define PACKAGE_URL ""
| #define HAVE_STDIO_H 1
| #define HAVE_STDLIB_H 1
| #define HAVE_STRING_H 1
| #define HAVE_INTTYPES_H 1
| #define HAVE_STDINT_H 1
| #define HAVE_STRINGS_H 1
| #define HAVE_SYS_STAT_H 1
| #define HAVE_SYS_TYPES_H 1
| #define HAVE_UNISTD_H 1
| #define HAVE_SYS_TIME_H 1
| #define STDC_HEADERS 1
| #define SIZEOF_SHORT 2
| #define SIZEOF_INT 4
| #define SIZEOF_LONG 8
| #define SIZEOF_VOID_P 8
| #define SIZEOF_LONG_LONG 8
| #define EI_HIDE_REAL_ERRNO 1
| #define HAVE_UNALIGNED_WORD_ACCESS 1
| #define HAVE_SYS_WAIT_H 1
| #define HAVE_ARPA_INET_H 1
| #define HAVE_FCNTL_H 1
| #define HAVE_LIMITS_H 1
| #define HAVE_MALLOC_H 1
| #define HAVE_NETDB_H 1
| #define HAVE_NETINET_IN_H 1
| #define HAVE_STDDEF_H 1
| #define HAVE_STDLIB_H 1
| #define HAVE_STRING_H 1
| #define HAVE_SYS_PARAM_H 1
| #define HAVE_SYS_SOCKET_H 1
| #define HAVE_SYS_SELECT_H 1
| #define HAVE_SYS_TIME_H 1
| #define HAVE_UNISTD_H 1
| #define HAVE_SYS_TYPES_H 1
| #define HAVE_SYS_UIO_H 1
| /* end confdefs.h.  */
| #include <stddef.h>
| #ifdef HAVE_STDIO_H
| # include <stdio.h>
| #endif
| #ifdef HAVE_STDLIB_H
| # include <stdlib.h>
| #endif
| #ifdef HAVE_STRING_H
| # include <string.h>
| #endif
| #ifdef HAVE_INTTYPES_H
| # include <inttypes.h>
| #endif
| #ifdef HAVE_STDINT_H
| # include <stdint.h>
| #endif
| #ifdef HAVE_STRINGS_H
| # include <strings.h>
| #endif
| #ifdef HAVE_SYS_TYPES_H
| # include <sys/types.h>
| #endif
| #ifdef HAVE_SYS_STAT_H
| # include <sys/stat.h>
| #endif
| #ifdef HAVE_UNISTD_H
| # include <unistd.h>
| #endif
| int
| main (void)
| {
| if (sizeof ((size_t)))
| 	    return 0;
|   ;
|   return 0;
| }
configure:5541: result: yes
configure:5554: checking for socklen_t usability
configure:5568: gcc -c -g -O2 -DEI_64BIT  conftest.c >&5
configure:5568: $? = 0
configure:5570: result: yes
configure:5584: checking for working alloca.h
configure:5602: gcc -o conftest -g -O2 -DEI_64BIT   conftest.c  >&5
configure:5602: $? = 0
configure:5611: result: yes
configure:5619: checking for alloca
configure:5664: result: yes
configure:5733: checking whether gcc needs -traditional
configure:5770: result: no
configure:5778: checking for working memcmp
configure:5823: gcc -o conftest -g -O2 -DEI_64BIT   conftest.c  >&5
configure:5823: $? = 0
configure:5823: ./conftest
configure:5823: $? = 0
configure:5834: result: yes
configure:5844: checking for dup2
configure:5844: gcc -o conftest -g -O2 -DEI_64BIT   conftest.c  >&5
configure:5844: $? = 0
configure:5844: result: yes
configure:5850: checking for gethostbyaddr
configure:5850: gcc -o conftest -g -O2 -DEI_64BIT   conftest.c  >&5
configure:5850: $? = 0
configure:5850: result: yes
configure:5856: checking for gethostbyname
configure:5856: gcc -o conftest -g -O2 -DEI_64BIT   conftest.c  >&5
configure:5856: $? = 0
configure:5856: result: yes
configure:5862: checking for gethostbyaddr_r
configure:5862: gcc -o conftest -g -O2 -DEI_64BIT   conftest.c  >&5
configure:5862: $? = 0
configure:5862: result: yes
configure:5868: checking for gethostbyname_r
configure:5868: gcc -o conftest -g -O2 -DEI_64BIT   conftest.c  >&5
configure:5868: $? = 0
configure:5868: result: yes
configure:5874: checking for gethostname
configure:5874: gcc -o conftest -g -O2 -DEI_64BIT   conftest.c  >&5
configure:5874: $? = 0
configure:5874: result: yes
configure:5880: checking for writev
configure:5880: gcc -o conftest -g -O2 -DEI_64BIT   conftest.c  >&5
configure:5880: $? = 0
configure:5880: result: yes
configure:5886: checking for gethrtime
configure:5886: gcc -o conftest -g -O2 -DEI_64BIT   conftest.c  >&5
/usr/bin/ld: /tmp/cc1UVAub.o: in function `main':
/home/narjes/document/epitech/timemanager/timemanagerback/otp_src_26.0/lib/erl_interface/conftest.c:81: undefined reference to `gethrtime'
collect2: error: ld returned 1 exit status
configure:5886: $? = 1
configure: failed program was:
| /* confdefs.h */
| #define PACKAGE_NAME ""
| #define PACKAGE_TARNAME ""
| #define PACKAGE_VERSION ""
| #define PACKAGE_STRING ""
| #define PACKAGE_BUGREPORT ""
| #define PACKAGE_URL ""
| #define HAVE_STDIO_H 1
| #define HAVE_STDLIB_H 1
| #define HAVE_STRING_H 1
| #define HAVE_INTTYPES_H 1
| #define HAVE_STDINT_H 1
| #define HAVE_STRINGS_H 1
| #define HAVE_SYS_STAT_H 1
| #define HAVE_SYS_TYPES_H 1
| #define HAVE_UNISTD_H 1
| #define HAVE_SYS_TIME_H 1
| #define STDC_HEADERS 1
| #define SIZEOF_SHORT 2
| #define SIZEOF_INT 4
| #define SIZEOF_LONG 8
| #define SIZEOF_VOID_P 8
| #define SIZEOF_LONG_LONG 8
| #define EI_HIDE_REAL_ERRNO 1
| #define HAVE_UNALIGNED_WORD_ACCESS 1
| #define HAVE_SYS_WAIT_H 1
| #define HAVE_ARPA_INET_H 1
| #define HAVE_FCNTL_H 1
| #define HAVE_LIMITS_H 1
| #define HAVE_MALLOC_H 1
| #define HAVE_NETDB_H 1
| #define HAVE_NETINET_IN_H 1
| #define HAVE_STDDEF_H 1
| #define HAVE_STDLIB_H 1
| #define HAVE_STRING_H 1
| #define HAVE_SYS_PARAM_H 1
| #define HAVE_SYS_SOCKET_H 1
| #define HAVE_SYS_SELECT_H 1
| #define HAVE_SYS_TIME_H 1
| #define HAVE_UNISTD_H 1
| #define HAVE_SYS_TYPES_H 1
| #define HAVE_SYS_UIO_H 1
| #define HAVE_SOCKLEN_T /**/
| #define HAVE_ALLOCA_H 1
| #define HAVE_ALLOCA 1
| #define HAVE_DUP2 1
| #define HAVE_GETHOSTBYADDR 1
| #define HAVE_GETHOSTBYNAME 1
| #define HAVE_GETHOSTBYADDR_R 1
| #define HAVE_GETHOSTBYNAME_R 1
| #define HAVE_GETHOSTNAME 1
| #define HAVE_WRITEV 1
| /* end confdefs.h.  */
| /* Define gethrtime to an innocuous variant, in case <limits.h> declares gethrtime.
|    For example, HP-UX 11i <limits.h> declares gettimeofday.  */
| #define gethrtime innocuous_gethrtime
| 
| /* System header to define __stub macros and hopefully few prototypes,
|    which can conflict with char gethrtime (); below.  */
| 
| #include <limits.h>
| #undef gethrtime
| 
| /* Override any GCC internal prototype to avoid an error.
|    Use char because int might match the return type of a GCC
|    builtin and then its argument prototype would still apply.  */
| #ifdef __cplusplus
| extern "C"
| #endif
| char gethrtime ();
| /* The GNU C library defines this for functions which it implements
|     to always fail with ENOSYS.  Some functions are actually named
|     something starting with __ and the normal name is an alias.  */
| #if defined __stub_gethrtime || defined __stub___gethrtime
| choke me
| #endif
| 
| int
| main (void)
| {
| return gethrtime ();
|   ;
|   return 0;
| }
configure:5886: result: no
configure:5892: checking for gettimeofday
configure:5892: gcc -o conftest -g -O2 -DEI_64BIT   conftest.c  >&5
configure:5892: $? = 0
configure:5892: result: yes
configure:5898: checking for inet_ntoa
configure:5898: gcc -o conftest -g -O2 -DEI_64BIT   conftest.c  >&5
configure:5898: $? = 0
configure:5898: result: yes
configure:5904: checking for memchr
configure:5904: gcc -o conftest -g -O2 -DEI_64BIT   conftest.c  >&5
conftest.c:72:6: warning: conflicting types for built-in function 'memchr'; expected 'void *(const void *, int,  long unsigned int)' [-Wbuiltin-declaration-mismatch]
   72 | char memchr ();
      |      ^~~~~~
conftest.c:64:1: note: 'memchr' is declared in header '<string.h>'
   63 | #include <limits.h>
   64 | #undef memchr
configure:5904: $? = 0
configure:5904: result: yes
configure:5910: checking for memmove
configure:5910: gcc -o conftest -g -O2 -DEI_64BIT   conftest.c  >&5
conftest.c:73:6: warning: conflicting types for built-in function 'memmove'; expected 'void *(void *, const void *, long unsigned int)' [-Wbuiltin-declaration-mismatch]
   73 | char memmove ();
      |      ^~~~~~~
conftest.c:65:1: note: 'memmove' is declared in header '<string.h>'
   64 | #include <limits.h>
   65 | #undef memmove
configure:5910: $? = 0
configure:5910: result: yes
configure:5916: checking for memset
configure:5916: gcc -o conftest -g -O2 -DEI_64BIT   conftest.c  >&5
conftest.c:74:6: warning: conflicting types for built-in function 'memset'; expected 'void *(void *, int,  long unsigned int)' [-Wbuiltin-declaration-mismatch]
   74 | char memset ();
      |      ^~~~~~
conftest.c:66:1: note: 'memset' is declared in header '<string.h>'
   65 | #include <limits.h>
   66 | #undef memset
configure:5916: $? = 0
configure:5916: result: yes
configure:5922: checking for select
configure:5922: gcc -o conftest -g -O2 -DEI_64BIT   conftest.c  >&5
configure:5922: $? = 0
configure:5922: result: yes
configure:5928: checking for socket
configure:5928: gcc -o conftest -g -O2 -DEI_64BIT   conftest.c  >&5
configure:5928: $? = 0
configure:5928: result: yes
configure:5934: checking for strchr
configure:5934: gcc -o conftest -g -O2 -DEI_64BIT   conftest.c  >&5
conftest.c:77:6: warning: conflicting types for built-in function 'strchr'; expected 'char *(const char *, int)' [-Wbuiltin-declaration-mismatch]
   77 | char strchr ();
      |      ^~~~~~
conftest.c:69:1: note: 'strchr' is declared in header '<string.h>'
   68 | #include <limits.h>
   69 | #undef strchr
configure:5934: $? = 0
configure:5934: result: yes
configure:5940: checking for strerror
configure:5940: gcc -o conftest -g -O2 -DEI_64BIT   conftest.c  >&5
configure:5940: $? = 0
configure:5940: result: yes
configure:5946: checking for strrchr
configure:5946: gcc -o conftest -g -O2 -DEI_64BIT   conftest.c  >&5
conftest.c:79:6: warning: conflicting types for built-in function 'strrchr'; expected 'char *(const char *, int)' [-Wbuiltin-declaration-mismatch]
   79 | char strrchr ();
      |      ^~~~~~~
conftest.c:71:1: note: 'strrchr' is declared in header '<string.h>'
   70 | #include <limits.h>
   71 | #undef strrchr
configure:5946: $? = 0
configure:5946: result: yes
configure:5952: checking for strstr
configure:5952: gcc -o conftest -g -O2 -DEI_64BIT   conftest.c  >&5
conftest.c:80:6: warning: conflicting types for built-in function 'strstr'; expected 'char *(const char *, const char *)' [-Wbuiltin-declaration-mismatch]
   80 | char strstr ();
      |      ^~~~~~
conftest.c:72:1: note: 'strstr' is declared in header '<string.h>'
   71 | #include <limits.h>
   72 | #undef strstr
configure:5952: $? = 0
configure:5952: result: yes
configure:5958: checking for uname
configure:5958: gcc -o conftest -g -O2 -DEI_64BIT   conftest.c  >&5
configure:5958: $? = 0
configure:5958: result: yes
configure:5964: checking for sysconf
configure:5964: gcc -o conftest -g -O2 -DEI_64BIT   conftest.c  >&5
configure:5964: $? = 0
configure:5964: result: yes
configure:5971: checking for res_gethostbyname
configure:5971: gcc -o conftest -g -O2 -DEI_64BIT   conftest.c  >&5
/usr/bin/ld: /tmp/ccMkgAdC.o: in function `main':
/home/narjes/document/epitech/timemanager/timemanagerback/otp_src_26.0/lib/erl_interface/conftest.c:94: undefined reference to `res_gethostbyname'
collect2: error: ld returned 1 exit status
configure:5971: $? = 1
configure: failed program was:
| /* confdefs.h */
| #define PACKAGE_NAME ""
| #define PACKAGE_TARNAME ""
| #define PACKAGE_VERSION ""
| #define PACKAGE_STRING ""
| #define PACKAGE_BUGREPORT ""
| #define PACKAGE_URL ""
| #define HAVE_STDIO_H 1
| #define HAVE_STDLIB_H 1
| #define HAVE_STRING_H 1
| #define HAVE_INTTYPES_H 1
| #define HAVE_STDINT_H 1
| #define HAVE_STRINGS_H 1
| #define HAVE_SYS_STAT_H 1
| #define HAVE_SYS_TYPES_H 1
| #define HAVE_UNISTD_H 1
| #define HAVE_SYS_TIME_H 1
| #define STDC_HEADERS 1
| #define SIZEOF_SHORT 2
| #define SIZEOF_INT 4
| #define SIZEOF_LONG 8
| #define SIZEOF_VOID_P 8
| #define SIZEOF_LONG_LONG 8
| #define EI_HIDE_REAL_ERRNO 1
| #define HAVE_UNALIGNED_WORD_ACCESS 1
| #define HAVE_SYS_WAIT_H 1
| #define HAVE_ARPA_INET_H 1
| #define HAVE_FCNTL_H 1
| #define HAVE_LIMITS_H 1
| #define HAVE_MALLOC_H 1
| #define HAVE_NETDB_H 1
| #define HAVE_NETINET_IN_H 1
| #define HAVE_STDDEF_H 1
| #define HAVE_STDLIB_H 1
| #define HAVE_STRING_H 1
| #define HAVE_SYS_PARAM_H 1
| #define HAVE_SYS_SOCKET_H 1
| #define HAVE_SYS_SELECT_H 1
| #define HAVE_SYS_TIME_H 1
| #define HAVE_UNISTD_H 1
| #define HAVE_SYS_TYPES_H 1
| #define HAVE_SYS_UIO_H 1
| #define HAVE_SOCKLEN_T /**/
| #define HAVE_ALLOCA_H 1
| #define HAVE_ALLOCA 1
| #define HAVE_DUP2 1
| #define HAVE_GETHOSTBYADDR 1
| #define HAVE_GETHOSTBYNAME 1
| #define HAVE_GETHOSTBYADDR_R 1
| #define HAVE_GETHOSTBYNAME_R 1
| #define HAVE_GETHOSTNAME 1
| #define HAVE_WRITEV 1
| #define HAVE_GETTIMEOFDAY 1
| #define HAVE_INET_NTOA 1
| #define HAVE_MEMCHR 1
| #define HAVE_MEMMOVE 1
| #define HAVE_MEMSET 1
| #define HAVE_SELECT 1
| #define HAVE_SOCKET 1
| #define HAVE_STRCHR 1
| #define HAVE_STRERROR 1
| #define HAVE_STRRCHR 1
| #define HAVE_STRSTR 1
| #define HAVE_UNAME 1
| #define HAVE_SYSCONF 1
| /* end confdefs.h.  */
| /* Define res_gethostbyname to an innocuous variant, in case <limits.h> declares res_gethostbyname.
|    For example, HP-UX 11i <limits.h> declares gettimeofday.  */
| #define res_gethostbyname innocuous_res_gethostbyname
| 
| /* System header to define __stub macros and hopefully few prototypes,
|    which can conflict with char res_gethostbyname (); below.  */
| 
| #include <limits.h>
| #undef res_gethostbyname
| 
| /* Override any GCC internal prototype to avoid an error.
|    Use char because int might match the return type of a GCC
|    builtin and then its argument prototype would still apply.  */
| #ifdef __cplusplus
| extern "C"
| #endif
| char res_gethostbyname ();
| /* The GNU C library defines this for functions which it implements
|     to always fail with ENOSYS.  Some functions are actually named
|     something starting with __ and the normal name is an alias.  */
| #if defined __stub_res_gethostbyname || defined __stub___res_gethostbyname
| choke me
| #endif
| 
| int
| main (void)
| {
| return res_gethostbyname ();
|   ;
|   return 0;
| }
configure:5971: result: no
configure:5976: checking for res_gethostbyname in -lresolv
configure:5999: gcc -o conftest -g -O2 -DEI_64BIT   conftest.c -lresolv   >&5
/usr/bin/ld: /tmp/ccEQKBr8.o: in function `main':
/home/narjes/document/epitech/timemanager/timemanagerback/otp_src_26.0/lib/erl_interface/conftest.c:75: undefined reference to `res_gethostbyname'
collect2: error: ld returned 1 exit status
configure:5999: $? = 1
configure: failed program was:
| /* confdefs.h */
| #define PACKAGE_NAME ""
| #define PACKAGE_TARNAME ""
| #define PACKAGE_VERSION ""
| #define PACKAGE_STRING ""
| #define PACKAGE_BUGREPORT ""
| #define PACKAGE_URL ""
| #define HAVE_STDIO_H 1
| #define HAVE_STDLIB_H 1
| #define HAVE_STRING_H 1
| #define HAVE_INTTYPES_H 1
| #define HAVE_STDINT_H 1
| #define HAVE_STRINGS_H 1
| #define HAVE_SYS_STAT_H 1
| #define HAVE_SYS_TYPES_H 1
| #define HAVE_UNISTD_H 1
| #define HAVE_SYS_TIME_H 1
| #define STDC_HEADERS 1
| #define SIZEOF_SHORT 2
| #define SIZEOF_INT 4
| #define SIZEOF_LONG 8
| #define SIZEOF_VOID_P 8
| #define SIZEOF_LONG_LONG 8
| #define EI_HIDE_REAL_ERRNO 1
| #define HAVE_UNALIGNED_WORD_ACCESS 1
| #define HAVE_SYS_WAIT_H 1
| #define HAVE_ARPA_INET_H 1
| #define HAVE_FCNTL_H 1
| #define HAVE_LIMITS_H 1
| #define HAVE_MALLOC_H 1
| #define HAVE_NETDB_H 1
| #define HAVE_NETINET_IN_H 1
| #define HAVE_STDDEF_H 1
| #define HAVE_STDLIB_H 1
| #define HAVE_STRING_H 1
| #define HAVE_SYS_PARAM_H 1
| #define HAVE_SYS_SOCKET_H 1
| #define HAVE_SYS_SELECT_H 1
| #define HAVE_SYS_TIME_H 1
| #define HAVE_UNISTD_H 1
| #define HAVE_SYS_TYPES_H 1
| #define HAVE_SYS_UIO_H 1
| #define HAVE_SOCKLEN_T /**/
| #define HAVE_ALLOCA_H 1
| #define HAVE_ALLOCA 1
| #define HAVE_DUP2 1
| #define HAVE_GETHOSTBYADDR 1
| #define HAVE_GETHOSTBYNAME 1
| #define HAVE_GETHOSTBYADDR_R 1
| #define HAVE_GETHOSTBYNAME_R 1
| #define HAVE_GETHOSTNAME 1
| #define HAVE_WRITEV 1
| #define HAVE_GETTIMEOFDAY 1
| #define HAVE_INET_NTOA 1
| #define HAVE_MEMCHR 1
| #define HAVE_MEMMOVE 1
| #define HAVE_MEMSET 1
| #define HAVE_SELECT 1
| #define HAVE_SOCKET 1
| #define HAVE_STRCHR 1
| #define HAVE_STRERROR 1
| #define HAVE_STRRCHR 1
| #define HAVE_STRSTR 1
| #define HAVE_UNAME 1
| #define HAVE_SYSCONF 1
| /* end confdefs.h.  */
| 
| /* Override any GCC internal prototype to avoid an error.
|    Use char because int might match the return type of a GCC
|    builtin and then its argument prototype would still apply.  */
| char res_gethostbyname ();
| int
| main (void)
| {
| return res_gethostbyname ();
|   ;
|   return 0;
| }
configure:6009: result: no
configure:6022: checking for clock_gettime
configure:6022: gcc -o conftest -g -O2 -DEI_64BIT   conftest.c  >&5
configure:6022: $? = 0
configure:6022: result: yes
configure:6229: checking for mixed mingw-gcc and native VC++ environment
configure:6259: result: no
configure:6266: checking for mixed cygwin and native MinGW environment
configure:6281: result: no
configure:6306: checking if we mix cygwin with any native compiler
configure:6312: result: no
configure:6316: checking if we mix msys with another native compiler
configure:6322: result: no
configure:6326: checking if we mix WSL with another native compiler
configure:6332: result: no
configure:6353: checking for native win32 threads
configure:6367: result: no
configure:6375: checking for pthread_create in -lpthread
configure:6398: gcc -o conftest -g -O2 -DEI_64BIT   conftest.c -lpthread   >&5
configure:6398: $? = 0
configure:6408: result: yes
configure:6533: checking for getconf
configure:6554: found /usr/bin/getconf
configure:6566: result: getconf
configure:6741: checking for Native POSIX Thread Library
configure:6758: result: yes
configure:6770: checking for nptl/pthread.h
configure:6770: gcc -c -g -O2 -DEI_64BIT  conftest.c >&5
conftest.c:95:10: fatal error: nptl/pthread.h: No such file or directory
   95 | #include <nptl/pthread.h>
      |          ^~~~~~~~~~~~~~~~
compilation terminated.
configure:6770: $? = 1
configure: failed program was:
| /* confdefs.h */
| #define PACKAGE_NAME ""
| #define PACKAGE_TARNAME ""
| #define PACKAGE_VERSION ""
| #define PACKAGE_STRING ""
| #define PACKAGE_BUGREPORT ""
| #define PACKAGE_URL ""
| #define HAVE_STDIO_H 1
| #define HAVE_STDLIB_H 1
| #define HAVE_STRING_H 1
| #define HAVE_INTTYPES_H 1
| #define HAVE_STDINT_H 1
| #define HAVE_STRINGS_H 1
| #define HAVE_SYS_STAT_H 1
| #define HAVE_SYS_TYPES_H 1
| #define HAVE_UNISTD_H 1
| #define HAVE_SYS_TIME_H 1
| #define STDC_HEADERS 1
| #define SIZEOF_SHORT 2
| #define SIZEOF_INT 4
| #define SIZEOF_LONG 8
| #define SIZEOF_VOID_P 8
| #define SIZEOF_LONG_LONG 8
| #define EI_HIDE_REAL_ERRNO 1
| #define HAVE_UNALIGNED_WORD_ACCESS 1
| #define HAVE_SYS_WAIT_H 1
| #define HAVE_ARPA_INET_H 1
| #define HAVE_FCNTL_H 1
| #define HAVE_LIMITS_H 1
| #define HAVE_MALLOC_H 1
| #define HAVE_NETDB_H 1
| #define HAVE_NETINET_IN_H 1
| #define HAVE_STDDEF_H 1
| #define HAVE_STDLIB_H 1
| #define HAVE_STRING_H 1
| #define HAVE_SYS_PARAM_H 1
| #define HAVE_SYS_SOCKET_H 1
| #define HAVE_SYS_SELECT_H 1
| #define HAVE_SYS_TIME_H 1
| #define HAVE_UNISTD_H 1
| #define HAVE_SYS_TYPES_H 1
| #define HAVE_SYS_UIO_H 1
| #define HAVE_SOCKLEN_T /**/
| #define HAVE_ALLOCA_H 1
| #define HAVE_ALLOCA 1
| #define HAVE_DUP2 1
| #define HAVE_GETHOSTBYADDR 1
| #define HAVE_GETHOSTBYNAME 1
| #define HAVE_GETHOSTBYADDR_R 1
| #define HAVE_GETHOSTBYNAME_R 1
| #define HAVE_GETHOSTNAME 1
| #define HAVE_WRITEV 1
| #define HAVE_GETTIMEOFDAY 1
| #define HAVE_INET_NTOA 1
| #define HAVE_MEMCHR 1
| #define HAVE_MEMMOVE 1
| #define HAVE_MEMSET 1
| #define HAVE_SELECT 1
| #define HAVE_SOCKET 1
| #define HAVE_STRCHR 1
| #define HAVE_STRERROR 1
| #define HAVE_STRRCHR 1
| #define HAVE_STRSTR 1
| #define HAVE_UNAME 1
| #define HAVE_SYSCONF 1
| /* end confdefs.h.  */
| #include <stddef.h>
| #ifdef HAVE_STDIO_H
| # include <stdio.h>
| #endif
| #ifdef HAVE_STDLIB_H
| # include <stdlib.h>
| #endif
| #ifdef HAVE_STRING_H
| # include <string.h>
| #endif
| #ifdef HAVE_INTTYPES_H
| # include <inttypes.h>
| #endif
| #ifdef HAVE_STDINT_H
| # include <stdint.h>
| #endif
| #ifdef HAVE_STRINGS_H
| # include <strings.h>
| #endif
| #ifdef HAVE_SYS_TYPES_H
| # include <sys/types.h>
| #endif
| #ifdef HAVE_SYS_STAT_H
| # include <sys/stat.h>
| #endif
| #ifdef HAVE_UNISTD_H
| # include <unistd.h>
| #endif
| #include <nptl/pthread.h>
configure:6770: result: no
configure:6828: checking for pthread.h
configure:6828: gcc -c -g -O2 -DEI_64BIT   -D_THREAD_SAFE -D_REENTRANT -DPOSIX_THREADS -D_POSIX_THREAD_SAFE_FUNCTIONS conftest.c >&5
configure:6828: $? = 0
configure:6828: result: yes
configure:6837: checking for pthread/mit/pthread.h
configure:6837: gcc -c -g -O2 -DEI_64BIT   -D_THREAD_SAFE -D_REENTRANT -DPOSIX_THREADS -D_POSIX_THREAD_SAFE_FUNCTIONS conftest.c >&5
conftest.c:96:10: fatal error: pthread/mit/pthread.h: No such file or directory
   96 | #include <pthread/mit/pthread.h>
      |          ^~~~~~~~~~~~~~~~~~~~~~~
compilation terminated.
configure:6837: $? = 1
configure: failed program was:
| /* confdefs.h */
| #define PACKAGE_NAME ""
| #define PACKAGE_TARNAME ""
| #define PACKAGE_VERSION ""
| #define PACKAGE_STRING ""
| #define PACKAGE_BUGREPORT ""
| #define PACKAGE_URL ""
| #define HAVE_STDIO_H 1
| #define HAVE_STDLIB_H 1
| #define HAVE_STRING_H 1
| #define HAVE_INTTYPES_H 1
| #define HAVE_STDINT_H 1
| #define HAVE_STRINGS_H 1
| #define HAVE_SYS_STAT_H 1
| #define HAVE_SYS_TYPES_H 1
| #define HAVE_UNISTD_H 1
| #define HAVE_SYS_TIME_H 1
| #define STDC_HEADERS 1
| #define SIZEOF_SHORT 2
| #define SIZEOF_INT 4
| #define SIZEOF_LONG 8
| #define SIZEOF_VOID_P 8
| #define SIZEOF_LONG_LONG 8
| #define EI_HIDE_REAL_ERRNO 1
| #define HAVE_UNALIGNED_WORD_ACCESS 1
| #define HAVE_SYS_WAIT_H 1
| #define HAVE_ARPA_INET_H 1
| #define HAVE_FCNTL_H 1
| #define HAVE_LIMITS_H 1
| #define HAVE_MALLOC_H 1
| #define HAVE_NETDB_H 1
| #define HAVE_NETINET_IN_H 1
| #define HAVE_STDDEF_H 1
| #define HAVE_STDLIB_H 1
| #define HAVE_STRING_H 1
| #define HAVE_SYS_PARAM_H 1
| #define HAVE_SYS_SOCKET_H 1
| #define HAVE_SYS_SELECT_H 1
| #define HAVE_SYS_TIME_H 1
| #define HAVE_UNISTD_H 1
| #define HAVE_SYS_TYPES_H 1
| #define HAVE_SYS_UIO_H 1
| #define HAVE_SOCKLEN_T /**/
| #define HAVE_ALLOCA_H 1
| #define HAVE_ALLOCA 1
| #define HAVE_DUP2 1
| #define HAVE_GETHOSTBYADDR 1
| #define HAVE_GETHOSTBYNAME 1
| #define HAVE_GETHOSTBYADDR_R 1
| #define HAVE_GETHOSTBYNAME_R 1
| #define HAVE_GETHOSTNAME 1
| #define HAVE_WRITEV 1
| #define HAVE_GETTIMEOFDAY 1
| #define HAVE_INET_NTOA 1
| #define HAVE_MEMCHR 1
| #define HAVE_MEMMOVE 1
| #define HAVE_MEMSET 1
| #define HAVE_SELECT 1
| #define HAVE_SOCKET 1
| #define HAVE_STRCHR 1
| #define HAVE_STRERROR 1
| #define HAVE_STRRCHR 1
| #define HAVE_STRSTR 1
| #define HAVE_UNAME 1
| #define HAVE_SYSCONF 1
| #define HAVE_PTHREAD_H 1
| /* end confdefs.h.  */
| #include <stddef.h>
| #ifdef HAVE_STDIO_H
| # include <stdio.h>
| #endif
| #ifdef HAVE_STDLIB_H
| # include <stdlib.h>
| #endif
| #ifdef HAVE_STRING_H
| # include <string.h>
| #endif
| #ifdef HAVE_INTTYPES_H
| # include <inttypes.h>
| #endif
| #ifdef HAVE_STDINT_H
| # include <stdint.h>
| #endif
| #ifdef HAVE_STRINGS_H
| # include <strings.h>
| #endif
| #ifdef HAVE_SYS_TYPES_H
| # include <sys/types.h>
| #endif
| #ifdef HAVE_SYS_STAT_H
| # include <sys/stat.h>
| #endif
| #ifdef HAVE_UNISTD_H
| # include <unistd.h>
| #endif
| #include <pthread/mit/pthread.h>
configure:6837: result: no
configure:6860: checking size of short
configure:6881: result: 2
configure:6893: checking size of int
configure:6914: result: 4
configure:6926: checking size of long
configure:6947: result: 8
configure:6959: checking size of long long
configure:6980: result: 8
configure:6992: checking size of __int128_t
configure:6998: gcc -o conftest -g -O2 -DEI_64BIT   conftest.c  >&5
configure:6998: $? = 0
configure:6998: ./conftest
configure:6998: $? = 0
configure:7013: result: 16
configure:7047: checking for a working __sync_synchronize()
configure:7066: gcc -o conftest -g -O2 -DEI_64BIT   conftest.c  >&5
configure:7066: $? = 0
configure:7115: result: yes
configure:7163: checking for 32-bit __sync_add_and_fetch()
configure:7182: gcc -o conftest -g -O2 -DEI_64BIT   conftest.c  >&5
configure:7182: $? = 0
configure:7190: result: yes
configure:7192: checking for 64-bit __sync_add_and_fetch()
configure:7211: gcc -o conftest -g -O2 -DEI_64BIT   conftest.c  >&5
configure:7211: $? = 0
configure:7219: result: yes
configure:7221: checking for 128-bit __sync_add_and_fetch()
configure:7240: gcc -o conftest -g -O2 -DEI_64BIT   conftest.c  >&5
/usr/bin/ld: /tmp/cco1SOM9.o: in function `main':
/home/narjes/document/epitech/timemanager/timemanagerback/otp_src_26.0/lib/erl_interface/conftest.c:78: undefined reference to `__sync_add_and_fetch_16'
collect2: error: ld returned 1 exit status
configure:7240: $? = 1
configure: failed program was:
| /* confdefs.h */
| #define PACKAGE_NAME ""
| #define PACKAGE_TARNAME ""
| #define PACKAGE_VERSION ""
| #define PACKAGE_STRING ""
| #define PACKAGE_BUGREPORT ""
| #define PACKAGE_URL ""
| #define HAVE_STDIO_H 1
| #define HAVE_STDLIB_H 1
| #define HAVE_STRING_H 1
| #define HAVE_INTTYPES_H 1
| #define HAVE_STDINT_H 1
| #define HAVE_STRINGS_H 1
| #define HAVE_SYS_STAT_H 1
| #define HAVE_SYS_TYPES_H 1
| #define HAVE_UNISTD_H 1
| #define HAVE_SYS_TIME_H 1
| #define STDC_HEADERS 1
| #define SIZEOF_SHORT 2
| #define SIZEOF_INT 4
| #define SIZEOF_LONG 8
| #define SIZEOF_VOID_P 8
| #define SIZEOF_LONG_LONG 8
| #define EI_HIDE_REAL_ERRNO 1
| #define HAVE_UNALIGNED_WORD_ACCESS 1
| #define HAVE_SYS_WAIT_H 1
| #define HAVE_ARPA_INET_H 1
| #define HAVE_FCNTL_H 1
| #define HAVE_LIMITS_H 1
| #define HAVE_MALLOC_H 1
| #define HAVE_NETDB_H 1
| #define HAVE_NETINET_IN_H 1
| #define HAVE_STDDEF_H 1
| #define HAVE_STDLIB_H 1
| #define HAVE_STRING_H 1
| #define HAVE_SYS_PARAM_H 1
| #define HAVE_SYS_SOCKET_H 1
| #define HAVE_SYS_SELECT_H 1
| #define HAVE_SYS_TIME_H 1
| #define HAVE_UNISTD_H 1
| #define HAVE_SYS_TYPES_H 1
| #define HAVE_SYS_UIO_H 1
| #define HAVE_SOCKLEN_T /**/
| #define HAVE_ALLOCA_H 1
| #define HAVE_ALLOCA 1
| #define HAVE_DUP2 1
| #define HAVE_GETHOSTBYADDR 1
| #define HAVE_GETHOSTBYNAME 1
| #define HAVE_GETHOSTBYADDR_R 1
| #define HAVE_GETHOSTBYNAME_R 1
| #define HAVE_GETHOSTNAME 1
| #define HAVE_WRITEV 1
| #define HAVE_GETTIMEOFDAY 1
| #define HAVE_INET_NTOA 1
| #define HAVE_MEMCHR 1
| #define HAVE_MEMMOVE 1
| #define HAVE_MEMSET 1
| #define HAVE_SELECT 1
| #define HAVE_SOCKET 1
| #define HAVE_STRCHR 1
| #define HAVE_STRERROR 1
| #define HAVE_STRRCHR 1
| #define HAVE_STRSTR 1
| #define HAVE_UNAME 1
| #define HAVE_SYSCONF 1
| #define HAVE_PTHREAD_H 1
| #define SIZEOF_SHORT 2
| #define SIZEOF_INT 4
| #define SIZEOF_LONG 8
| #define SIZEOF_LONG_LONG 8
| #define SIZEOF___INT128_T 16
| #define ETHR_HAVE___sync_synchronize ~0
| /* end confdefs.h.  */
| 
| int
| main (void)
| {
| volatile __int128_t var; __int128_t res = __sync_add_and_fetch(&var, (__int128_t) 0);
|   ;
|   return 0;
| }
configure:7248: result: no
configure:7309: checking for 32-bit __sync_fetch_and_and()
configure:7328: gcc -o conftest -g -O2 -DEI_64BIT   conftest.c  >&5
configure:7328: $? = 0
configure:7336: result: yes
configure:7338: checking for 64-bit __sync_fetch_and_and()
configure:7357: gcc -o conftest -g -O2 -DEI_64BIT   conftest.c  >&5
configure:7357: $? = 0
configure:7365: result: yes
configure:7367: checking for 128-bit __sync_fetch_and_and()
configure:7386: gcc -o conftest -g -O2 -DEI_64BIT   conftest.c  >&5
/usr/bin/ld: /tmp/cct0cJM3.o: in function `main':
/home/narjes/document/epitech/timemanager/timemanagerback/otp_src_26.0/lib/erl_interface/conftest.c:79: undefined reference to `__sync_fetch_and_and_16'
collect2: error: ld returned 1 exit status
configure:7386: $? = 1
configure: failed program was:
| /* confdefs.h */
| #define PACKAGE_NAME ""
| #define PACKAGE_TARNAME ""
| #define PACKAGE_VERSION ""
| #define PACKAGE_STRING ""
| #define PACKAGE_BUGREPORT ""
| #define PACKAGE_URL ""
| #define HAVE_STDIO_H 1
| #define HAVE_STDLIB_H 1
| #define HAVE_STRING_H 1
| #define HAVE_INTTYPES_H 1
| #define HAVE_STDINT_H 1
| #define HAVE_STRINGS_H 1
| #define HAVE_SYS_STAT_H 1
| #define HAVE_SYS_TYPES_H 1
| #define HAVE_UNISTD_H 1
| #define HAVE_SYS_TIME_H 1
| #define STDC_HEADERS 1
| #define SIZEOF_SHORT 2
| #define SIZEOF_INT 4
| #define SIZEOF_LONG 8
| #define SIZEOF_VOID_P 8
| #define SIZEOF_LONG_LONG 8
| #define EI_HIDE_REAL_ERRNO 1
| #define HAVE_UNALIGNED_WORD_ACCESS 1
| #define HAVE_SYS_WAIT_H 1
| #define HAVE_ARPA_INET_H 1
| #define HAVE_FCNTL_H 1
| #define HAVE_LIMITS_H 1
| #define HAVE_MALLOC_H 1
| #define HAVE_NETDB_H 1
| #define HAVE_NETINET_IN_H 1
| #define HAVE_STDDEF_H 1
| #define HAVE_STDLIB_H 1
| #define HAVE_STRING_H 1
| #define HAVE_SYS_PARAM_H 1
| #define HAVE_SYS_SOCKET_H 1
| #define HAVE_SYS_SELECT_H 1
| #define HAVE_SYS_TIME_H 1
| #define HAVE_UNISTD_H 1
| #define HAVE_SYS_TYPES_H 1
| #define HAVE_SYS_UIO_H 1
| #define HAVE_SOCKLEN_T /**/
| #define HAVE_ALLOCA_H 1
| #define HAVE_ALLOCA 1
| #define HAVE_DUP2 1
| #define HAVE_GETHOSTBYADDR 1
| #define HAVE_GETHOSTBYNAME 1
| #define HAVE_GETHOSTBYADDR_R 1
| #define HAVE_GETHOSTBYNAME_R 1
| #define HAVE_GETHOSTNAME 1
| #define HAVE_WRITEV 1
| #define HAVE_GETTIMEOFDAY 1
| #define HAVE_INET_NTOA 1
| #define HAVE_MEMCHR 1
| #define HAVE_MEMMOVE 1
| #define HAVE_MEMSET 1
| #define HAVE_SELECT 1
| #define HAVE_SOCKET 1
| #define HAVE_STRCHR 1
| #define HAVE_STRERROR 1
| #define HAVE_STRRCHR 1
| #define HAVE_STRSTR 1
| #define HAVE_UNAME 1
| #define HAVE_SYSCONF 1
| #define HAVE_PTHREAD_H 1
| #define SIZEOF_SHORT 2
| #define SIZEOF_INT 4
| #define SIZEOF_LONG 8
| #define SIZEOF_LONG_LONG 8
| #define SIZEOF___INT128_T 16
| #define ETHR_HAVE___sync_synchronize ~0
| #define ETHR_HAVE___sync_add_and_fetch 12
| /* end confdefs.h.  */
| 
| int
| main (void)
| {
| volatile __int128_t var; __int128_t res = __sync_fetch_and_and(&var, (__int128_t) 0);
|   ;
|   return 0;
| }
configure:7394: result: no
configure:7455: checking for 32-bit __sync_fetch_and_or()
configure:7474: gcc -o conftest -g -O2 -DEI_64BIT   conftest.c  >&5
configure:7474: $? = 0
configure:7482: result: yes
configure:7484: checking for 64-bit __sync_fetch_and_or()
configure:7503: gcc -o conftest -g -O2 -DEI_64BIT   conftest.c  >&5
configure:7503: $? = 0
configure:7511: result: yes
configure:7513: checking for 128-bit __sync_fetch_and_or()
configure:7532: gcc -o conftest -g -O2 -DEI_64BIT   conftest.c  >&5
/usr/bin/ld: /tmp/ccgYD8z6.o: in function `main':
/home/narjes/document/epitech/timemanager/timemanagerback/otp_src_26.0/lib/erl_interface/conftest.c:80: undefined reference to `__sync_fetch_and_or_16'
collect2: error: ld returned 1 exit status
configure:7532: $? = 1
configure: failed program was:
| /* confdefs.h */
| #define PACKAGE_NAME ""
| #define PACKAGE_TARNAME ""
| #define PACKAGE_VERSION ""
| #define PACKAGE_STRING ""
| #define PACKAGE_BUGREPORT ""
| #define PACKAGE_URL ""
| #define HAVE_STDIO_H 1
| #define HAVE_STDLIB_H 1
| #define HAVE_STRING_H 1
| #define HAVE_INTTYPES_H 1
| #define HAVE_STDINT_H 1
| #define HAVE_STRINGS_H 1
| #define HAVE_SYS_STAT_H 1
| #define HAVE_SYS_TYPES_H 1
| #define HAVE_UNISTD_H 1
| #define HAVE_SYS_TIME_H 1
| #define STDC_HEADERS 1
| #define SIZEOF_SHORT 2
| #define SIZEOF_INT 4
| #define SIZEOF_LONG 8
| #define SIZEOF_VOID_P 8
| #define SIZEOF_LONG_LONG 8
| #define EI_HIDE_REAL_ERRNO 1
| #define HAVE_UNALIGNED_WORD_ACCESS 1
| #define HAVE_SYS_WAIT_H 1
| #define HAVE_ARPA_INET_H 1
| #define HAVE_FCNTL_H 1
| #define HAVE_LIMITS_H 1
| #define HAVE_MALLOC_H 1
| #define HAVE_NETDB_H 1
| #define HAVE_NETINET_IN_H 1
| #define HAVE_STDDEF_H 1
| #define HAVE_STDLIB_H 1
| #define HAVE_STRING_H 1
| #define HAVE_SYS_PARAM_H 1
| #define HAVE_SYS_SOCKET_H 1
| #define HAVE_SYS_SELECT_H 1
| #define HAVE_SYS_TIME_H 1
| #define HAVE_UNISTD_H 1
| #define HAVE_SYS_TYPES_H 1
| #define HAVE_SYS_UIO_H 1
| #define HAVE_SOCKLEN_T /**/
| #define HAVE_ALLOCA_H 1
| #define HAVE_ALLOCA 1
| #define HAVE_DUP2 1
| #define HAVE_GETHOSTBYADDR 1
| #define HAVE_GETHOSTBYNAME 1
| #define HAVE_GETHOSTBYADDR_R 1
| #define HAVE_GETHOSTBYNAME_R 1
| #define HAVE_GETHOSTNAME 1
| #define HAVE_WRITEV 1
| #define HAVE_GETTIMEOFDAY 1
| #define HAVE_INET_NTOA 1
| #define HAVE_MEMCHR 1
| #define HAVE_MEMMOVE 1
| #define HAVE_MEMSET 1
| #define HAVE_SELECT 1
| #define HAVE_SOCKET 1
| #define HAVE_STRCHR 1
| #define HAVE_STRERROR 1
| #define HAVE_STRRCHR 1
| #define HAVE_STRSTR 1
| #define HAVE_UNAME 1
| #define HAVE_SYSCONF 1
| #define HAVE_PTHREAD_H 1
| #define SIZEOF_SHORT 2
| #define SIZEOF_INT 4
| #define SIZEOF_LONG 8
| #define SIZEOF_LONG_LONG 8
| #define SIZEOF___INT128_T 16
| #define ETHR_HAVE___sync_synchronize ~0
| #define ETHR_HAVE___sync_add_and_fetch 12
| #define ETHR_HAVE___sync_fetch_and_and 12
| /* end confdefs.h.  */
| 
| int
| main (void)
| {
| volatile __int128_t var; __int128_t res = __sync_fetch_and_or(&var, (__int128_t) 0);
|   ;
|   return 0;
| }
configure:7540: result: no
configure:7601: checking for 32-bit __sync_val_compare_and_swap()
configure:7620: gcc -o conftest -g -O2 -DEI_64BIT   conftest.c  >&5
configure:7620: $? = 0
configure:7628: result: yes
configure:7630: checking for 64-bit __sync_val_compare_and_swap()
configure:7649: gcc -o conftest -g -O2 -DEI_64BIT   conftest.c  >&5
configure:7649: $? = 0
configure:7657: result: yes
configure:7659: checking for 128-bit __sync_val_compare_and_swap()
configure:7678: gcc -o conftest -g -O2 -DEI_64BIT   conftest.c  >&5
/usr/bin/ld: /tmp/ccm4kLMX.o: in function `main':
/home/narjes/document/epitech/timemanager/timemanagerback/otp_src_26.0/lib/erl_interface/conftest.c:81: undefined reference to `__sync_val_compare_and_swap_16'
collect2: error: ld returned 1 exit status
configure:7678: $? = 1
configure: failed program was:
| /* confdefs.h */
| #define PACKAGE_NAME ""
| #define PACKAGE_TARNAME ""
| #define PACKAGE_VERSION ""
| #define PACKAGE_STRING ""
| #define PACKAGE_BUGREPORT ""
| #define PACKAGE_URL ""
| #define HAVE_STDIO_H 1
| #define HAVE_STDLIB_H 1
| #define HAVE_STRING_H 1
| #define HAVE_INTTYPES_H 1
| #define HAVE_STDINT_H 1
| #define HAVE_STRINGS_H 1
| #define HAVE_SYS_STAT_H 1
| #define HAVE_SYS_TYPES_H 1
| #define HAVE_UNISTD_H 1
| #define HAVE_SYS_TIME_H 1
| #define STDC_HEADERS 1
| #define SIZEOF_SHORT 2
| #define SIZEOF_INT 4
| #define SIZEOF_LONG 8
| #define SIZEOF_VOID_P 8
| #define SIZEOF_LONG_LONG 8
| #define EI_HIDE_REAL_ERRNO 1
| #define HAVE_UNALIGNED_WORD_ACCESS 1
| #define HAVE_SYS_WAIT_H 1
| #define HAVE_ARPA_INET_H 1
| #define HAVE_FCNTL_H 1
| #define HAVE_LIMITS_H 1
| #define HAVE_MALLOC_H 1
| #define HAVE_NETDB_H 1
| #define HAVE_NETINET_IN_H 1
| #define HAVE_STDDEF_H 1
| #define HAVE_STDLIB_H 1
| #define HAVE_STRING_H 1
| #define HAVE_SYS_PARAM_H 1
| #define HAVE_SYS_SOCKET_H 1
| #define HAVE_SYS_SELECT_H 1
| #define HAVE_SYS_TIME_H 1
| #define HAVE_UNISTD_H 1
| #define HAVE_SYS_TYPES_H 1
| #define HAVE_SYS_UIO_H 1
| #define HAVE_SOCKLEN_T /**/
| #define HAVE_ALLOCA_H 1
| #define HAVE_ALLOCA 1
| #define HAVE_DUP2 1
| #define HAVE_GETHOSTBYADDR 1
| #define HAVE_GETHOSTBYNAME 1
| #define HAVE_GETHOSTBYADDR_R 1
| #define HAVE_GETHOSTBYNAME_R 1
| #define HAVE_GETHOSTNAME 1
| #define HAVE_WRITEV 1
| #define HAVE_GETTIMEOFDAY 1
| #define HAVE_INET_NTOA 1
| #define HAVE_MEMCHR 1
| #define HAVE_MEMMOVE 1
| #define HAVE_MEMSET 1
| #define HAVE_SELECT 1
| #define HAVE_SOCKET 1
| #define HAVE_STRCHR 1
| #define HAVE_STRERROR 1
| #define HAVE_STRRCHR 1
| #define HAVE_STRSTR 1
| #define HAVE_UNAME 1
| #define HAVE_SYSCONF 1
| #define HAVE_PTHREAD_H 1
| #define SIZEOF_SHORT 2
| #define SIZEOF_INT 4
| #define SIZEOF_LONG 8
| #define SIZEOF_LONG_LONG 8
| #define SIZEOF___INT128_T 16
| #define ETHR_HAVE___sync_synchronize ~0
| #define ETHR_HAVE___sync_add_and_fetch 12
| #define ETHR_HAVE___sync_fetch_and_and 12
| #define ETHR_HAVE___sync_fetch_and_or 12
| /* end confdefs.h.  */
| 
| int
| main (void)
| {
| volatile __int128_t var; __int128_t res = __sync_val_compare_and_swap(&var, (__int128_t) 0, (__int128_t) 0);
|   ;
|   return 0;
| }
configure:7686: result: no
configure:7748: checking for 32-bit __atomic_store_n()
configure:7767: gcc -o conftest -g -O2 -DEI_64BIT   conftest.c  >&5
configure:7767: $? = 0
configure:7775: result: yes
configure:7777: checking for 64-bit __atomic_store_n()
configure:7796: gcc -o conftest -g -O2 -DEI_64BIT   conftest.c  >&5
configure:7796: $? = 0
configure:7804: result: yes
configure:7806: checking for 128-bit __atomic_store_n()
configure:7825: gcc -o conftest -g -O2 -DEI_64BIT   conftest.c  >&5
/usr/bin/ld: /tmp/cc108GlF.o: in function `main':
/home/narjes/document/epitech/timemanager/timemanagerback/otp_src_26.0/lib/erl_interface/conftest.c:82: undefined reference to `__atomic_store_16'
/usr/bin/ld: /home/narjes/document/epitech/timemanager/timemanagerback/otp_src_26.0/lib/erl_interface/conftest.c:82: undefined reference to `__atomic_store_16'
collect2: error: ld returned 1 exit status
configure:7825: $? = 1
configure: failed program was:
| /* confdefs.h */
| #define PACKAGE_NAME ""
| #define PACKAGE_TARNAME ""
| #define PACKAGE_VERSION ""
| #define PACKAGE_STRING ""
| #define PACKAGE_BUGREPORT ""
| #define PACKAGE_URL ""
| #define HAVE_STDIO_H 1
| #define HAVE_STDLIB_H 1
| #define HAVE_STRING_H 1
| #define HAVE_INTTYPES_H 1
| #define HAVE_STDINT_H 1
| #define HAVE_STRINGS_H 1
| #define HAVE_SYS_STAT_H 1
| #define HAVE_SYS_TYPES_H 1
| #define HAVE_UNISTD_H 1
| #define HAVE_SYS_TIME_H 1
| #define STDC_HEADERS 1
| #define SIZEOF_SHORT 2
| #define SIZEOF_INT 4
| #define SIZEOF_LONG 8
| #define SIZEOF_VOID_P 8
| #define SIZEOF_LONG_LONG 8
| #define EI_HIDE_REAL_ERRNO 1
| #define HAVE_UNALIGNED_WORD_ACCESS 1
| #define HAVE_SYS_WAIT_H 1
| #define HAVE_ARPA_INET_H 1
| #define HAVE_FCNTL_H 1
| #define HAVE_LIMITS_H 1
| #define HAVE_MALLOC_H 1
| #define HAVE_NETDB_H 1
| #define HAVE_NETINET_IN_H 1
| #define HAVE_STDDEF_H 1
| #define HAVE_STDLIB_H 1
| #define HAVE_STRING_H 1
| #define HAVE_SYS_PARAM_H 1
| #define HAVE_SYS_SOCKET_H 1
| #define HAVE_SYS_SELECT_H 1
| #define HAVE_SYS_TIME_H 1
| #define HAVE_UNISTD_H 1
| #define HAVE_SYS_TYPES_H 1
| #define HAVE_SYS_UIO_H 1
| #define HAVE_SOCKLEN_T /**/
| #define HAVE_ALLOCA_H 1
| #define HAVE_ALLOCA 1
| #define HAVE_DUP2 1
| #define HAVE_GETHOSTBYADDR 1
| #define HAVE_GETHOSTBYNAME 1
| #define HAVE_GETHOSTBYADDR_R 1
| #define HAVE_GETHOSTBYNAME_R 1
| #define HAVE_GETHOSTNAME 1
| #define HAVE_WRITEV 1
| #define HAVE_GETTIMEOFDAY 1
| #define HAVE_INET_NTOA 1
| #define HAVE_MEMCHR 1
| #define HAVE_MEMMOVE 1
| #define HAVE_MEMSET 1
| #define HAVE_SELECT 1
| #define HAVE_SOCKET 1
| #define HAVE_STRCHR 1
| #define HAVE_STRERROR 1
| #define HAVE_STRRCHR 1
| #define HAVE_STRSTR 1
| #define HAVE_UNAME 1
| #define HAVE_SYSCONF 1
| #define HAVE_PTHREAD_H 1
| #define SIZEOF_SHORT 2
| #define SIZEOF_INT 4
| #define SIZEOF_LONG 8
| #define SIZEOF_LONG_LONG 8
| #define SIZEOF___INT128_T 16
| #define ETHR_HAVE___sync_synchronize ~0
| #define ETHR_HAVE___sync_add_and_fetch 12
| #define ETHR_HAVE___sync_fetch_and_and 12
| #define ETHR_HAVE___sync_fetch_and_or 12
| #define ETHR_HAVE___sync_val_compare_and_swap 12
| /* end confdefs.h.  */
| 
| int
| main (void)
| {
| int x[(2*__atomic_always_lock_free(sizeof(__int128_t), 0))-1]; volatile __int128_t var; __atomic_store_n(&var, (__int128_t) 0, __ATOMIC_RELAXED); __atomic_store_n(&var, (__int128_t) 0, __ATOMIC_RELEASE);
|   ;
|   return 0;
| }
configure:7833: result: no
configure:7894: checking for 32-bit __atomic_load_n()
configure:7913: gcc -o conftest -g -O2 -DEI_64BIT   conftest.c  >&5
configure:7913: $? = 0
configure:7921: result: yes
configure:7923: checking for 64-bit __atomic_load_n()
configure:7942: gcc -o conftest -g -O2 -DEI_64BIT   conftest.c  >&5
configure:7942: $? = 0
configure:7950: result: yes
configure:7952: checking for 128-bit __atomic_load_n()
configure:7971: gcc -o conftest -g -O2 -DEI_64BIT   conftest.c  >&5
/usr/bin/ld: /tmp/ccsX2LqP.o: in function `main':
/home/narjes/document/epitech/timemanager/timemanagerback/otp_src_26.0/lib/erl_interface/conftest.c:83: undefined reference to `__atomic_load_16'
/usr/bin/ld: /home/narjes/document/epitech/timemanager/timemanagerback/otp_src_26.0/lib/erl_interface/conftest.c:83: undefined reference to `__atomic_load_16'
collect2: error: ld returned 1 exit status
configure:7971: $? = 1
configure: failed program was:
| /* confdefs.h */
| #define PACKAGE_NAME ""
| #define PACKAGE_TARNAME ""
| #define PACKAGE_VERSION ""
| #define PACKAGE_STRING ""
| #define PACKAGE_BUGREPORT ""
| #define PACKAGE_URL ""
| #define HAVE_STDIO_H 1
| #define HAVE_STDLIB_H 1
| #define HAVE_STRING_H 1
| #define HAVE_INTTYPES_H 1
| #define HAVE_STDINT_H 1
| #define HAVE_STRINGS_H 1
| #define HAVE_SYS_STAT_H 1
| #define HAVE_SYS_TYPES_H 1
| #define HAVE_UNISTD_H 1
| #define HAVE_SYS_TIME_H 1
| #define STDC_HEADERS 1
| #define SIZEOF_SHORT 2
| #define SIZEOF_INT 4
| #define SIZEOF_LONG 8
| #define SIZEOF_VOID_P 8
| #define SIZEOF_LONG_LONG 8
| #define EI_HIDE_REAL_ERRNO 1
| #define HAVE_UNALIGNED_WORD_ACCESS 1
| #define HAVE_SYS_WAIT_H 1
| #define HAVE_ARPA_INET_H 1
| #define HAVE_FCNTL_H 1
| #define HAVE_LIMITS_H 1
| #define HAVE_MALLOC_H 1
| #define HAVE_NETDB_H 1
| #define HAVE_NETINET_IN_H 1
| #define HAVE_STDDEF_H 1
| #define HAVE_STDLIB_H 1
| #define HAVE_STRING_H 1
| #define HAVE_SYS_PARAM_H 1
| #define HAVE_SYS_SOCKET_H 1
| #define HAVE_SYS_SELECT_H 1
| #define HAVE_SYS_TIME_H 1
| #define HAVE_UNISTD_H 1
| #define HAVE_SYS_TYPES_H 1
| #define HAVE_SYS_UIO_H 1
| #define HAVE_SOCKLEN_T /**/
| #define HAVE_ALLOCA_H 1
| #define HAVE_ALLOCA 1
| #define HAVE_DUP2 1
| #define HAVE_GETHOSTBYADDR 1
| #define HAVE_GETHOSTBYNAME 1
| #define HAVE_GETHOSTBYADDR_R 1
| #define HAVE_GETHOSTBYNAME_R 1
| #define HAVE_GETHOSTNAME 1
| #define HAVE_WRITEV 1
| #define HAVE_GETTIMEOFDAY 1
| #define HAVE_INET_NTOA 1
| #define HAVE_MEMCHR 1
| #define HAVE_MEMMOVE 1
| #define HAVE_MEMSET 1
| #define HAVE_SELECT 1
| #define HAVE_SOCKET 1
| #define HAVE_STRCHR 1
| #define HAVE_STRERROR 1
| #define HAVE_STRRCHR 1
| #define HAVE_STRSTR 1
| #define HAVE_UNAME 1
| #define HAVE_SYSCONF 1
| #define HAVE_PTHREAD_H 1
| #define SIZEOF_SHORT 2
| #define SIZEOF_INT 4
| #define SIZEOF_LONG 8
| #define SIZEOF_LONG_LONG 8
| #define SIZEOF___INT128_T 16
| #define ETHR_HAVE___sync_synchronize ~0
| #define ETHR_HAVE___sync_add_and_fetch 12
| #define ETHR_HAVE___sync_fetch_and_and 12
| #define ETHR_HAVE___sync_fetch_and_or 12
| #define ETHR_HAVE___sync_val_compare_and_swap 12
| #define ETHR_HAVE___atomic_store_n 12
| /* end confdefs.h.  */
| 
| int
| main (void)
| {
| int x[(2*__atomic_always_lock_free(sizeof(__int128_t), 0))-1]; volatile __int128_t var; __int128_t res = __atomic_load_n(&var, __ATOMIC_RELAXED); res = __atomic_load_n(&var, __ATOMIC_ACQUIRE);
|   ;
|   return 0;
| }
configure:7979: result: no
configure:8040: checking for 32-bit __atomic_add_fetch()
configure:8059: gcc -o conftest -g -O2 -DEI_64BIT   conftest.c  >&5
configure:8059: $? = 0
configure:8067: result: yes
configure:8069: checking for 64-bit __atomic_add_fetch()
configure:8088: gcc -o conftest -g -O2 -DEI_64BIT   conftest.c  >&5
configure:8088: $? = 0
configure:8096: result: yes
configure:8098: checking for 128-bit __atomic_add_fetch()
configure:8117: gcc -o conftest -g -O2 -DEI_64BIT   conftest.c  >&5
/usr/bin/ld: /tmp/ccPeh3h3.o: in function `main':
/home/narjes/document/epitech/timemanager/timemanagerback/otp_src_26.0/lib/erl_interface/conftest.c:84: undefined reference to `__atomic_fetch_add_16'
/usr/bin/ld: /home/narjes/document/epitech/timemanager/timemanagerback/otp_src_26.0/lib/erl_interface/conftest.c:84: undefined reference to `__atomic_fetch_add_16'
/usr/bin/ld: /home/narjes/document/epitech/timemanager/timemanagerback/otp_src_26.0/lib/erl_interface/conftest.c:84: undefined reference to `__atomic_fetch_add_16'
collect2: error: ld returned 1 exit status
configure:8117: $? = 1
configure: failed program was:
| /* confdefs.h */
| #define PACKAGE_NAME ""
| #define PACKAGE_TARNAME ""
| #define PACKAGE_VERSION ""
| #define PACKAGE_STRING ""
| #define PACKAGE_BUGREPORT ""
| #define PACKAGE_URL ""
| #define HAVE_STDIO_H 1
| #define HAVE_STDLIB_H 1
| #define HAVE_STRING_H 1
| #define HAVE_INTTYPES_H 1
| #define HAVE_STDINT_H 1
| #define HAVE_STRINGS_H 1
| #define HAVE_SYS_STAT_H 1
| #define HAVE_SYS_TYPES_H 1
| #define HAVE_UNISTD_H 1
| #define HAVE_SYS_TIME_H 1
| #define STDC_HEADERS 1
| #define SIZEOF_SHORT 2
| #define SIZEOF_INT 4
| #define SIZEOF_LONG 8
| #define SIZEOF_VOID_P 8
| #define SIZEOF_LONG_LONG 8
| #define EI_HIDE_REAL_ERRNO 1
| #define HAVE_UNALIGNED_WORD_ACCESS 1
| #define HAVE_SYS_WAIT_H 1
| #define HAVE_ARPA_INET_H 1
| #define HAVE_FCNTL_H 1
| #define HAVE_LIMITS_H 1
| #define HAVE_MALLOC_H 1
| #define HAVE_NETDB_H 1
| #define HAVE_NETINET_IN_H 1
| #define HAVE_STDDEF_H 1
| #define HAVE_STDLIB_H 1
| #define HAVE_STRING_H 1
| #define HAVE_SYS_PARAM_H 1
| #define HAVE_SYS_SOCKET_H 1
| #define HAVE_SYS_SELECT_H 1
| #define HAVE_SYS_TIME_H 1
| #define HAVE_UNISTD_H 1
| #define HAVE_SYS_TYPES_H 1
| #define HAVE_SYS_UIO_H 1
| #define HAVE_SOCKLEN_T /**/
| #define HAVE_ALLOCA_H 1
| #define HAVE_ALLOCA 1
| #define HAVE_DUP2 1
| #define HAVE_GETHOSTBYADDR 1
| #define HAVE_GETHOSTBYNAME 1
| #define HAVE_GETHOSTBYADDR_R 1
| #define HAVE_GETHOSTBYNAME_R 1
| #define HAVE_GETHOSTNAME 1
| #define HAVE_WRITEV 1
| #define HAVE_GETTIMEOFDAY 1
| #define HAVE_INET_NTOA 1
| #define HAVE_MEMCHR 1
| #define HAVE_MEMMOVE 1
| #define HAVE_MEMSET 1
| #define HAVE_SELECT 1
| #define HAVE_SOCKET 1
| #define HAVE_STRCHR 1
| #define HAVE_STRERROR 1
| #define HAVE_STRRCHR 1
| #define HAVE_STRSTR 1
| #define HAVE_UNAME 1
| #define HAVE_SYSCONF 1
| #define HAVE_PTHREAD_H 1
| #define SIZEOF_SHORT 2
| #define SIZEOF_INT 4
| #define SIZEOF_LONG 8
| #define SIZEOF_LONG_LONG 8
| #define SIZEOF___INT128_T 16
| #define ETHR_HAVE___sync_synchronize ~0
| #define ETHR_HAVE___sync_add_and_fetch 12
| #define ETHR_HAVE___sync_fetch_and_and 12
| #define ETHR_HAVE___sync_fetch_and_or 12
| #define ETHR_HAVE___sync_val_compare_and_swap 12
| #define ETHR_HAVE___atomic_store_n 12
| #define ETHR_HAVE___atomic_load_n 12
| /* end confdefs.h.  */
| 
| int
| main (void)
| {
| int x[(2*__atomic_always_lock_free(sizeof(__int128_t), 0))-1]; volatile __int128_t var; __int128_t res = __atomic_add_fetch(&var, (__int128_t) 0, __ATOMIC_RELAXED); res = __atomic_add_fetch(&var, (__int128_t) 0, __ATOMIC_ACQUIRE); res = __atomic_add_fetch(&var, (__int128_t) 0, __ATOMIC_RELEASE);
|   ;
|   return 0;
| }
configure:8125: result: no
configure:8186: checking for 32-bit __atomic_fetch_and()
configure:8205: gcc -o conftest -g -O2 -DEI_64BIT   conftest.c  >&5
configure:8205: $? = 0
configure:8213: result: yes
configure:8215: checking for 64-bit __atomic_fetch_and()
configure:8234: gcc -o conftest -g -O2 -DEI_64BIT   conftest.c  >&5
configure:8234: $? = 0
configure:8242: result: yes
configure:8244: checking for 128-bit __atomic_fetch_and()
configure:8263: gcc -o conftest -g -O2 -DEI_64BIT   conftest.c  >&5
/usr/bin/ld: /tmp/ccagdVMk.o: in function `main':
/home/narjes/document/epitech/timemanager/timemanagerback/otp_src_26.0/lib/erl_interface/conftest.c:85: undefined reference to `__atomic_fetch_and_16'
/usr/bin/ld: /home/narjes/document/epitech/timemanager/timemanagerback/otp_src_26.0/lib/erl_interface/conftest.c:85: undefined reference to `__atomic_fetch_and_16'
/usr/bin/ld: /home/narjes/document/epitech/timemanager/timemanagerback/otp_src_26.0/lib/erl_interface/conftest.c:85: undefined reference to `__atomic_fetch_and_16'
collect2: error: ld returned 1 exit status
configure:8263: $? = 1
configure: failed program was:
| /* confdefs.h */
| #define PACKAGE_NAME ""
| #define PACKAGE_TARNAME ""
| #define PACKAGE_VERSION ""
| #define PACKAGE_STRING ""
| #define PACKAGE_BUGREPORT ""
| #define PACKAGE_URL ""
| #define HAVE_STDIO_H 1
| #define HAVE_STDLIB_H 1
| #define HAVE_STRING_H 1
| #define HAVE_INTTYPES_H 1
| #define HAVE_STDINT_H 1
| #define HAVE_STRINGS_H 1
| #define HAVE_SYS_STAT_H 1
| #define HAVE_SYS_TYPES_H 1
| #define HAVE_UNISTD_H 1
| #define HAVE_SYS_TIME_H 1
| #define STDC_HEADERS 1
| #define SIZEOF_SHORT 2
| #define SIZEOF_INT 4
| #define SIZEOF_LONG 8
| #define SIZEOF_VOID_P 8
| #define SIZEOF_LONG_LONG 8
| #define EI_HIDE_REAL_ERRNO 1
| #define HAVE_UNALIGNED_WORD_ACCESS 1
| #define HAVE_SYS_WAIT_H 1
| #define HAVE_ARPA_INET_H 1
| #define HAVE_FCNTL_H 1
| #define HAVE_LIMITS_H 1
| #define HAVE_MALLOC_H 1
| #define HAVE_NETDB_H 1
| #define HAVE_NETINET_IN_H 1
| #define HAVE_STDDEF_H 1
| #define HAVE_STDLIB_H 1
| #define HAVE_STRING_H 1
| #define HAVE_SYS_PARAM_H 1
| #define HAVE_SYS_SOCKET_H 1
| #define HAVE_SYS_SELECT_H 1
| #define HAVE_SYS_TIME_H 1
| #define HAVE_UNISTD_H 1
| #define HAVE_SYS_TYPES_H 1
| #define HAVE_SYS_UIO_H 1
| #define HAVE_SOCKLEN_T /**/
| #define HAVE_ALLOCA_H 1
| #define HAVE_ALLOCA 1
| #define HAVE_DUP2 1
| #define HAVE_GETHOSTBYADDR 1
| #define HAVE_GETHOSTBYNAME 1
| #define HAVE_GETHOSTBYADDR_R 1
| #define HAVE_GETHOSTBYNAME_R 1
| #define HAVE_GETHOSTNAME 1
| #define HAVE_WRITEV 1
| #define HAVE_GETTIMEOFDAY 1
| #define HAVE_INET_NTOA 1
| #define HAVE_MEMCHR 1
| #define HAVE_MEMMOVE 1
| #define HAVE_MEMSET 1
| #define HAVE_SELECT 1
| #define HAVE_SOCKET 1
| #define HAVE_STRCHR 1
| #define HAVE_STRERROR 1
| #define HAVE_STRRCHR 1
| #define HAVE_STRSTR 1
| #define HAVE_UNAME 1
| #define HAVE_SYSCONF 1
| #define HAVE_PTHREAD_H 1
| #define SIZEOF_SHORT 2
| #define SIZEOF_INT 4
| #define SIZEOF_LONG 8
| #define SIZEOF_LONG_LONG 8
| #define SIZEOF___INT128_T 16
| #define ETHR_HAVE___sync_synchronize ~0
| #define ETHR_HAVE___sync_add_and_fetch 12
| #define ETHR_HAVE___sync_fetch_and_and 12
| #define ETHR_HAVE___sync_fetch_and_or 12
| #define ETHR_HAVE___sync_val_compare_and_swap 12
| #define ETHR_HAVE___atomic_store_n 12
| #define ETHR_HAVE___atomic_load_n 12
| #define ETHR_HAVE___atomic_add_fetch 12
| /* end confdefs.h.  */
| 
| int
| main (void)
| {
| int x[(2*__atomic_always_lock_free(sizeof(__int128_t), 0))-1]; volatile __int128_t var; __int128_t res = __atomic_fetch_and(&var, (__int128_t) 0, __ATOMIC_RELAXED); res = __atomic_fetch_and(&var, (__int128_t) 0, __ATOMIC_ACQUIRE); res = __atomic_fetch_and(&var, (__int128_t) 0, __ATOMIC_RELEASE);
|   ;
|   return 0;
| }
configure:8271: result: no
configure:8332: checking for 32-bit __atomic_fetch_or()
configure:8351: gcc -o conftest -g -O2 -DEI_64BIT   conftest.c  >&5
configure:8351: $? = 0
configure:8359: result: yes
configure:8361: checking for 64-bit __atomic_fetch_or()
configure:8380: gcc -o conftest -g -O2 -DEI_64BIT   conftest.c  >&5
configure:8380: $? = 0
configure:8388: result: yes
configure:8390: checking for 128-bit __atomic_fetch_or()
configure:8409: gcc -o conftest -g -O2 -DEI_64BIT   conftest.c  >&5
/usr/bin/ld: /tmp/ccMRNUqd.o: in function `main':
/home/narjes/document/epitech/timemanager/timemanagerback/otp_src_26.0/lib/erl_interface/conftest.c:86: undefined reference to `__atomic_fetch_or_16'
/usr/bin/ld: /home/narjes/document/epitech/timemanager/timemanagerback/otp_src_26.0/lib/erl_interface/conftest.c:86: undefined reference to `__atomic_fetch_or_16'
/usr/bin/ld: /home/narjes/document/epitech/timemanager/timemanagerback/otp_src_26.0/lib/erl_interface/conftest.c:86: undefined reference to `__atomic_fetch_or_16'
collect2: error: ld returned 1 exit status
configure:8409: $? = 1
configure: failed program was:
| /* confdefs.h */
| #define PACKAGE_NAME ""
| #define PACKAGE_TARNAME ""
| #define PACKAGE_VERSION ""
| #define PACKAGE_STRING ""
| #define PACKAGE_BUGREPORT ""
| #define PACKAGE_URL ""
| #define HAVE_STDIO_H 1
| #define HAVE_STDLIB_H 1
| #define HAVE_STRING_H 1
| #define HAVE_INTTYPES_H 1
| #define HAVE_STDINT_H 1
| #define HAVE_STRINGS_H 1
| #define HAVE_SYS_STAT_H 1
| #define HAVE_SYS_TYPES_H 1
| #define HAVE_UNISTD_H 1
| #define HAVE_SYS_TIME_H 1
| #define STDC_HEADERS 1
| #define SIZEOF_SHORT 2
| #define SIZEOF_INT 4
| #define SIZEOF_LONG 8
| #define SIZEOF_VOID_P 8
| #define SIZEOF_LONG_LONG 8
| #define EI_HIDE_REAL_ERRNO 1
| #define HAVE_UNALIGNED_WORD_ACCESS 1
| #define HAVE_SYS_WAIT_H 1
| #define HAVE_ARPA_INET_H 1
| #define HAVE_FCNTL_H 1
| #define HAVE_LIMITS_H 1
| #define HAVE_MALLOC_H 1
| #define HAVE_NETDB_H 1
| #define HAVE_NETINET_IN_H 1
| #define HAVE_STDDEF_H 1
| #define HAVE_STDLIB_H 1
| #define HAVE_STRING_H 1
| #define HAVE_SYS_PARAM_H 1
| #define HAVE_SYS_SOCKET_H 1
| #define HAVE_SYS_SELECT_H 1
| #define HAVE_SYS_TIME_H 1
| #define HAVE_UNISTD_H 1
| #define HAVE_SYS_TYPES_H 1
| #define HAVE_SYS_UIO_H 1
| #define HAVE_SOCKLEN_T /**/
| #define HAVE_ALLOCA_H 1
| #define HAVE_ALLOCA 1
| #define HAVE_DUP2 1
| #define HAVE_GETHOSTBYADDR 1
| #define HAVE_GETHOSTBYNAME 1
| #define HAVE_GETHOSTBYADDR_R 1
| #define HAVE_GETHOSTBYNAME_R 1
| #define HAVE_GETHOSTNAME 1
| #define HAVE_WRITEV 1
| #define HAVE_GETTIMEOFDAY 1
| #define HAVE_INET_NTOA 1
| #define HAVE_MEMCHR 1
| #define HAVE_MEMMOVE 1
| #define HAVE_MEMSET 1
| #define HAVE_SELECT 1
| #define HAVE_SOCKET 1
| #define HAVE_STRCHR 1
| #define HAVE_STRERROR 1
| #define HAVE_STRRCHR 1
| #define HAVE_STRSTR 1
| #define HAVE_UNAME 1
| #define HAVE_SYSCONF 1
| #define HAVE_PTHREAD_H 1
| #define SIZEOF_SHORT 2
| #define SIZEOF_INT 4
| #define SIZEOF_LONG 8
| #define SIZEOF_LONG_LONG 8
| #define SIZEOF___INT128_T 16
| #define ETHR_HAVE___sync_synchronize ~0
| #define ETHR_HAVE___sync_add_and_fetch 12
| #define ETHR_HAVE___sync_fetch_and_and 12
| #define ETHR_HAVE___sync_fetch_and_or 12
| #define ETHR_HAVE___sync_val_compare_and_swap 12
| #define ETHR_HAVE___atomic_store_n 12
| #define ETHR_HAVE___atomic_load_n 12
| #define ETHR_HAVE___atomic_add_fetch 12
| #define ETHR_HAVE___atomic_fetch_and 12
| /* end confdefs.h.  */
| 
| int
| main (void)
| {
| int x[(2*__atomic_always_lock_free(sizeof(__int128_t), 0))-1]; volatile __int128_t var; __int128_t res = __atomic_fetch_or(&var, (__int128_t) 0, __ATOMIC_RELAXED); res = __atomic_fetch_or(&var, (__int128_t) 0, __ATOMIC_ACQUIRE); res = __atomic_fetch_or(&var, (__int128_t) 0, __ATOMIC_RELEASE);
|   ;
|   return 0;
| }
configure:8417: result: no
configure:8478: checking for 32-bit __atomic_compare_exchange_n()
configure:8497: gcc -o conftest -g -O2 -DEI_64BIT   conftest.c  >&5
configure:8497: $? = 0
configure:8505: result: yes
configure:8507: checking for 64-bit __atomic_compare_exchange_n()
configure:8526: gcc -o conftest -g -O2 -DEI_64BIT   conftest.c  >&5
configure:8526: $? = 0
configure:8534: result: yes
configure:8536: checking for 128-bit __atomic_compare_exchange_n()
configure:8555: gcc -o conftest -g -O2 -DEI_64BIT   conftest.c  >&5
/usr/bin/ld: /tmp/cc452THS.o: in function `main':
/home/narjes/document/epitech/timemanager/timemanagerback/otp_src_26.0/lib/erl_interface/conftest.c:87: undefined reference to `__atomic_compare_exchange_16'
/usr/bin/ld: /home/narjes/document/epitech/timemanager/timemanagerback/otp_src_26.0/lib/erl_interface/conftest.c:87: undefined reference to `__atomic_compare_exchange_16'
collect2: error: ld returned 1 exit status
configure:8555: $? = 1
configure: failed program was:
| /* confdefs.h */
| #define PACKAGE_NAME ""
| #define PACKAGE_TARNAME ""
| #define PACKAGE_VERSION ""
| #define PACKAGE_STRING ""
| #define PACKAGE_BUGREPORT ""
| #define PACKAGE_URL ""
| #define HAVE_STDIO_H 1
| #define HAVE_STDLIB_H 1
| #define HAVE_STRING_H 1
| #define HAVE_INTTYPES_H 1
| #define HAVE_STDINT_H 1
| #define HAVE_STRINGS_H 1
| #define HAVE_SYS_STAT_H 1
| #define HAVE_SYS_TYPES_H 1
| #define HAVE_UNISTD_H 1
| #define HAVE_SYS_TIME_H 1
| #define STDC_HEADERS 1
| #define SIZEOF_SHORT 2
| #define SIZEOF_INT 4
| #define SIZEOF_LONG 8
| #define SIZEOF_VOID_P 8
| #define SIZEOF_LONG_LONG 8
| #define EI_HIDE_REAL_ERRNO 1
| #define HAVE_UNALIGNED_WORD_ACCESS 1
| #define HAVE_SYS_WAIT_H 1
| #define HAVE_ARPA_INET_H 1
| #define HAVE_FCNTL_H 1
| #define HAVE_LIMITS_H 1
| #define HAVE_MALLOC_H 1
| #define HAVE_NETDB_H 1
| #define HAVE_NETINET_IN_H 1
| #define HAVE_STDDEF_H 1
| #define HAVE_STDLIB_H 1
| #define HAVE_STRING_H 1
| #define HAVE_SYS_PARAM_H 1
| #define HAVE_SYS_SOCKET_H 1
| #define HAVE_SYS_SELECT_H 1
| #define HAVE_SYS_TIME_H 1
| #define HAVE_UNISTD_H 1
| #define HAVE_SYS_TYPES_H 1
| #define HAVE_SYS_UIO_H 1
| #define HAVE_SOCKLEN_T /**/
| #define HAVE_ALLOCA_H 1
| #define HAVE_ALLOCA 1
| #define HAVE_DUP2 1
| #define HAVE_GETHOSTBYADDR 1
| #define HAVE_GETHOSTBYNAME 1
| #define HAVE_GETHOSTBYADDR_R 1
| #define HAVE_GETHOSTBYNAME_R 1
| #define HAVE_GETHOSTNAME 1
| #define HAVE_WRITEV 1
| #define HAVE_GETTIMEOFDAY 1
| #define HAVE_INET_NTOA 1
| #define HAVE_MEMCHR 1
| #define HAVE_MEMMOVE 1
| #define HAVE_MEMSET 1
| #define HAVE_SELECT 1
| #define HAVE_SOCKET 1
| #define HAVE_STRCHR 1
| #define HAVE_STRERROR 1
| #define HAVE_STRRCHR 1
| #define HAVE_STRSTR 1
| #define HAVE_UNAME 1
| #define HAVE_SYSCONF 1
| #define HAVE_PTHREAD_H 1
| #define SIZEOF_SHORT 2
| #define SIZEOF_INT 4
| #define SIZEOF_LONG 8
| #define SIZEOF_LONG_LONG 8
| #define SIZEOF___INT128_T 16
| #define ETHR_HAVE___sync_synchronize ~0
| #define ETHR_HAVE___sync_add_and_fetch 12
| #define ETHR_HAVE___sync_fetch_and_and 12
| #define ETHR_HAVE___sync_fetch_and_or 12
| #define ETHR_HAVE___sync_val_compare_and_swap 12
| #define ETHR_HAVE___atomic_store_n 12
| #define ETHR_HAVE___atomic_load_n 12
| #define ETHR_HAVE___atomic_add_fetch 12
| #define ETHR_HAVE___atomic_fetch_and 12
| #define ETHR_HAVE___atomic_fetch_or 12
| /* end confdefs.h.  */
| 
| int
| main (void)
| {
| int x[(2*__atomic_always_lock_free(sizeof(__int128_t), 0))-1]; volatile __int128_t var; __int128_t val; int res = __atomic_compare_exchange_n(&var, &val, (__int128_t) 0, 0, __ATOMIC_RELAXED, __ATOMIC_RELAXED); res = __atomic_compare_exchange_n(&var, &val, (__int128_t) 0, 0, __ATOMIC_ACQUIRE, __ATOMIC_ACQUIRE);
|   ;
|   return 0;
| }
configure:8563: result: no
configure:8893: checking if we can add -Werror=return-type to WERRORFLAGS (via CFLAGS)
configure:8908: gcc -c -Werror=return-type   conftest.c >&5
configure:8908: $? = 0
configure:8919: result: yes
configure:8951: checking if we can add -fno-common to CFLAGS (via CFLAGS)
configure:8966: gcc -c -fno-common -Werror=return-type  -g -O2 -DEI_64BIT  conftest.c >&5
configure:8966: $? = 0
configure:8977: result: yes
configure:9048: checking if we can add -Wdeclaration-after-statement to DED_WARN_FLAGS (via CFLAGS)
configure:9063: gcc -c -Wdeclaration-after-statement -Wall -Wstrict-prototypes -Wmissing-prototypes  conftest.c >&5
configure:9063: $? = 0
configure:9074: result: yes
configure:9087: checking if we can add -Werror=return-type to DED_WERRORFLAGS (via CFLAGS)
configure:9102: gcc -c -Werror=return-type   conftest.c >&5
configure:9102: $? = 0
configure:9113: result: yes
configure:9125: checking if we can add -Werror=implicit to DED_WERRORFLAGS (via CFLAGS)
configure:9140: gcc -c -Werror=implicit -Werror=return-type   conftest.c >&5
configure:9140: $? = 0
configure:9151: result: yes
configure:9163: checking if we can add -Werror=undef to DED_WERRORFLAGS (via CFLAGS)
configure:9178: gcc -c -Werror=undef -Werror=implicit -Werror=return-type   conftest.c >&5
configure:9178: $? = 0
configure:9189: result: yes
configure:9213: checking if we can add -fno-common to DED_CFLAGS (via CFLAGS)
configure:9228: gcc -c -fno-common -fno-common -Werror=return-type -g -O2 -DEI_64BIT  -D_GNU_SOURCE  conftest.c >&5
configure:9228: $? = 0
configure:9239: result: yes
configure:9252: checking if we can add -fno-strict-aliasing to DED_CFLAGS (via CFLAGS)
configure:9267: gcc -c -fno-strict-aliasing -fno-common -fno-common -Werror=return-type -g -O2 -DEI_64BIT  -D_GNU_SOURCE  conftest.c >&5
configure:9267: $? = 0
configure:9278: result: yes
configure:9519: checking for ld
configure:9551: result: gcc
configure:9575: checking for static compiler flags
configure:9578: result: -Werror=undef -Werror=implicit -Werror=return-type    -fno-strict-aliasing -fno-common -fno-common -Werror=return-type -g -O2 -DEI_64BIT  -D_GNU_SOURCE -DSTATIC_ERLANG_NIF -DSTATIC_ERLANG_DRIVER
configure:9580: checking for basic compiler flags for loadable drivers
configure:9583: result: -fno-strict-aliasing -fno-common -fno-common -Werror=return-type -g -O2 -DEI_64BIT -D_GNU_SOURCE -fPIC
configure:9585: checking for compiler flags for loadable drivers
configure:9588: result: -Werror=undef -Werror=implicit -Werror=return-type  -Wdeclaration-after-statement -Wall -Wstrict-prototypes -Wmissing-prototypes  -fno-strict-aliasing -fno-common -fno-common -Werror=return-type -g -O2 -DEI_64BIT -D_GNU_SOURCE -fPIC
configure:9590: checking for linker for loadable drivers
configure:9592: result: gcc
configure:9594: checking for linker flags for loadable drivers
configure:9596: result: -shared -Wl,-Bsymbolic
configure:9598: checking for 'runtime library path' linker flag
configure:9601: result: -Wl,-R
configure:9739: creating ./config.status

## ---------------------- ##
## Running config.status. ##
## ---------------------- ##

This file was extended by config.status, which was
generated by GNU Autoconf 2.71.  Invocation command line was

  CONFIG_FILES    = 
  CONFIG_HEADERS  = 
  CONFIG_LINKS    = 
  CONFIG_COMMANDS = 
  $ ./config.status 

on PCNarjes

config.status:921: creating src/x86_64-pc-linux-gnu/Makefile
config.status:921: creating src/x86_64-pc-linux-gnu/eidefs.mk
config.status:921: creating src/x86_64-pc-linux-gnu/config.h

## ---------------- ##
## Cache variables. ##
## ---------------- ##

ac_cv_build=x86_64-pc-linux-gnu
ac_cv_c_compiler_gnu=yes
ac_cv_env_CC_set=
ac_cv_env_CC_value=
ac_cv_env_CFLAGS_set=
ac_cv_env_CFLAGS_value=
ac_cv_env_CPPFLAGS_set=
ac_cv_env_CPPFLAGS_value=
ac_cv_env_CPP_set=
ac_cv_env_CPP_value=
ac_cv_env_LDFLAGS_set=
ac_cv_env_LDFLAGS_value=
ac_cv_env_LIBS_set=
ac_cv_env_LIBS_value=
ac_cv_env_build_alias_set=
ac_cv_env_build_alias_value=
ac_cv_env_host_alias_set=
ac_cv_env_host_alias_value=
ac_cv_env_target_alias_set=
ac_cv_env_target_alias_value=
ac_cv_func_alloca_works=yes
ac_cv_func_clock_gettime=yes
ac_cv_func_dup2=yes
ac_cv_func_gethostbyaddr=yes
ac_cv_func_gethostbyaddr_r=yes
ac_cv_func_gethostbyname=yes
ac_cv_func_gethostbyname_r=yes
ac_cv_func_gethostname=yes
ac_cv_func_gethrtime=no
ac_cv_func_gettimeofday=yes
ac_cv_func_inet_ntoa=yes
ac_cv_func_memchr=yes
ac_cv_func_memcmp_working=yes
ac_cv_func_memmove=yes
ac_cv_func_memset=yes
ac_cv_func_res_gethostbyname=no
ac_cv_func_select=yes
ac_cv_func_socket=yes
ac_cv_func_strchr=yes
ac_cv_func_strerror=yes
ac_cv_func_strrchr=yes
ac_cv_func_strstr=yes
ac_cv_func_sysconf=yes
ac_cv_func_uname=yes
ac_cv_func_writev=yes
ac_cv_header_arpa_inet_h=yes
ac_cv_header_fcntl_h=yes
ac_cv_header_inttypes_h=yes
ac_cv_header_limits_h=yes
ac_cv_header_malloc_h=yes
ac_cv_header_netdb_h=yes
ac_cv_header_netinet_in_h=yes
ac_cv_header_nptl_pthread_h=no
ac_cv_header_pthread_h=yes
ac_cv_header_pthread_mit_pthread_h=no
ac_cv_header_stddef_h=yes
ac_cv_header_stdint_h=yes
ac_cv_header_stdio_h=yes
ac_cv_header_stdlib_h=yes
ac_cv_header_string_h=yes
ac_cv_header_strings_h=yes
ac_cv_header_sys_param_h=yes
ac_cv_header_sys_select_h=yes
ac_cv_header_sys_socket_h=yes
ac_cv_header_sys_stat_h=yes
ac_cv_header_sys_time_h=yes
ac_cv_header_sys_types_h=yes
ac_cv_header_sys_uio_h=yes
ac_cv_header_sys_wait_h=yes
ac_cv_header_unistd_h=yes
ac_cv_host=x86_64-pc-linux-gnu
ac_cv_lib_pthread_pthread_create=yes
ac_cv_lib_resolv_res_gethostbyname=no
ac_cv_objext=o
ac_cv_path_EGREP='/usr/bin/grep -E'
ac_cv_path_GREP=/usr/bin/grep
ac_cv_path_install='/usr/bin/install -c'
ac_cv_prog_CPP='gcc -E'
ac_cv_prog_GETCONF=getconf
ac_cv_prog_ac_ct_AR=ar
ac_cv_prog_ac_ct_CC=gcc
ac_cv_prog_ac_ct_DED_LD=gcc
ac_cv_prog_ac_ct_LD=ld
ac_cv_prog_ac_ct_RANLIB=ranlib
ac_cv_prog_cc_c11=
ac_cv_prog_cc_g=yes
ac_cv_prog_cc_stdc=
ac_cv_prog_gcc_traditional=no
ac_cv_prog_mkdir_p='/usr/bin/install -c -d'
ac_cv_search_gethostbyname='none required'
ac_cv_search_getpeername='none required'
ac_cv_sizeof___int128_t=16
ac_cv_sizeof_int=4
ac_cv_sizeof_long=8
ac_cv_sizeof_long_long=8
ac_cv_sizeof_short=2
ac_cv_sizeof_void_p=8
ac_cv_target=x86_64-pc-linux-gnu
ac_cv_type_pid_t=yes
ac_cv_type_size_t=yes
ac_cv_type_uid_t=yes
ac_cv_working_alloca_h=yes
ethr_cv_128bit___atomic_add_fetch=no
ethr_cv_128bit___atomic_compare_exchange_n=no
ethr_cv_128bit___atomic_fetch_and=no
ethr_cv_128bit___atomic_fetch_or=no
ethr_cv_128bit___atomic_load_n=no
ethr_cv_128bit___atomic_store_n=no
ethr_cv_128bit___sync_add_and_fetch=no
ethr_cv_128bit___sync_fetch_and_and=no
ethr_cv_128bit___sync_fetch_and_or=no
ethr_cv_128bit___sync_val_compare_and_swap=no
ethr_cv_32bit___atomic_add_fetch=yes
ethr_cv_32bit___atomic_compare_exchange_n=yes
ethr_cv_32bit___atomic_fetch_and=yes
ethr_cv_32bit___atomic_fetch_or=yes
ethr_cv_32bit___atomic_load_n=yes
ethr_cv_32bit___atomic_store_n=yes
ethr_cv_32bit___sync_add_and_fetch=yes
ethr_cv_32bit___sync_fetch_and_and=yes
ethr_cv_32bit___sync_fetch_and_or=yes
ethr_cv_32bit___sync_val_compare_and_swap=yes
ethr_cv_64bit___atomic_add_fetch=yes
ethr_cv_64bit___atomic_compare_exchange_n=yes
ethr_cv_64bit___atomic_fetch_and=yes
ethr_cv_64bit___atomic_fetch_or=yes
ethr_cv_64bit___atomic_load_n=yes
ethr_cv_64bit___atomic_store_n=yes
ethr_cv_64bit___sync_add_and_fetch=yes
ethr_cv_64bit___sync_fetch_and_and=yes
ethr_cv_64bit___sync_fetch_and_or=yes
ethr_cv_64bit___sync_val_compare_and_swap=yes
ethr_cv___sync_synchronize=yes

## ----------------- ##
## Output variables. ##
## ----------------- ##

ALLOCA=''
AR='ar'
ARCH='amd64'
CC='gcc'
CFLAGS='-fno-common -Werror=return-type -g -O2 -DEI_64BIT'
CPP='gcc -E'
CPPFLAGS=''
DED_BASIC_CFLAGS='-fno-strict-aliasing -fno-common -fno-common -Werror=return-type -g -O2 -DEI_64BIT -D_GNU_SOURCE -fPIC'
DED_CC='gcc'
DED_CFLAGS='-Werror=undef -Werror=implicit -Werror=return-type  -Wdeclaration-after-statement -Wall -Wstrict-prototypes -Wmissing-prototypes  -fno-strict-aliasing -fno-common -fno-common -Werror=return-type -g -O2 -DEI_64BIT -D_GNU_SOURCE -fPIC'
DED_EXT='so'
DED_GCC='yes'
DED_INCLUDE='-I/home/narjes/document/epitech/timemanager/timemanagerback/otp_src_26.0/erts/emulator/beam -I/home/narjes/document/epitech/timemanager/timemanagerback/otp_src_26.0/erts/include -I/home/narjes/document/epitech/timemanager/timemanagerback/otp_src_26.0/erts/include/x86_64-pc-linux-gnu -I/home/narjes/document/epitech/timemanager/timemanagerback/otp_src_26.0/erts/include/internal -I/home/narjes/document/epitech/timemanager/timemanagerback/otp_src_26.0/erts/include/internal/x86_64-pc-linux-gnu -I/home/narjes/document/epitech/timemanager/timemanagerback/otp_src_26.0/erts/emulator/sys/unix -I/home/narjes/document/epitech/timemanager/timemanagerback/otp_src_26.0/erts/emulator/sys/common'
DED_LD='gcc'
DED_LDFLAGS='-shared -Wl,-Bsymbolic'
DED_LD_FLAG_RUNTIME_LIBRARY_PATH='-Wl,-R'
DED_LIBS=''
DED_OSTYPE='unix'
DED_STATIC_CFLAGS='-Werror=undef -Werror=implicit -Werror=return-type    -fno-strict-aliasing -fno-common -fno-common -Werror=return-type -g -O2 -DEI_64BIT  -D_GNU_SOURCE -DSTATIC_ERLANG_NIF -DSTATIC_ERLANG_DRIVER'
DED_SYS_INCLUDE='-I/home/narjes/document/epitech/timemanager/timemanagerback/otp_src_26.0/erts/emulator/beam -I/home/narjes/document/epitech/timemanager/timemanagerback/otp_src_26.0/erts/include -I/home/narjes/document/epitech/timemanager/timemanagerback/otp_src_26.0/erts/include/x86_64-pc-linux-gnu -I/home/narjes/document/epitech/timemanager/timemanagerback/otp_src_26.0/erts/include/internal -I/home/narjes/document/epitech/timemanager/timemanagerback/otp_src_26.0/erts/include/internal/x86_64-pc-linux-gnu -I/home/narjes/document/epitech/timemanager/timemanagerback/otp_src_26.0/erts/emulator/sys/unix -I/home/narjes/document/epitech/timemanager/timemanagerback/otp_src_26.0/erts/emulator/sys/common'
DED_WARN_FLAGS='-Wdeclaration-after-statement -Wall -Wstrict-prototypes -Wmissing-prototypes'
DED_WERRORFLAGS='-Werror=undef -Werror=implicit -Werror=return-type '
DEFS='-DHAVE_CONFIG_H'
DYNAMIC_LIB='no'
ECHO_C=''
ECHO_N='-n'
ECHO_T=''
EGREP='/usr/bin/grep -E'
EI_THREADS='true'
EXEEXT=''
GETCONF='getconf'
GREP='/usr/bin/grep'
INSTALL_DATA='${INSTALL} -m 644'
INSTALL_DIR='/usr/bin/install -c -d'
INSTALL_PROGRAM='${INSTALL}'
INSTALL_SCRIPT='${INSTALL}'
LD='ld'
LDFLAGS=''
LIBOBJS=''
LIBS=''
LIB_CFLAGS='-fno-common -Werror=return-type -g -O2 -DEI_64BIT -fPIC'
LTLIBOBJS=''
MIXED_MINGW='no'
MIXED_VC='no'
OBJEXT='o'
PACKAGE_BUGREPORT=''
PACKAGE_NAME=''
PACKAGE_STRING=''
PACKAGE_TARNAME=''
PACKAGE_URL=''
PACKAGE_VERSION=''
PATH_SEPARATOR=':'
RANLIB='ranlib'
SHELL='/bin/bash'
TARGET='x86_64-pc-linux-gnu'
THR_DEFS=' -D_THREAD_SAFE -D_REENTRANT -DPOSIX_THREADS -D_POSIX_THREAD_SAFE_FUNCTIONS'
THR_LIBS='-lpthread'
WFLAGS='-Wall -Wstrict-prototypes -Wmissing-prototypes -Wmissing-declarations -Wnested-externs -Winline'
ac_ct_CC='gcc'
bindir='${exec_prefix}/bin'
build='x86_64-pc-linux-gnu'
build_alias=''
build_cpu='x86_64'
build_os='linux-gnu'
build_vendor='pc'
datadir='${datarootdir}'
datarootdir='${prefix}/share'
docdir='${datarootdir}/doc/${PACKAGE}'
dvidir='${docdir}'
exec_prefix='${prefix}'
host='x86_64-pc-linux-gnu'
host_alias=''
host_cpu='x86_64'
host_os='linux-gnu'
host_vendor='pc'
htmldir='${docdir}'
includedir='${prefix}/include'
infodir='${datarootdir}/info'
libdir='${exec_prefix}/lib'
libexecdir='${exec_prefix}/libexec'
localedir='${datarootdir}/locale'
localstatedir='${prefix}/var'
mandir='${datarootdir}/man'
oldincludedir='/usr/include'
pdfdir='${docdir}'
prefix='/usr/local'
program_transform_name='s,x,x,'
psdir='${docdir}'
runstatedir='${localstatedir}/run'
sbindir='${exec_prefix}/sbin'
sharedstatedir='${prefix}/com'
sysconfdir='${prefix}/etc'
target='x86_64-pc-linux-gnu'
target_alias=''
target_cpu='x86_64'
target_os='linux-gnu'
target_vendor='pc'

## ----------- ##
## confdefs.h. ##
## ----------- ##

/* confdefs.h */
#define PACKAGE_NAME ""
#define PACKAGE_TARNAME ""
#define PACKAGE_VERSION ""
#define PACKAGE_STRING ""
#define PACKAGE_BUGREPORT ""
#define PACKAGE_URL ""
#define HAVE_STDIO_H 1
#define HAVE_STDLIB_H 1
#define HAVE_STRING_H 1
#define HAVE_INTTYPES_H 1
#define HAVE_STDINT_H 1
#define HAVE_STRINGS_H 1
#define HAVE_SYS_STAT_H 1
#define HAVE_SYS_TYPES_H 1
#define HAVE_UNISTD_H 1
#define HAVE_SYS_TIME_H 1
#define STDC_HEADERS 1
#define SIZEOF_SHORT 2
#define SIZEOF_INT 4
#define SIZEOF_LONG 8
#define SIZEOF_VOID_P 8
#define SIZEOF_LONG_LONG 8
#define EI_HIDE_REAL_ERRNO 1
#define HAVE_UNALIGNED_WORD_ACCESS 1
#define HAVE_SYS_WAIT_H 1
#define HAVE_ARPA_INET_H 1
#define HAVE_FCNTL_H 1
#define HAVE_LIMITS_H 1
#define HAVE_MALLOC_H 1
#define HAVE_NETDB_H 1
#define HAVE_NETINET_IN_H 1
#define HAVE_STDDEF_H 1
#define HAVE_STDLIB_H 1
#define HAVE_STRING_H 1
#define HAVE_SYS_PARAM_H 1
#define HAVE_SYS_SOCKET_H 1
#define HAVE_SYS_SELECT_H 1
#define HAVE_SYS_TIME_H 1
#define HAVE_UNISTD_H 1
#define HAVE_SYS_TYPES_H 1
#define HAVE_SYS_UIO_H 1
#define HAVE_SOCKLEN_T /**/
#define HAVE_ALLOCA_H 1
#define HAVE_ALLOCA 1
#define HAVE_DUP2 1
#define HAVE_GETHOSTBYADDR 1
#define HAVE_GETHOSTBYNAME 1
#define HAVE_GETHOSTBYADDR_R 1
#define HAVE_GETHOSTBYNAME_R 1
#define HAVE_GETHOSTNAME 1
#define HAVE_WRITEV 1
#define HAVE_GETTIMEOFDAY 1
#define HAVE_INET_NTOA 1
#define HAVE_MEMCHR 1
#define HAVE_MEMMOVE 1
#define HAVE_MEMSET 1
#define HAVE_SELECT 1
#define HAVE_SOCKET 1
#define HAVE_STRCHR 1
#define HAVE_STRERROR 1
#define HAVE_STRRCHR 1
#define HAVE_STRSTR 1
#define HAVE_UNAME 1
#define HAVE_SYSCONF 1
#define HAVE_PTHREAD_H 1
#define SIZEOF_SHORT 2
#define SIZEOF_INT 4
#define SIZEOF_LONG 8
#define SIZEOF_LONG_LONG 8
#define SIZEOF___INT128_T 16
#define ETHR_HAVE___sync_synchronize ~0
#define ETHR_HAVE___sync_add_and_fetch 12
#define ETHR_HAVE___sync_fetch_and_and 12
#define ETHR_HAVE___sync_fetch_and_or 12
#define ETHR_HAVE___sync_val_compare_and_swap 12
#define ETHR_HAVE___atomic_store_n 12
#define ETHR_HAVE___atomic_load_n 12
#define ETHR_HAVE___atomic_add_fetch 12
#define ETHR_HAVE___atomic_fetch_and 12
#define ETHR_HAVE___atomic_fetch_or 12
#define ETHR_HAVE___atomic_compare_exchange_n 12
#define ETHR_HAVE_GCC_ASM_ARM_DMB_INSTRUCTION 0
#define ETHR_HAVE_GCC_ASM_ARM_DMB_ST_INSTRUCTION 0
#define ETHR_HAVE_GCC_ASM_ARM_DMB_LD_INSTRUCTION 0
#define ETHR_HAVE_GCC_ASM_ARM_ISB_SY_INSTRUCTION 0
#define ETHR_HAVE_GCC_ASM_ARM_DC_CVAU_INSTRUCTION 0
#define ETHR_HAVE_GCC_ASM_ARM_IC_IVAU_INSTRUCTION 0
#define ETHR_HAVE_GCC___ATOMIC_BUILTINS 1

configure: exit 0
