This file contains any messages produced by compilers while
running configure, to aid debugging if configure makes a mistake.

It was created by configure, which was
generated by GNU Autoconf 2.71.  Invocation command line was

  $ ./configure --disable-option-checking --cache-file=/dev/null --srcdir=/home/narjes/document/epitech/timemanager/timemanagerback/otp_src_26.0/lib/wx

## --------- ##
## Platform. ##
## --------- ##

hostname = PCNarjes
uname -m = x86_64
uname -r = 5.15.90.1-microsoft-standard-WSL2
uname -s = Linux
uname -v = #1 SMP Fri Jan 27 02:56:13 UTC 2023

/usr/bin/uname -p = x86_64
/bin/uname -X     = unknown

/bin/arch              = x86_64
/usr/bin/arch -k       = unknown
/usr/convex/getsysinfo = unknown
/usr/bin/hostinfo      = unknown
/bin/machine           = unknown
/usr/bin/oslevel       = unknown
/bin/universe          = unknown

PATH: /home/narjes/.config/composer/vendor/bin/
PATH: /usr/local/sbin/
PATH: /usr/local/bin/
PATH: /usr/sbin/
PATH: /usr/bin/
PATH: /sbin/
PATH: /bin/
PATH: /usr/games/
PATH: /usr/local/games/
PATH: /usr/lib/wsl/lib/
PATH: /c/Program Files/Microsoft/jdk-11.0.16.101-hotspot/bin/
PATH: /c/Program Files (x86)/Common Files/Oracle/Java/javapath/
PATH: /c/ProgramData/Anaconda3/
PATH: /c/ProgramData/Anaconda3/Library/mingw-w64/bin/
PATH: /c/ProgramData/Anaconda3/Library/usr/bin/
PATH: /c/ProgramData/Anaconda3/Library/bin/
PATH: /c/ProgramData/Anaconda3/Scripts/
PATH: /c/Windows/system32/
PATH: /c/Windows/
PATH: /c/Windows/System32/Wbem/
PATH: /c/Windows/System32/WindowsPowerShell/v1.0/
PATH: /c/Windows/System32/OpenSSH/
PATH: /c/Program Files (x86)/NVIDIA Corporation/PhysX/Common/
PATH: /c/Program Files/NVIDIA Corporation/NVIDIA NvDLISR/
PATH: /c/WINDOWS/system32/
PATH: /c/WINDOWS/
PATH: /c/WINDOWS/System32/Wbem/
PATH: /c/WINDOWS/System32/WindowsPowerShell/v1.0/
PATH: /c/WINDOWS/System32/OpenSSH/
PATH: /c/Program Files/Git/cmd/
PATH: /c/Program Files (x86)/STMicroelectronics/STM32 ST-LINK Utility/ST-LINK Utility/
PATH: /c/Program Files/PuTTY/
PATH: /c/Program Files/Docker/Docker/resources/bin/
PATH: /c/Program Files/Progress/DataDirect/ODBC/drivers/
PATH: /c/Users/narje/AppData/Roaming/nvm/
PATH: /c/Program Files/nodejs/
PATH: /c/Program Files/dotnet/
PATH: /c/Program Files/Microsoft SQL Server/150/Tools/Binn/
PATH: /c/Program Files/Microsoft SQL Server/Client SDK/ODBC/170/Tools/Binn/
PATH: /c/Program Files (x86)/Windows Kits/10/Windows Performance Toolkit/
PATH: /c/Users/narje/scoop/apps/elixir/current/bin/
PATH: /c/Program Files/Elixir/bin/
PATH: /c/Program Files/Erlang OTP/bin/
PATH: /c/Users/narje/scoop/shims/
PATH: /c/Users/narje/AppData/Local/Microsoft/WindowsApps/
PATH: /c/Users/narje/AppData/Local/Programs/Microsoft VS Code/bin/
PATH: /c/laragon/bin/php/php-8.2.6/
PATH: /c/Users/narje/AppData/Roaming/npm/
PATH: /c/Program Files/Vim/
PATH: /c/Users/narje/AppData/Local/Microsoft/WindowsApps/
PATH: /c/Users/narje/AppData/Roaming/nvm/
PATH: /c/Program Files/nodejs/
PATH: /c/Users/narje/AppData/Local/GitHubDesktop/bin/
PATH: /c/Program Files/CMake/bin/
PATH: /c/Users/narje/.dotnet/tools/
PATH: /c/Program Files (x86)/Microsoft Visual Studio/2022/BuildTools/VC/Tools/MSVC/14.37.32822/bin/Hostx86/x86/
PATH: /snap/bin/


## ----------- ##
## Core tests. ##
## ----------- ##

configure:2822: looking for aux files: config.guess config.sub
configure:2835:  trying /home/narjes/document/epitech/timemanager/timemanagerback/otp_src_26.0/make/autoconf/
configure:2864:   /home/narjes/document/epitech/timemanager/timemanagerback/otp_src_26.0/make/autoconf/config.guess found
configure:2864:   /home/narjes/document/epitech/timemanager/timemanagerback/otp_src_26.0/make/autoconf/config.sub found
configure:3093: checking build system type
configure:3108: result: x86_64-pc-linux-gnu
configure:3128: checking host system type
configure:3142: result: x86_64-pc-linux-gnu
configure:3162: checking target system type
configure:3176: result: x86_64-pc-linux-gnu
configure:3339: checking for gcc
configure:3360: found /usr/bin/gcc
configure:3371: result: gcc
configure:3724: checking for C compiler version
configure:3733: gcc --version >&5
gcc (Ubuntu 11.4.0-1ubuntu1~22.04) 11.4.0
Copyright (C) 2021 Free Software Foundation, Inc.
This is free software; see the source for copying conditions.  There is NO
warranty; not even for MERCHANTABILITY or FITNESS FOR A PARTICULAR PURPOSE.

configure:3744: $? = 0
configure:3733: gcc -v >&5
Using built-in specs.
COLLECT_GCC=gcc
COLLECT_LTO_WRAPPER=/usr/lib/gcc/x86_64-linux-gnu/11/lto-wrapper
OFFLOAD_TARGET_NAMES=nvptx-none:amdgcn-amdhsa
OFFLOAD_TARGET_DEFAULT=1
Target: x86_64-linux-gnu
Configured with: ../src/configure -v --with-pkgversion='Ubuntu 11.4.0-1ubuntu1~22.04' --with-bugurl=file:///usr/share/doc/gcc-11/README.Bugs --enable-languages=c,ada,c++,go,brig,d,fortran,objc,obj-c++,m2 --prefix=/usr --with-gcc-major-version-only --program-suffix=-11 --program-prefix=x86_64-linux-gnu- --enable-shared --enable-linker-build-id --libexecdir=/usr/lib --without-included-gettext --enable-threads=posix --libdir=/usr/lib --enable-nls --enable-bootstrap --enable-clocale=gnu --enable-libstdcxx-debug --enable-libstdcxx-time=yes --with-default-libstdcxx-abi=new --enable-gnu-unique-object --disable-vtable-verify --enable-plugin --enable-default-pie --with-system-zlib --enable-libphobos-checking=release --with-target-system-zlib=auto --enable-objc-gc=auto --enable-multiarch --disable-werror --enable-cet --with-arch-32=i686 --with-abi=m64 --with-multilib-list=m32,m64,mx32 --enable-multilib --with-tune=generic --enable-offload-targets=nvptx-none=/build/gcc-11-XeT9lY/gcc-11-11.4.0/debian/tmp-nvptx/usr,amdgcn-amdhsa=/build/gcc-11-XeT9lY/gcc-11-11.4.0/debian/tmp-gcn/usr --without-cuda-driver --enable-checking=release --build=x86_64-linux-gnu --host=x86_64-linux-gnu --target=x86_64-linux-gnu --with-build-config=bootstrap-lto-lean --enable-link-serialization=2
Thread model: posix
Supported LTO compression algorithms: zlib zstd
gcc version 11.4.0 (Ubuntu 11.4.0-1ubuntu1~22.04) 
... rest of stderr output deleted ...
configure:3744: $? = 0
configure:3733: gcc -V >&5
gcc: error: unrecognized command-line option '-V'
gcc: fatal error: no input files
compilation terminated.
configure:3744: $? = 1
configure:3733: gcc -qversion >&5
gcc: error: unrecognized command-line option '-qversion'; did you mean '--version'?
gcc: fatal error: no input files
compilation terminated.
configure:3744: $? = 1
configure:3733: gcc -version >&5
gcc: error: unrecognized command-line option '-version'
gcc: fatal error: no input files
compilation terminated.
configure:3744: $? = 1
configure:3764: checking whether the C compiler works
configure:3786: gcc    conftest.c  >&5
configure:3790: $? = 0
configure:3840: result: yes
configure:3843: checking for C compiler default output file name
configure:3845: result: a.out
configure:3851: checking for suffix of executables
configure:3858: gcc -o conftest    conftest.c  >&5
configure:3862: $? = 0
configure:3885: result: 
configure:3907: checking whether we are cross compiling
configure:3915: gcc -o conftest    conftest.c  >&5
configure:3919: $? = 0
configure:3926: ./conftest
configure:3930: $? = 0
configure:3945: result: no
configure:3950: checking for suffix of object files
configure:3973: gcc -c   conftest.c >&5
configure:3977: $? = 0
configure:3999: result: o
configure:4003: checking whether the compiler supports GNU C
configure:4023: gcc -c   conftest.c >&5
configure:4023: $? = 0
configure:4033: result: yes
configure:4044: checking whether gcc accepts -g
configure:4065: gcc -c -g  conftest.c >&5
configure:4065: $? = 0
configure:4109: result: yes
configure:4129: checking for gcc option to enable C11 features
configure:4144: gcc  -c -g -O2  conftest.c >&5
configure:4144: $? = 0
configure:4162: result: none needed
configure:4341: checking for g++
configure:4362: found /usr/bin/g++
configure:4373: result: g++
configure:4400: checking for C++ compiler version
configure:4409: g++ --version >&5
g++ (Ubuntu 11.4.0-1ubuntu1~22.04) 11.4.0
Copyright (C) 2021 Free Software Foundation, Inc.
This is free software; see the source for copying conditions.  There is NO
warranty; not even for MERCHANTABILITY or FITNESS FOR A PARTICULAR PURPOSE.

configure:4420: $? = 0
configure:4409: g++ -v >&5
Using built-in specs.
COLLECT_GCC=g++
COLLECT_LTO_WRAPPER=/usr/lib/gcc/x86_64-linux-gnu/11/lto-wrapper
OFFLOAD_TARGET_NAMES=nvptx-none:amdgcn-amdhsa
OFFLOAD_TARGET_DEFAULT=1
Target: x86_64-linux-gnu
Configured with: ../src/configure -v --with-pkgversion='Ubuntu 11.4.0-1ubuntu1~22.04' --with-bugurl=file:///usr/share/doc/gcc-11/README.Bugs --enable-languages=c,ada,c++,go,brig,d,fortran,objc,obj-c++,m2 --prefix=/usr --with-gcc-major-version-only --program-suffix=-11 --program-prefix=x86_64-linux-gnu- --enable-shared --enable-linker-build-id --libexecdir=/usr/lib --without-included-gettext --enable-threads=posix --libdir=/usr/lib --enable-nls --enable-bootstrap --enable-clocale=gnu --enable-libstdcxx-debug --enable-libstdcxx-time=yes --with-default-libstdcxx-abi=new --enable-gnu-unique-object --disable-vtable-verify --enable-plugin --enable-default-pie --with-system-zlib --enable-libphobos-checking=release --with-target-system-zlib=auto --enable-objc-gc=auto --enable-multiarch --disable-werror --enable-cet --with-arch-32=i686 --with-abi=m64 --with-multilib-list=m32,m64,mx32 --enable-multilib --with-tune=generic --enable-offload-targets=nvptx-none=/build/gcc-11-XeT9lY/gcc-11-11.4.0/debian/tmp-nvptx/usr,amdgcn-amdhsa=/build/gcc-11-XeT9lY/gcc-11-11.4.0/debian/tmp-gcn/usr --without-cuda-driver --enable-checking=release --build=x86_64-linux-gnu --host=x86_64-linux-gnu --target=x86_64-linux-gnu --with-build-config=bootstrap-lto-lean --enable-link-serialization=2
Thread model: posix
Supported LTO compression algorithms: zlib zstd
gcc version 11.4.0 (Ubuntu 11.4.0-1ubuntu1~22.04) 
... rest of stderr output deleted ...
configure:4420: $? = 0
configure:4409: g++ -V >&5
g++: error: unrecognized command-line option '-V'
g++: fatal error: no input files
compilation terminated.
configure:4420: $? = 1
configure:4409: g++ -qversion >&5
g++: error: unrecognized command-line option '-qversion'; did you mean '--version'?
g++: fatal error: no input files
compilation terminated.
configure:4420: $? = 1
configure:4424: checking whether the compiler supports GNU C++
configure:4444: g++ -c   conftest.cpp >&5
configure:4444: $? = 0
configure:4454: result: yes
configure:4465: checking whether g++ accepts -g
configure:4486: g++ -c -g  conftest.cpp >&5
configure:4486: $? = 0
configure:4530: result: yes
configure:4550: checking for g++ option to enable C++11 features
configure:4565: g++  -c -g -O2  conftest.cpp >&5
conftest.cpp: In function 'int main(int, char**)':
conftest.cpp:175:25: warning: empty parentheses were disambiguated as a function declaration [-Wvexing-parse]
  175 |   cxx11test::delegate d2();
      |                         ^~
conftest.cpp:175:25: note: remove parentheses to default-initialize a variable
  175 |   cxx11test::delegate d2();
      |                         ^~
      |                         --
conftest.cpp:175:25: note: or replace parentheses with braces to value-initialize a variable
configure:4565: $? = 0
configure:4583: result: none needed
configure:4695: checking for ranlib
configure:4716: found /usr/bin/ranlib
configure:4727: result: ranlib
configure:4754: checking how to run the C preprocessor
configure:4780: gcc -E  conftest.c
configure:4780: $? = 0
configure:4795: gcc -E  conftest.c
conftest.c:9:10: fatal error: ac_nonexistent.h: No such file or directory
    9 | #include <ac_nonexistent.h>
      |          ^~~~~~~~~~~~~~~~~~
compilation terminated.
configure:4795: $? = 1
configure: failed program was:
| /* confdefs.h */
| #define PACKAGE_NAME ""
| #define PACKAGE_TARNAME ""
| #define PACKAGE_VERSION ""
| #define PACKAGE_STRING ""
| #define PACKAGE_BUGREPORT ""
| #define PACKAGE_URL ""
| /* end confdefs.h.  */
| #include <ac_nonexistent.h>
configure:4822: result: gcc -E
configure:4836: gcc -E  conftest.c
configure:4836: $? = 0
configure:4851: gcc -E  conftest.c
conftest.c:9:10: fatal error: ac_nonexistent.h: No such file or directory
    9 | #include <ac_nonexistent.h>
      |          ^~~~~~~~~~~~~~~~~~
compilation terminated.
configure:4851: $? = 1
configure: failed program was:
| /* confdefs.h */
| #define PACKAGE_NAME ""
| #define PACKAGE_TARNAME ""
| #define PACKAGE_VERSION ""
| #define PACKAGE_STRING ""
| #define PACKAGE_BUGREPORT ""
| #define PACKAGE_URL ""
| /* end confdefs.h.  */
| #include <ac_nonexistent.h>
configure:4902: g++ -c -g -O2  conftest.cpp >&5
configure:4902: $? = 0
configure:4928: Building for linux-gnu
configure:4943: checking for mixed mingw-gcc and native VC++ environment
configure:4973: result: no
configure:4980: checking for mixed cygwin and native MinGW environment
configure:4995: result: no
configure:5020: checking if we mix cygwin with any native compiler
configure:5026: result: no
configure:5030: checking if we mix msys with another native compiler
configure:5036: result: no
configure:5040: checking if we mix WSL with another native compiler
configure:5046: result: no
configure:5064: checking for stdio.h
configure:5064: gcc -c -g -O2  conftest.c >&5
configure:5064: $? = 0
configure:5064: result: yes
configure:5064: checking for stdlib.h
configure:5064: gcc -c -g -O2  conftest.c >&5
configure:5064: $? = 0
configure:5064: result: yes
configure:5064: checking for string.h
configure:5064: gcc -c -g -O2  conftest.c >&5
configure:5064: $? = 0
configure:5064: result: yes
configure:5064: checking for inttypes.h
configure:5064: gcc -c -g -O2  conftest.c >&5
configure:5064: $? = 0
configure:5064: result: yes
configure:5064: checking for stdint.h
configure:5064: gcc -c -g -O2  conftest.c >&5
configure:5064: $? = 0
configure:5064: result: yes
configure:5064: checking for strings.h
configure:5064: gcc -c -g -O2  conftest.c >&5
configure:5064: $? = 0
configure:5064: result: yes
configure:5064: checking for sys/stat.h
configure:5064: gcc -c -g -O2  conftest.c >&5
configure:5064: $? = 0
configure:5064: result: yes
configure:5064: checking for sys/types.h
configure:5064: gcc -c -g -O2  conftest.c >&5
configure:5064: $? = 0
configure:5064: result: yes
configure:5064: checking for unistd.h
configure:5064: gcc -c -g -O2  conftest.c >&5
configure:5064: $? = 0
configure:5064: result: yes
configure:5093: checking size of void *
configure:5099: gcc -o conftest -g -O2   conftest.c  >&5
configure:5099: $? = 0
configure:5099: ./conftest
configure:5099: $? = 0
configure:5114: result: 8
configure:5301: checking if we can add -fno-move-loop-invariants to CXXNOOPT (via CFLAGS)
configure:5316: gcc -c -fno-move-loop-invariants -O1  -D_GNU_SOURCE -D_THREAD_SAFE -D_REENTRANT  conftest.c >&5
configure:5316: $? = 0
configure:5327: result: yes
configure:5339: checking if we can add -fno-var-tracking-assignments to CXXNOOPT (via CFLAGS)
configure:5354: gcc -c -fno-var-tracking-assignments -fno-move-loop-invariants -O1  -D_GNU_SOURCE -D_THREAD_SAFE -D_REENTRANT  conftest.c >&5
configure:5354: $? = 0
configure:5365: result: yes
configure:5385: checking for GL/gl.h
configure:5385: gcc -c -Wall -fPIC -g -O2 -Wno-deprecated-declarations -fomit-frame-pointer -fno-strict-aliasing  -D_GNU_SOURCE -D_THREAD_SAFE -D_REENTRANT  conftest.c >&5
configure:5385: $? = 0
configure:5385: result: yes
configure:5476: checking for GL/glu.h
configure:5476: gcc -c -Wall -fPIC -g -O2 -Wno-deprecated-declarations -fomit-frame-pointer -fno-strict-aliasing  -D_GNU_SOURCE -D_THREAD_SAFE -D_REENTRANT  conftest.c >&5
configure:5476: $? = 0
configure:5476: result: yes
configure:5671: checking for wx-config
configure:5695: found /usr/bin/wx-config
configure:5708: result: /usr/bin/wx-config
configure:5726: checking for wxWidgets version >= 3.0.2 (--unicode)
configure:5769: result: yes (version 3.0.5)
configure:5773: checking for wxWidgets static library
configure:5777: result: no
configure:5912: checking for wxwidgets webview
configure:5941: g++ -o conftest  -Wall -fPIC -g -O2 -Wno-deprecated-declarations -fomit-frame-pointer -fno-strict-aliasing  -D_GNU_SOURCE -D_THREAD_SAFE -D_REENTRANT  -I/usr/lib/x86_64-linux-gnu/wx/include/gtk3-unicode-3.0 -I/usr/include/wx-3.0 -D_FILE_OFFSET_BITS=64 -DWXUSINGDLL -D__WXGTK__ -pthread  -D_GNU_SOURCE -D_THREAD_SAFE -D_REENTRANT  -shared -fPIC  conftest.cpp -L/usr/lib/x86_64-linux-gnu -pthread   -lwx_gtk3u_core-3.0 -lwx_baseu-3.0 -lwx_gtk3u_html-3.0 -lwx_gtk3u_webview-3.0  >&5
/usr/bin/ld: cannot find -lwx_gtk3u_webview-3.0: No such file or directory
collect2: error: ld returned 1 exit status
configure:5941: $? = 1
configure: failed program was:
| /* confdefs.h */
| #define PACKAGE_NAME ""
| #define PACKAGE_TARNAME ""
| #define PACKAGE_VERSION ""
| #define PACKAGE_STRING ""
| #define PACKAGE_BUGREPORT ""
| #define PACKAGE_URL ""
| #define HAVE_STDIO_H 1
| #define HAVE_STDLIB_H 1
| #define HAVE_STRING_H 1
| #define HAVE_INTTYPES_H 1
| #define HAVE_STDINT_H 1
| #define HAVE_STRINGS_H 1
| #define HAVE_SYS_STAT_H 1
| #define HAVE_SYS_TYPES_H 1
| #define HAVE_UNISTD_H 1
| #define STDC_HEADERS 1
| #define SIZEOF_VOID_P 8
| #define HAVE_GL_GL_H 1
| #define HAVE_GL_GLU_H 1
| /* end confdefs.h.  */
| 
| 	  #include "wx/wx.h"
|           #include "wx/webview.h"
| 
| int
| main (void)
| {
| 
|              wxWebView::New();
| 
|   ;
|   return 0;
| }
configure:5958: result: no
configure:6002: checking for wx-config
configure:6039: result: /usr/bin/wx-config
configure:6057: checking for wxWidgets version >= 3.0.2 (--unicode --debug=yes)
configure:6100: result: yes (version 3.0.5)
configure:6104: checking for wxWidgets static library
configure:6108: result: no
configure:6236: checking for debug build of wxWidgets
configure:6239: result: yes
configure:6286: checking for wx-config
configure:6323: result: /usr/bin/wx-config
configure:6341: checking for wxWidgets version >= 3.0.2 (--unicode --debug=no)
configure:6384: result: yes (version 3.0.5)
configure:6388: checking for wxWidgets static library
configure:6392: result: no
configure:6520: checking for standard build of wxWidgets
configure:6523: result: yes
configure:6734: checking for wxwidgets 3.0 compatibility 
configure:6764: g++ -c  -Wall -fPIC -g -O2 -Wno-deprecated-declarations -fomit-frame-pointer -fno-strict-aliasing  -D_GNU_SOURCE -D_THREAD_SAFE -D_REENTRANT  -I/usr/lib/x86_64-linux-gnu/wx/include/gtk3-unicode-3.0 -I/usr/include/wx-3.0 -D_FILE_OFFSET_BITS=64 -DWXUSINGDLL -D__WXGTK__ -pthread  -D_GNU_SOURCE -D_THREAD_SAFE -D_REENTRANT  conftest.cpp >&5
configure:6764: $? = 0
configure:6779: result: yes
configure:6794: checking for wxwidgets opengl support
configure:6824: g++ -c  -Wall -fPIC -g -O2 -Wno-deprecated-declarations -fomit-frame-pointer -fno-strict-aliasing  -D_GNU_SOURCE -D_THREAD_SAFE -D_REENTRANT  -I/usr/lib/x86_64-linux-gnu/wx/include/gtk3-unicode-3.0 -I/usr/include/wx-3.0 -D_FILE_OFFSET_BITS=64 -DWXUSINGDLL -D__WXGTK__ -pthread  -D_GNU_SOURCE -D_THREAD_SAFE -D_REENTRANT  conftest.cpp >&5
configure:6824: $? = 0
configure:6842: result: yes
configure:6859: checking for GLintptr
configure:6859: gcc -c -Wall -fPIC -g -O2 -Wno-deprecated-declarations -fomit-frame-pointer -fno-strict-aliasing  -D_GNU_SOURCE -D_THREAD_SAFE -D_REENTRANT    -D_GNU_SOURCE -D_THREAD_SAFE -D_REENTRANT  conftest.c >&5
configure:6859: $? = 0
configure:6859: gcc -c -Wall -fPIC -g -O2 -Wno-deprecated-declarations -fomit-frame-pointer -fno-strict-aliasing  -D_GNU_SOURCE -D_THREAD_SAFE -D_REENTRANT    -D_GNU_SOURCE -D_THREAD_SAFE -D_REENTRANT  conftest.c >&5
conftest.c: In function 'main':
conftest.c:36:23: error: expected expression before ')' token
   36 | if (sizeof ((GLintptr)))
      |                       ^
configure:6859: $? = 1
configure: failed program was:
| /* confdefs.h */
| #define PACKAGE_NAME ""
| #define PACKAGE_TARNAME ""
| #define PACKAGE_VERSION ""
| #define PACKAGE_STRING ""
| #define PACKAGE_BUGREPORT ""
| #define PACKAGE_URL ""
| #define HAVE_STDIO_H 1
| #define HAVE_STDLIB_H 1
| #define HAVE_STRING_H 1
| #define HAVE_INTTYPES_H 1
| #define HAVE_STDINT_H 1
| #define HAVE_STRINGS_H 1
| #define HAVE_SYS_STAT_H 1
| #define HAVE_SYS_TYPES_H 1
| #define HAVE_UNISTD_H 1
| #define STDC_HEADERS 1
| #define SIZEOF_VOID_P 8
| #define HAVE_GL_GL_H 1
| #define HAVE_GL_GLU_H 1
| #define HAVE_GL_SUPPORT 1
| /* end confdefs.h.  */
| #ifdef WIN32
| 		# include <windows.h>
| 	        # include <gl/gl.h>
| 	        #elif defined(HAVE_GL_GL_H)
| 	        # include <GL/gl.h>
|                 #elif defined(HAVE_OPENGL_GL_H)
| 		# include <OpenGL/gl.h>
| 		#endif
| 
| 
| int
| main (void)
| {
| if (sizeof ((GLintptr)))
| 	    return 0;
|   ;
|   return 0;
| }
configure:6859: result: yes
configure:6876: checking for GLintptrARB
configure:6876: gcc -c -Wall -fPIC -g -O2 -Wno-deprecated-declarations -fomit-frame-pointer -fno-strict-aliasing  -D_GNU_SOURCE -D_THREAD_SAFE -D_REENTRANT    -D_GNU_SOURCE -D_THREAD_SAFE -D_REENTRANT  conftest.c >&5
configure:6876: $? = 0
configure:6876: gcc -c -Wall -fPIC -g -O2 -Wno-deprecated-declarations -fomit-frame-pointer -fno-strict-aliasing  -D_GNU_SOURCE -D_THREAD_SAFE -D_REENTRANT    -D_GNU_SOURCE -D_THREAD_SAFE -D_REENTRANT  conftest.c >&5
conftest.c: In function 'main':
conftest.c:37:26: error: expected expression before ')' token
   37 | if (sizeof ((GLintptrARB)))
      |                          ^
configure:6876: $? = 1
configure: failed program was:
| /* confdefs.h */
| #define PACKAGE_NAME ""
| #define PACKAGE_TARNAME ""
| #define PACKAGE_VERSION ""
| #define PACKAGE_STRING ""
| #define PACKAGE_BUGREPORT ""
| #define PACKAGE_URL ""
| #define HAVE_STDIO_H 1
| #define HAVE_STDLIB_H 1
| #define HAVE_STRING_H 1
| #define HAVE_INTTYPES_H 1
| #define HAVE_STDINT_H 1
| #define HAVE_STRINGS_H 1
| #define HAVE_SYS_STAT_H 1
| #define HAVE_SYS_TYPES_H 1
| #define HAVE_UNISTD_H 1
| #define STDC_HEADERS 1
| #define SIZEOF_VOID_P 8
| #define HAVE_GL_GL_H 1
| #define HAVE_GL_GLU_H 1
| #define HAVE_GL_SUPPORT 1
| #define HAVE_GLINTPTR 1
| /* end confdefs.h.  */
| #ifdef WIN32
| 		# include <windows.h>
| 	        # include <gl/gl.h>
| 	        #elif defined(HAVE_GL_GL_H)
| 	        # include <GL/gl.h>
|                 #elif defined(HAVE_OPENGL_GL_H)
| 		# include <OpenGL/gl.h>
| 		#endif
| 
| 
| int
| main (void)
| {
| if (sizeof ((GLintptrARB)))
| 	    return 0;
|   ;
|   return 0;
| }
configure:6876: result: yes
configure:6893: checking for GLchar
configure:6893: gcc -c -Wall -fPIC -g -O2 -Wno-deprecated-declarations -fomit-frame-pointer -fno-strict-aliasing  -D_GNU_SOURCE -D_THREAD_SAFE -D_REENTRANT    -D_GNU_SOURCE -D_THREAD_SAFE -D_REENTRANT  conftest.c >&5
configure:6893: $? = 0
configure:6893: gcc -c -Wall -fPIC -g -O2 -Wno-deprecated-declarations -fomit-frame-pointer -fno-strict-aliasing  -D_GNU_SOURCE -D_THREAD_SAFE -D_REENTRANT    -D_GNU_SOURCE -D_THREAD_SAFE -D_REENTRANT  conftest.c >&5
conftest.c: In function 'main':
conftest.c:38:21: error: expected expression before ')' token
   38 | if (sizeof ((GLchar)))
      |                     ^
configure:6893: $? = 1
configure: failed program was:
| /* confdefs.h */
| #define PACKAGE_NAME ""
| #define PACKAGE_TARNAME ""
| #define PACKAGE_VERSION ""
| #define PACKAGE_STRING ""
| #define PACKAGE_BUGREPORT ""
| #define PACKAGE_URL ""
| #define HAVE_STDIO_H 1
| #define HAVE_STDLIB_H 1
| #define HAVE_STRING_H 1
| #define HAVE_INTTYPES_H 1
| #define HAVE_STDINT_H 1
| #define HAVE_STRINGS_H 1
| #define HAVE_SYS_STAT_H 1
| #define HAVE_SYS_TYPES_H 1
| #define HAVE_UNISTD_H 1
| #define STDC_HEADERS 1
| #define SIZEOF_VOID_P 8
| #define HAVE_GL_GL_H 1
| #define HAVE_GL_GLU_H 1
| #define HAVE_GL_SUPPORT 1
| #define HAVE_GLINTPTR 1
| #define HAVE_GLINTPTRARB 1
| /* end confdefs.h.  */
| #ifdef WIN32
| 		# include <windows.h>
| 	        # include <gl/gl.h>
| 	        #elif defined(HAVE_GL_GL_H)
| 	        # include <GL/gl.h>
|                 #elif defined(HAVE_OPENGL_GL_H)
| 		# include <OpenGL/gl.h>
| 		#endif
| 
| 
| int
| main (void)
| {
| if (sizeof ((GLchar)))
| 	    return 0;
|   ;
|   return 0;
| }
configure:6893: result: yes
configure:6910: checking for GLcharARB
configure:6910: gcc -c -Wall -fPIC -g -O2 -Wno-deprecated-declarations -fomit-frame-pointer -fno-strict-aliasing  -D_GNU_SOURCE -D_THREAD_SAFE -D_REENTRANT    -D_GNU_SOURCE -D_THREAD_SAFE -D_REENTRANT  conftest.c >&5
configure:6910: $? = 0
configure:6910: gcc -c -Wall -fPIC -g -O2 -Wno-deprecated-declarations -fomit-frame-pointer -fno-strict-aliasing  -D_GNU_SOURCE -D_THREAD_SAFE -D_REENTRANT    -D_GNU_SOURCE -D_THREAD_SAFE -D_REENTRANT  conftest.c >&5
conftest.c: In function 'main':
conftest.c:39:24: error: expected expression before ')' token
   39 | if (sizeof ((GLcharARB)))
      |                        ^
configure:6910: $? = 1
configure: failed program was:
| /* confdefs.h */
| #define PACKAGE_NAME ""
| #define PACKAGE_TARNAME ""
| #define PACKAGE_VERSION ""
| #define PACKAGE_STRING ""
| #define PACKAGE_BUGREPORT ""
| #define PACKAGE_URL ""
| #define HAVE_STDIO_H 1
| #define HAVE_STDLIB_H 1
| #define HAVE_STRING_H 1
| #define HAVE_INTTYPES_H 1
| #define HAVE_STDINT_H 1
| #define HAVE_STRINGS_H 1
| #define HAVE_SYS_STAT_H 1
| #define HAVE_SYS_TYPES_H 1
| #define HAVE_UNISTD_H 1
| #define STDC_HEADERS 1
| #define SIZEOF_VOID_P 8
| #define HAVE_GL_GL_H 1
| #define HAVE_GL_GLU_H 1
| #define HAVE_GL_SUPPORT 1
| #define HAVE_GLINTPTR 1
| #define HAVE_GLINTPTRARB 1
| #define HAVE_GLCHAR 1
| /* end confdefs.h.  */
| #ifdef WIN32
| 		# include <windows.h>
| 	        # include <gl/gl.h>
| 	        #elif defined(HAVE_GL_GL_H)
| 	        # include <GL/gl.h>
|                 #elif defined(HAVE_OPENGL_GL_H)
| 		# include <OpenGL/gl.h>
| 		#endif
| 
| 
| int
| main (void)
| {
| if (sizeof ((GLcharARB)))
| 	    return 0;
|   ;
|   return 0;
| }
configure:6910: result: yes
configure:6927: checking for GLhalfARB
configure:6927: gcc -c -Wall -fPIC -g -O2 -Wno-deprecated-declarations -fomit-frame-pointer -fno-strict-aliasing  -D_GNU_SOURCE -D_THREAD_SAFE -D_REENTRANT    -D_GNU_SOURCE -D_THREAD_SAFE -D_REENTRANT  conftest.c >&5
configure:6927: $? = 0
configure:6927: gcc -c -Wall -fPIC -g -O2 -Wno-deprecated-declarations -fomit-frame-pointer -fno-strict-aliasing  -D_GNU_SOURCE -D_THREAD_SAFE -D_REENTRANT    -D_GNU_SOURCE -D_THREAD_SAFE -D_REENTRANT  conftest.c >&5
conftest.c: In function 'main':
conftest.c:40:24: error: expected expression before ')' token
   40 | if (sizeof ((GLhalfARB)))
      |                        ^
configure:6927: $? = 1
configure: failed program was:
| /* confdefs.h */
| #define PACKAGE_NAME ""
| #define PACKAGE_TARNAME ""
| #define PACKAGE_VERSION ""
| #define PACKAGE_STRING ""
| #define PACKAGE_BUGREPORT ""
| #define PACKAGE_URL ""
| #define HAVE_STDIO_H 1
| #define HAVE_STDLIB_H 1
| #define HAVE_STRING_H 1
| #define HAVE_INTTYPES_H 1
| #define HAVE_STDINT_H 1
| #define HAVE_STRINGS_H 1
| #define HAVE_SYS_STAT_H 1
| #define HAVE_SYS_TYPES_H 1
| #define HAVE_UNISTD_H 1
| #define STDC_HEADERS 1
| #define SIZEOF_VOID_P 8
| #define HAVE_GL_GL_H 1
| #define HAVE_GL_GLU_H 1
| #define HAVE_GL_SUPPORT 1
| #define HAVE_GLINTPTR 1
| #define HAVE_GLINTPTRARB 1
| #define HAVE_GLCHAR 1
| #define HAVE_GLCHARARB 1
| /* end confdefs.h.  */
| #ifdef WIN32
| 		# include <windows.h>
| 	        # include <gl/gl.h>
| 	        #elif defined(HAVE_GL_GL_H)
| 	        # include <GL/gl.h>
|                 #elif defined(HAVE_OPENGL_GL_H)
| 		# include <OpenGL/gl.h>
| 		#endif
| 
| 
| int
| main (void)
| {
| if (sizeof ((GLhalfARB)))
| 	    return 0;
|   ;
|   return 0;
| }
configure:6927: result: yes
configure:6944: checking for GLint64EXT
configure:6944: gcc -c -Wall -fPIC -g -O2 -Wno-deprecated-declarations -fomit-frame-pointer -fno-strict-aliasing  -D_GNU_SOURCE -D_THREAD_SAFE -D_REENTRANT    -D_GNU_SOURCE -D_THREAD_SAFE -D_REENTRANT  conftest.c >&5
configure:6944: $? = 0
configure:6944: gcc -c -Wall -fPIC -g -O2 -Wno-deprecated-declarations -fomit-frame-pointer -fno-strict-aliasing  -D_GNU_SOURCE -D_THREAD_SAFE -D_REENTRANT    -D_GNU_SOURCE -D_THREAD_SAFE -D_REENTRANT  conftest.c >&5
conftest.c: In function 'main':
conftest.c:41:25: error: expected expression before ')' token
   41 | if (sizeof ((GLint64EXT)))
      |                         ^
configure:6944: $? = 1
configure: failed program was:
| /* confdefs.h */
| #define PACKAGE_NAME ""
| #define PACKAGE_TARNAME ""
| #define PACKAGE_VERSION ""
| #define PACKAGE_STRING ""
| #define PACKAGE_BUGREPORT ""
| #define PACKAGE_URL ""
| #define HAVE_STDIO_H 1
| #define HAVE_STDLIB_H 1
| #define HAVE_STRING_H 1
| #define HAVE_INTTYPES_H 1
| #define HAVE_STDINT_H 1
| #define HAVE_STRINGS_H 1
| #define HAVE_SYS_STAT_H 1
| #define HAVE_SYS_TYPES_H 1
| #define HAVE_UNISTD_H 1
| #define STDC_HEADERS 1
| #define SIZEOF_VOID_P 8
| #define HAVE_GL_GL_H 1
| #define HAVE_GL_GLU_H 1
| #define HAVE_GL_SUPPORT 1
| #define HAVE_GLINTPTR 1
| #define HAVE_GLINTPTRARB 1
| #define HAVE_GLCHAR 1
| #define HAVE_GLCHARARB 1
| #define HAVE_GLHALFARB 1
| /* end confdefs.h.  */
| #ifdef WIN32
| 		# include <windows.h>
| 	        # include <gl/gl.h>
| 	        #elif defined(HAVE_GL_GL_H)
| 	        # include <GL/gl.h>
|                 #elif defined(HAVE_OPENGL_GL_H)
| 		# include <OpenGL/gl.h>
| 		#endif
| 
| 
| int
| main (void)
| {
| if (sizeof ((GLint64EXT)))
| 	    return 0;
|   ;
|   return 0;
| }
configure:6944: result: yes
configure:6963: checking GLU Callbacks uses Tiger Style
configure:7001: g++ -c  -Wall -fPIC -g -O2 -Wno-deprecated-declarations -fomit-frame-pointer -fno-strict-aliasing  -D_GNU_SOURCE -D_THREAD_SAFE -D_REENTRANT  -I/usr/lib/x86_64-linux-gnu/wx/include/gtk3-unicode-3.0 -I/usr/include/wx-3.0 -D_FILE_OFFSET_BITS=64 -DWXUSINGDLL -D__WXGTK__ -pthread  -D_GNU_SOURCE -D_THREAD_SAFE -D_REENTRANT  conftest.cpp >&5
conftest.cpp: In function 'int main()':
conftest.cpp:48:57: error: invalid conversion from 'GLvoid (*)(...)' {aka 'void (*)(...)'} to '_GLUfuncptr' {aka 'void (*)()'} [-fpermissive]
   48 |                    gluTessCallback(tess,GLU_TESS_VERTEX,(GLvoid (*)(...)) foo);
      |                                                         ^~~~~~~~~~~~~~~~~~~~~
      |                                                         |
      |                                                         GLvoid (*)(...) {aka void (*)(...)}
In file included from conftest.cpp:34:
/usr/include/GL/glu.h:336:87: note:   initializing argument 3 of 'void gluTessCallback(GLUtesselator*, GLenum, _GLUfuncptr)'
  336 | GLAPI void GLAPIENTRY gluTessCallback (GLUtesselator* tess, GLenum which, _GLUfuncptr CallBackFunc);
      |                                                                           ~~~~~~~~~~~~^~~~~~~~~~~~
configure:7001: $? = 1
configure: failed program was:
| /* confdefs.h */
| #define PACKAGE_NAME ""
| #define PACKAGE_TARNAME ""
| #define PACKAGE_VERSION ""
| #define PACKAGE_STRING ""
| #define PACKAGE_BUGREPORT ""
| #define PACKAGE_URL ""
| #define HAVE_STDIO_H 1
| #define HAVE_STDLIB_H 1
| #define HAVE_STRING_H 1
| #define HAVE_INTTYPES_H 1
| #define HAVE_STDINT_H 1
| #define HAVE_STRINGS_H 1
| #define HAVE_SYS_STAT_H 1
| #define HAVE_SYS_TYPES_H 1
| #define HAVE_UNISTD_H 1
| #define STDC_HEADERS 1
| #define SIZEOF_VOID_P 8
| #define HAVE_GL_GL_H 1
| #define HAVE_GL_GLU_H 1
| #define HAVE_GL_SUPPORT 1
| #define HAVE_GLINTPTR 1
| #define HAVE_GLINTPTRARB 1
| #define HAVE_GLCHAR 1
| #define HAVE_GLCHARARB 1
| #define HAVE_GLHALFARB 1
| #define HAVE_GLINT64EXT 1
| /* end confdefs.h.  */
| 
|                 #ifdef WIN32
| 		# include <windows.h>
| 	        # include <gl/glu.h>
| 	        #elif defined(HAVE_GL_GL_H)
| 	        # include <GL/glu.h>
|                 #elif defined(HAVE_OPENGL_GL_H)
| 		# include <OpenGL/glu.h>
| 		#endif
| 		#ifndef CALLBACK
| 		# define CALLBACK
| 		#endif
| 		void CALLBACK foo() {};
| 
| int
| main (void)
| {
| 
| 		   GLUtesselator* tess;
| 		   gluTessCallback(tess,GLU_TESS_VERTEX,(GLvoid (*)(...)) foo);
| 
|   ;
|   return 0;
| }
configure:7011: result: no
configure:7016: checking if we can link wxwidgets programs
configure:7044: g++ -o conftest  -Wall -fPIC -g -O2 -Wno-deprecated-declarations -fomit-frame-pointer -fno-strict-aliasing  -D_GNU_SOURCE -D_THREAD_SAFE -D_REENTRANT  -I/usr/lib/x86_64-linux-gnu/wx/include/gtk3-unicode-3.0 -I/usr/include/wx-3.0 -D_FILE_OFFSET_BITS=64 -DWXUSINGDLL -D__WXGTK__ -pthread  -D_GNU_SOURCE -D_THREAD_SAFE -D_REENTRANT  -shared -fPIC  conftest.cpp  >&5
configure:7044: $? = 0
configure:7065: result: yes
configure:7089: checking if we can add -Werror=return-type to CFLAGS (via CFLAGS)
configure:7104: gcc -c -Werror=return-type -Wall -fPIC -g -O2 -Wno-deprecated-declarations -fomit-frame-pointer -fno-strict-aliasing  -D_GNU_SOURCE -D_THREAD_SAFE -D_REENTRANT    -D_GNU_SOURCE -D_THREAD_SAFE -D_REENTRANT  conftest.c >&5
configure:7104: $? = 0
configure:7115: result: yes
configure:7127: checking if we can add -Werror=return-type to CXXFLAGS (via CFLAGS)
configure:7142: gcc -c -Werror=return-type  -Wall -fPIC -g -O2 -Wno-deprecated-declarations -fomit-frame-pointer -fno-strict-aliasing  -D_GNU_SOURCE -D_THREAD_SAFE -D_REENTRANT   -D_GNU_SOURCE -D_THREAD_SAFE -D_REENTRANT  conftest.c >&5
configure:7142: $? = 0
configure:7153: result: yes
configure:7336: creating x86_64-pc-linux-gnu/config.status

## ---------------------- ##
## Running config.status. ##
## ---------------------- ##

This file was extended by config.status, which was
generated by GNU Autoconf 2.71.  Invocation command line was

  CONFIG_FILES    = 
  CONFIG_HEADERS  = 
  CONFIG_LINKS    = 
  CONFIG_COMMANDS = 
  $ x86_64-pc-linux-gnu/config.status 

on PCNarjes

config.status:778: creating config.mk
config.status:778: creating c_src/Makefile

## ---------------- ##
## Cache variables. ##
## ---------------- ##

ac_cv_build=x86_64-pc-linux-gnu
ac_cv_c_compiler_gnu=yes
ac_cv_cxx_compiler_gnu=yes
ac_cv_env_CCC_set=
ac_cv_env_CCC_value=
ac_cv_env_CC_set=
ac_cv_env_CC_value=
ac_cv_env_CFLAGS_set=
ac_cv_env_CFLAGS_value=
ac_cv_env_CPPFLAGS_set=
ac_cv_env_CPPFLAGS_value=
ac_cv_env_CPP_set=
ac_cv_env_CPP_value=
ac_cv_env_CXXFLAGS_set=
ac_cv_env_CXXFLAGS_value=
ac_cv_env_CXX_set=
ac_cv_env_CXX_value=
ac_cv_env_LDFLAGS_set=
ac_cv_env_LDFLAGS_value=
ac_cv_env_LIBS_set=
ac_cv_env_LIBS_value=
ac_cv_env_build_alias_set=
ac_cv_env_build_alias_value=
ac_cv_env_host_alias_set=
ac_cv_env_host_alias_value=
ac_cv_env_target_alias_set=
ac_cv_env_target_alias_value=
ac_cv_header_GL_gl_h=yes
ac_cv_header_GL_glu_h=yes
ac_cv_header_inttypes_h=yes
ac_cv_header_stdint_h=yes
ac_cv_header_stdio_h=yes
ac_cv_header_stdlib_h=yes
ac_cv_header_string_h=yes
ac_cv_header_strings_h=yes
ac_cv_header_sys_stat_h=yes
ac_cv_header_sys_types_h=yes
ac_cv_header_unistd_h=yes
ac_cv_host=x86_64-pc-linux-gnu
ac_cv_objext=o
ac_cv_path_WX_CONFIG_PATH=/usr/bin/wx-config
ac_cv_prog_CPP='gcc -E'
ac_cv_prog_ac_ct_CC=gcc
ac_cv_prog_ac_ct_CXX=g++
ac_cv_prog_ac_ct_RANLIB=ranlib
ac_cv_prog_cc_c11=
ac_cv_prog_cc_g=yes
ac_cv_prog_cc_stdc=
ac_cv_prog_cxx_11=no
ac_cv_prog_cxx_cxx11=
ac_cv_prog_cxx_g=yes
ac_cv_prog_cxx_stdcxx=
ac_cv_sizeof_void_p=8
ac_cv_target=x86_64-pc-linux-gnu
ac_cv_type_GLchar=yes
ac_cv_type_GLcharARB=yes
ac_cv_type_GLhalfARB=yes
ac_cv_type_GLint64EXT=yes
ac_cv_type_GLintptr=yes
ac_cv_type_GLintptrARB=yes

## ----------------- ##
## Output variables. ##
## ----------------- ##

CC='gcc'
CFLAGS='-Werror=return-type -Wall -fPIC -g -O2 -Wno-deprecated-declarations -fomit-frame-pointer -fno-strict-aliasing  -D_GNU_SOURCE -D_THREAD_SAFE -D_REENTRANT  '
CPP='gcc -E'
CPPFLAGS=' -D_GNU_SOURCE -D_THREAD_SAFE -D_REENTRANT '
CXX='g++'
CXXFLAGS='-Werror=return-type  -Wall -fPIC -g -O2 -Wno-deprecated-declarations -fomit-frame-pointer -fno-strict-aliasing  -D_GNU_SOURCE -D_THREAD_SAFE -D_REENTRANT '
CXXNOOPTFLAGS=' -Wall -fPIC -g -O2 -Wno-deprecated-declarations -fomit-frame-pointer -fno-strict-aliasing  -D_GNU_SOURCE -D_THREAD_SAFE -D_REENTRANT  -fno-var-tracking-assignments -fno-move-loop-invariants -O1'
DEBUG_CFLAGS='-g -Wall -fPIC -g -O2 -Wno-deprecated-declarations -DDEBUG  -D_GNU_SOURCE -D_THREAD_SAFE -D_REENTRANT  '
DEBUG_CXXFLAGS=' -g -Wall -fPIC -g -O2 -Wno-deprecated-declarations -DDEBUG  -D_GNU_SOURCE -D_THREAD_SAFE -D_REENTRANT '
DEBUG_WX_CFLAGS='-I/usr/lib/x86_64-linux-gnu/wx/include/gtk3-unicode-3.0 -I/usr/include/wx-3.0 -D_FILE_OFFSET_BITS=64 -DWXUSINGDLL -D__WXGTK__ -pthread'
DEBUG_WX_CXXFLAGS='-I/usr/lib/x86_64-linux-gnu/wx/include/gtk3-unicode-3.0 -I/usr/include/wx-3.0 -D_FILE_OFFSET_BITS=64 -DWXUSINGDLL -D__WXGTK__ -pthread'
DEBUG_WX_LIBS='-L/usr/lib/x86_64-linux-gnu -pthread   -lwx_gtk3u_stc-3.0 -lwx_gtk3u_xrc-3.0 -lwx_gtk3u_html-3.0 -lwx_gtk3u_adv-3.0 -lwx_baseu_xml-3.0 -lwx_gtk3u_core-3.0 -lwx_baseu-3.0 -lwx_gtk3u_gl-3.0 -lwx_gtk3u_aui-3.0 '
DEBUG_WX_LIBS_STATIC=''
DEFS='-DPACKAGE_NAME=\"\" -DPACKAGE_TARNAME=\"\" -DPACKAGE_VERSION=\"\" -DPACKAGE_STRING=\"\" -DPACKAGE_BUGREPORT=\"\" -DPACKAGE_URL=\"\" -DHAVE_STDIO_H=1 -DHAVE_STDLIB_H=1 -DHAVE_STRING_H=1 -DHAVE_INTTYPES_H=1 -DHAVE_STDINT_H=1 -DHAVE_STRINGS_H=1 -DHAVE_SYS_STAT_H=1 -DHAVE_SYS_TYPES_H=1 -DHAVE_UNISTD_H=1 -DSTDC_HEADERS=1 -DSIZEOF_VOID_P=8 -DHAVE_GL_GL_H=1 -DHAVE_GL_GLU_H=1 -DHAVE_GL_SUPPORT=1 -DHAVE_GLINTPTR=1 -DHAVE_GLINTPTRARB=1 -DHAVE_GLCHAR=1 -DHAVE_GLCHARARB=1 -DHAVE_GLHALFARB=1 -DHAVE_GLINT64EXT=1'
ECHO_C=''
ECHO_N='-n'
ECHO_T=''
ERLANG_ROOT_DIR='/home/narjes/document/epitech/timemanager/timemanagerback/otp_src_26.0'
ERLC='erlc'
EXEEXT=''
FORCED_DEBUG_BUILD='false'
GLIB_CFLAGS=''
GLIB_LIBS=''
GL_LIBS='-lGL -lGLU'
HAVE_GL_SUPPORT='yes'
LDFLAGS='-shared -fPIC '
LIBOBJS=''
LIBS=''
LTLIBOBJS=''
MIXED_MINGW='no'
MIXED_VC='no'
OBJC_CC='gcc'
OBJC_CFLAGS=''
OBJEXT='o'
PACKAGE_BUGREPORT=''
PACKAGE_NAME=''
PACKAGE_STRING=''
PACKAGE_TARNAME=''
PACKAGE_URL=''
PACKAGE_VERSION=''
PATH_SEPARATOR=':'
RANLIB='ranlib'
RC_FILE_TYPE='o'
RUN_ERL='erl'
SHELL='/bin/bash'
SO_EXT='.so'
TARGET='x86_64-pc-linux-gnu'
TESS_CB_TIGER_STYLE='no'
WXERL_CAN_BUILD_DRIVER='true'
WXERL_SYS_TYPE='x86_64-pc-linux-gnu'
WX_CFLAGS='-I/usr/lib/x86_64-linux-gnu/wx/include/gtk3-unicode-3.0 -I/usr/include/wx-3.0 -D_FILE_OFFSET_BITS=64 -DWXUSINGDLL -D__WXGTK__ -pthread'
WX_CFLAGS_ONLY='-pthread'
WX_CONFIG_PATH='/usr/bin/wx-config'
WX_CPPFLAGS='-I/usr/lib/x86_64-linux-gnu/wx/include/gtk3-unicode-3.0 -I/usr/include/wx-3.0 -D_FILE_OFFSET_BITS=64 -DWXUSINGDLL -D__WXGTK__'
WX_CXXFLAGS='-I/usr/lib/x86_64-linux-gnu/wx/include/gtk3-unicode-3.0 -I/usr/include/wx-3.0 -D_FILE_OFFSET_BITS=64 -DWXUSINGDLL -D__WXGTK__ -pthread'
WX_CXXFLAGS_ONLY=''
WX_HAVE_STATIC_LIBS='false'
WX_LIBS='-L/usr/lib/x86_64-linux-gnu -pthread   -lwx_gtk3u_stc-3.0 -lwx_gtk3u_xrc-3.0 -lwx_gtk3u_html-3.0 -lwx_gtk3u_adv-3.0 -lwx_baseu_xml-3.0 -lwx_gtk3u_core-3.0 -lwx_baseu-3.0 -lwx_gtk3u_gl-3.0 -lwx_gtk3u_aui-3.0 '
WX_LIBS_STATIC=''
WX_RESCOMP=''
WX_VERSION='3.0.5'
WX_VERSION_MAJOR='3'
WX_VERSION_MICRO='5'
WX_VERSION_MINOR='0'
WX_WEBVIEW_DLL=''
ac_ct_CC='gcc'
ac_ct_CXX='g++'
bindir='${exec_prefix}/bin'
build='x86_64-pc-linux-gnu'
build_alias=''
build_cpu='x86_64'
build_os='linux-gnu'
build_vendor='pc'
datadir='${datarootdir}'
datarootdir='${prefix}/share'
docdir='${datarootdir}/doc/${PACKAGE}'
dvidir='${docdir}'
exec_prefix='${prefix}'
host='x86_64-pc-linux-gnu'
host_alias=''
host_cpu='x86_64'
host_os='linux-gnu'
host_vendor='pc'
htmldir='${docdir}'
includedir='${prefix}/include'
infodir='${datarootdir}/info'
libdir='${exec_prefix}/lib'
libexecdir='${exec_prefix}/libexec'
localedir='${datarootdir}/locale'
localstatedir='${prefix}/var'
mandir='${datarootdir}/man'
oldincludedir='/usr/include'
pdfdir='${docdir}'
prefix='/usr/local'
program_transform_name='s,x,x,'
psdir='${docdir}'
runstatedir='${localstatedir}/run'
sbindir='${exec_prefix}/sbin'
sharedstatedir='${prefix}/com'
sysconfdir='${prefix}/etc'
target='x86_64-pc-linux-gnu'
target_alias=''
target_cpu='x86_64'
target_os='linux-gnu'
target_vendor='pc'

## ----------- ##
## confdefs.h. ##
## ----------- ##

/* confdefs.h */
#define PACKAGE_NAME ""
#define PACKAGE_TARNAME ""
#define PACKAGE_VERSION ""
#define PACKAGE_STRING ""
#define PACKAGE_BUGREPORT ""
#define PACKAGE_URL ""
#define HAVE_STDIO_H 1
#define HAVE_STDLIB_H 1
#define HAVE_STRING_H 1
#define HAVE_INTTYPES_H 1
#define HAVE_STDINT_H 1
#define HAVE_STRINGS_H 1
#define HAVE_SYS_STAT_H 1
#define HAVE_SYS_TYPES_H 1
#define HAVE_UNISTD_H 1
#define STDC_HEADERS 1
#define SIZEOF_VOID_P 8
#define HAVE_GL_GL_H 1
#define HAVE_GL_GLU_H 1
#define HAVE_GL_SUPPORT 1
#define HAVE_GLINTPTR 1
#define HAVE_GLINTPTRARB 1
#define HAVE_GLCHAR 1
#define HAVE_GLCHARARB 1
#define HAVE_GLHALFARB 1
#define HAVE_GLINT64EXT 1

configure: exit 0
