This file contains any messages produced by compilers while
running configure, to aid debugging if configure makes a mistake.

It was created by configure, which was
generated by GNU Autoconf 2.71.  Invocation command line was

  $ ./configure --disable-option-checking --cache-file=/dev/null --srcdir=/home/narjes/document/epitech/timemanager/timemanagerback/otp_src_26.0/lib/crypto

## --------- ##
## Platform. ##
## --------- ##

hostname = PCNarjes
uname -m = x86_64
uname -r = 5.15.90.1-microsoft-standard-WSL2
uname -s = Linux
uname -v = #1 SMP Fri Jan 27 02:56:13 UTC 2023

/usr/bin/uname -p = x86_64
/bin/uname -X     = unknown

/bin/arch              = x86_64
/usr/bin/arch -k       = unknown
/usr/convex/getsysinfo = unknown
/usr/bin/hostinfo      = unknown
/bin/machine           = unknown
/usr/bin/oslevel       = unknown
/bin/universe          = unknown

PATH: /home/narjes/.config/composer/vendor/bin/
PATH: /usr/local/sbin/
PATH: /usr/local/bin/
PATH: /usr/sbin/
PATH: /usr/bin/
PATH: /sbin/
PATH: /bin/
PATH: /usr/games/
PATH: /usr/local/games/
PATH: /usr/lib/wsl/lib/
PATH: /c/Program Files/Microsoft/jdk-11.0.16.101-hotspot/bin/
PATH: /c/Program Files (x86)/Common Files/Oracle/Java/javapath/
PATH: /c/ProgramData/Anaconda3/
PATH: /c/ProgramData/Anaconda3/Library/mingw-w64/bin/
PATH: /c/ProgramData/Anaconda3/Library/usr/bin/
PATH: /c/ProgramData/Anaconda3/Library/bin/
PATH: /c/ProgramData/Anaconda3/Scripts/
PATH: /c/Windows/system32/
PATH: /c/Windows/
PATH: /c/Windows/System32/Wbem/
PATH: /c/Windows/System32/WindowsPowerShell/v1.0/
PATH: /c/Windows/System32/OpenSSH/
PATH: /c/Program Files (x86)/NVIDIA Corporation/PhysX/Common/
PATH: /c/Program Files/NVIDIA Corporation/NVIDIA NvDLISR/
PATH: /c/WINDOWS/system32/
PATH: /c/WINDOWS/
PATH: /c/WINDOWS/System32/Wbem/
PATH: /c/WINDOWS/System32/WindowsPowerShell/v1.0/
PATH: /c/WINDOWS/System32/OpenSSH/
PATH: /c/Program Files/Git/cmd/
PATH: /c/Program Files (x86)/STMicroelectronics/STM32 ST-LINK Utility/ST-LINK Utility/
PATH: /c/Program Files/PuTTY/
PATH: /c/Program Files/Docker/Docker/resources/bin/
PATH: /c/Program Files/Progress/DataDirect/ODBC/drivers/
PATH: /c/Users/narje/AppData/Roaming/nvm/
PATH: /c/Program Files/nodejs/
PATH: /c/Program Files/dotnet/
PATH: /c/Program Files/Microsoft SQL Server/150/Tools/Binn/
PATH: /c/Program Files/Microsoft SQL Server/Client SDK/ODBC/170/Tools/Binn/
PATH: /c/Program Files (x86)/Windows Kits/10/Windows Performance Toolkit/
PATH: /c/Users/narje/scoop/apps/elixir/current/bin/
PATH: /c/Program Files/Elixir/bin/
PATH: /c/Program Files/Erlang OTP/bin/
PATH: /c/Users/narje/scoop/shims/
PATH: /c/Users/narje/AppData/Local/Microsoft/WindowsApps/
PATH: /c/Users/narje/AppData/Local/Programs/Microsoft VS Code/bin/
PATH: /c/laragon/bin/php/php-8.2.6/
PATH: /c/Users/narje/AppData/Roaming/npm/
PATH: /c/Program Files/Vim/
PATH: /c/Users/narje/AppData/Local/Microsoft/WindowsApps/
PATH: /c/Users/narje/AppData/Roaming/nvm/
PATH: /c/Program Files/nodejs/
PATH: /c/Users/narje/AppData/Local/GitHubDesktop/bin/
PATH: /c/Program Files/CMake/bin/
PATH: /c/Users/narje/.dotnet/tools/
PATH: /c/Program Files (x86)/Microsoft Visual Studio/2022/BuildTools/VC/Tools/MSVC/14.37.32822/bin/Hostx86/x86/
PATH: /snap/bin/


## ----------- ##
## Core tests. ##
## ----------- ##

configure:2769: looking for aux files: config.guess config.sub
configure:2782:  trying /home/narjes/document/epitech/timemanager/timemanagerback/otp_src_26.0/make/autoconf/
configure:2811:   /home/narjes/document/epitech/timemanager/timemanagerback/otp_src_26.0/make/autoconf/config.guess found
configure:2811:   /home/narjes/document/epitech/timemanager/timemanagerback/otp_src_26.0/make/autoconf/config.sub found
configure:3025: checking build system type
configure:3040: result: x86_64-pc-linux-gnu
configure:3060: checking host system type
configure:3074: result: x86_64-pc-linux-gnu
configure:3094: checking target system type
configure:3108: result: x86_64-pc-linux-gnu
configure:3333: checking for gcc
configure:3354: found /usr/bin/gcc
configure:3365: result: gcc
configure:3718: checking for C compiler version
configure:3727: gcc --version >&5
gcc (Ubuntu 11.4.0-1ubuntu1~22.04) 11.4.0
Copyright (C) 2021 Free Software Foundation, Inc.
This is free software; see the source for copying conditions.  There is NO
warranty; not even for MERCHANTABILITY or FITNESS FOR A PARTICULAR PURPOSE.

configure:3738: $? = 0
configure:3727: gcc -v >&5
Using built-in specs.
COLLECT_GCC=gcc
COLLECT_LTO_WRAPPER=/usr/lib/gcc/x86_64-linux-gnu/11/lto-wrapper
OFFLOAD_TARGET_NAMES=nvptx-none:amdgcn-amdhsa
OFFLOAD_TARGET_DEFAULT=1
Target: x86_64-linux-gnu
Configured with: ../src/configure -v --with-pkgversion='Ubuntu 11.4.0-1ubuntu1~22.04' --with-bugurl=file:///usr/share/doc/gcc-11/README.Bugs --enable-languages=c,ada,c++,go,brig,d,fortran,objc,obj-c++,m2 --prefix=/usr --with-gcc-major-version-only --program-suffix=-11 --program-prefix=x86_64-linux-gnu- --enable-shared --enable-linker-build-id --libexecdir=/usr/lib --without-included-gettext --enable-threads=posix --libdir=/usr/lib --enable-nls --enable-bootstrap --enable-clocale=gnu --enable-libstdcxx-debug --enable-libstdcxx-time=yes --with-default-libstdcxx-abi=new --enable-gnu-unique-object --disable-vtable-verify --enable-plugin --enable-default-pie --with-system-zlib --enable-libphobos-checking=release --with-target-system-zlib=auto --enable-objc-gc=auto --enable-multiarch --disable-werror --enable-cet --with-arch-32=i686 --with-abi=m64 --with-multilib-list=m32,m64,mx32 --enable-multilib --with-tune=generic --enable-offload-targets=nvptx-none=/build/gcc-11-XeT9lY/gcc-11-11.4.0/debian/tmp-nvptx/usr,amdgcn-amdhsa=/build/gcc-11-XeT9lY/gcc-11-11.4.0/debian/tmp-gcn/usr --without-cuda-driver --enable-checking=release --build=x86_64-linux-gnu --host=x86_64-linux-gnu --target=x86_64-linux-gnu --with-build-config=bootstrap-lto-lean --enable-link-serialization=2
Thread model: posix
Supported LTO compression algorithms: zlib zstd
gcc version 11.4.0 (Ubuntu 11.4.0-1ubuntu1~22.04) 
... rest of stderr output deleted ...
configure:3738: $? = 0
configure:3727: gcc -V >&5
gcc: error: unrecognized command-line option '-V'
gcc: fatal error: no input files
compilation terminated.
configure:3738: $? = 1
configure:3727: gcc -qversion >&5
gcc: error: unrecognized command-line option '-qversion'; did you mean '--version'?
gcc: fatal error: no input files
compilation terminated.
configure:3738: $? = 1
configure:3727: gcc -version >&5
gcc: error: unrecognized command-line option '-version'
gcc: fatal error: no input files
compilation terminated.
configure:3738: $? = 1
configure:3758: checking whether the C compiler works
configure:3780: gcc    conftest.c  >&5
configure:3784: $? = 0
configure:3834: result: yes
configure:3837: checking for C compiler default output file name
configure:3839: result: a.out
configure:3845: checking for suffix of executables
configure:3852: gcc -o conftest    conftest.c  >&5
configure:3856: $? = 0
configure:3879: result: 
configure:3901: checking whether we are cross compiling
configure:3909: gcc -o conftest    conftest.c  >&5
configure:3913: $? = 0
configure:3920: ./conftest
configure:3924: $? = 0
configure:3939: result: no
configure:3944: checking for suffix of object files
configure:3967: gcc -c   conftest.c >&5
configure:3971: $? = 0
configure:3993: result: o
configure:3997: checking whether the compiler supports GNU C
configure:4017: gcc -c   conftest.c >&5
configure:4017: $? = 0
configure:4027: result: yes
configure:4038: checking whether gcc accepts -g
configure:4059: gcc -c -g  conftest.c >&5
configure:4059: $? = 0
configure:4103: result: yes
configure:4123: checking for gcc option to enable C11 features
configure:4138: gcc  -c -g -O2  conftest.c >&5
configure:4138: $? = 0
configure:4156: result: none needed
configure:4277: checking for mixed mingw-gcc and native VC++ environment
configure:4307: result: no
configure:4314: checking for mixed cygwin and native MinGW environment
configure:4329: result: no
configure:4354: checking if we mix cygwin with any native compiler
configure:4360: result: no
configure:4364: checking if we mix msys with another native compiler
configure:4370: result: no
configure:4374: checking if we mix WSL with another native compiler
configure:4380: result: no
configure:4392: checking for stdio.h
configure:4392: gcc -c -g -O2  conftest.c >&5
configure:4392: $? = 0
configure:4392: result: yes
configure:4392: checking for stdlib.h
configure:4392: gcc -c -g -O2  conftest.c >&5
configure:4392: $? = 0
configure:4392: result: yes
configure:4392: checking for string.h
configure:4392: gcc -c -g -O2  conftest.c >&5
configure:4392: $? = 0
configure:4392: result: yes
configure:4392: checking for inttypes.h
configure:4392: gcc -c -g -O2  conftest.c >&5
configure:4392: $? = 0
configure:4392: result: yes
configure:4392: checking for stdint.h
configure:4392: gcc -c -g -O2  conftest.c >&5
configure:4392: $? = 0
configure:4392: result: yes
configure:4392: checking for strings.h
configure:4392: gcc -c -g -O2  conftest.c >&5
configure:4392: $? = 0
configure:4392: result: yes
configure:4392: checking for sys/stat.h
configure:4392: gcc -c -g -O2  conftest.c >&5
configure:4392: $? = 0
configure:4392: result: yes
configure:4392: checking for sys/types.h
configure:4392: gcc -c -g -O2  conftest.c >&5
configure:4392: $? = 0
configure:4392: result: yes
configure:4392: checking for unistd.h
configure:4392: gcc -c -g -O2  conftest.c >&5
configure:4392: $? = 0
configure:4392: result: yes
configure:4423: checking for native win32 threads
configure:4437: result: no
configure:4445: checking for pthread_create in -lpthread
configure:4468: gcc -o conftest -g -O2   conftest.c -lpthread   >&5
configure:4468: $? = 0
configure:4478: result: yes
configure:4603: checking for getconf
configure:4624: found /usr/bin/getconf
configure:4636: result: getconf
configure:4811: checking for Native POSIX Thread Library
configure:4828: result: yes
configure:4840: checking for nptl/pthread.h
configure:4840: gcc -c -g -O2  conftest.c >&5
conftest.c:47:10: fatal error: nptl/pthread.h: No such file or directory
   47 | #include <nptl/pthread.h>
      |          ^~~~~~~~~~~~~~~~
compilation terminated.
configure:4840: $? = 1
configure: failed program was:
| /* confdefs.h */
| #define PACKAGE_NAME ""
| #define PACKAGE_TARNAME ""
| #define PACKAGE_VERSION ""
| #define PACKAGE_STRING ""
| #define PACKAGE_BUGREPORT ""
| #define PACKAGE_URL ""
| #define HAVE_STDIO_H 1
| #define HAVE_STDLIB_H 1
| #define HAVE_STRING_H 1
| #define HAVE_INTTYPES_H 1
| #define HAVE_STDINT_H 1
| #define HAVE_STRINGS_H 1
| #define HAVE_SYS_STAT_H 1
| #define HAVE_SYS_TYPES_H 1
| #define HAVE_UNISTD_H 1
| #define STDC_HEADERS 1
| /* end confdefs.h.  */
| #include <stddef.h>
| #ifdef HAVE_STDIO_H
| # include <stdio.h>
| #endif
| #ifdef HAVE_STDLIB_H
| # include <stdlib.h>
| #endif
| #ifdef HAVE_STRING_H
| # include <string.h>
| #endif
| #ifdef HAVE_INTTYPES_H
| # include <inttypes.h>
| #endif
| #ifdef HAVE_STDINT_H
| # include <stdint.h>
| #endif
| #ifdef HAVE_STRINGS_H
| # include <strings.h>
| #endif
| #ifdef HAVE_SYS_TYPES_H
| # include <sys/types.h>
| #endif
| #ifdef HAVE_SYS_STAT_H
| # include <sys/stat.h>
| #endif
| #ifdef HAVE_UNISTD_H
| # include <unistd.h>
| #endif
| #include <nptl/pthread.h>
configure:4840: result: no
configure:4898: checking for pthread.h
configure:4898: gcc -c -g -O2   -D_THREAD_SAFE -D_REENTRANT -DPOSIX_THREADS -D_POSIX_THREAD_SAFE_FUNCTIONS conftest.c >&5
configure:4898: $? = 0
configure:4898: result: yes
configure:4907: checking for pthread/mit/pthread.h
configure:4907: gcc -c -g -O2   -D_THREAD_SAFE -D_REENTRANT -DPOSIX_THREADS -D_POSIX_THREAD_SAFE_FUNCTIONS conftest.c >&5
conftest.c:48:10: fatal error: pthread/mit/pthread.h: No such file or directory
   48 | #include <pthread/mit/pthread.h>
      |          ^~~~~~~~~~~~~~~~~~~~~~~
compilation terminated.
configure:4907: $? = 1
configure: failed program was:
| /* confdefs.h */
| #define PACKAGE_NAME ""
| #define PACKAGE_TARNAME ""
| #define PACKAGE_VERSION ""
| #define PACKAGE_STRING ""
| #define PACKAGE_BUGREPORT ""
| #define PACKAGE_URL ""
| #define HAVE_STDIO_H 1
| #define HAVE_STDLIB_H 1
| #define HAVE_STRING_H 1
| #define HAVE_INTTYPES_H 1
| #define HAVE_STDINT_H 1
| #define HAVE_STRINGS_H 1
| #define HAVE_SYS_STAT_H 1
| #define HAVE_SYS_TYPES_H 1
| #define HAVE_UNISTD_H 1
| #define STDC_HEADERS 1
| #define HAVE_PTHREAD_H 1
| /* end confdefs.h.  */
| #include <stddef.h>
| #ifdef HAVE_STDIO_H
| # include <stdio.h>
| #endif
| #ifdef HAVE_STDLIB_H
| # include <stdlib.h>
| #endif
| #ifdef HAVE_STRING_H
| # include <string.h>
| #endif
| #ifdef HAVE_INTTYPES_H
| # include <inttypes.h>
| #endif
| #ifdef HAVE_STDINT_H
| # include <stdint.h>
| #endif
| #ifdef HAVE_STRINGS_H
| # include <strings.h>
| #endif
| #ifdef HAVE_SYS_TYPES_H
| # include <sys/types.h>
| #endif
| #ifdef HAVE_SYS_STAT_H
| # include <sys/stat.h>
| #endif
| #ifdef HAVE_UNISTD_H
| # include <unistd.h>
| #endif
| #include <pthread/mit/pthread.h>
configure:4907: result: no
configure:4965: checking if we can add -Wdeclaration-after-statement to DED_WARN_FLAGS (via CFLAGS)
configure:4980: gcc -c -Wdeclaration-after-statement -Wall -Wstrict-prototypes -Wmissing-prototypes  conftest.c >&5
configure:4980: $? = 0
configure:4991: result: yes
configure:5004: checking if we can add -Werror=return-type to DED_WERRORFLAGS (via CFLAGS)
configure:5019: gcc -c -Werror=return-type   conftest.c >&5
configure:5019: $? = 0
configure:5030: result: yes
configure:5042: checking if we can add -Werror=implicit to DED_WERRORFLAGS (via CFLAGS)
configure:5057: gcc -c -Werror=implicit -Werror=return-type   conftest.c >&5
configure:5057: $? = 0
configure:5068: result: yes
configure:5080: checking if we can add -Werror=undef to DED_WERRORFLAGS (via CFLAGS)
configure:5095: gcc -c -Werror=undef -Werror=implicit -Werror=return-type   conftest.c >&5
configure:5095: $? = 0
configure:5106: result: yes
configure:5130: checking if we can add -fno-common to DED_CFLAGS (via CFLAGS)
configure:5145: gcc -c -fno-common -g -O2  -D_GNU_SOURCE  conftest.c >&5
configure:5145: $? = 0
configure:5156: result: yes
configure:5169: checking if we can add -fno-strict-aliasing to DED_CFLAGS (via CFLAGS)
configure:5184: gcc -c -fno-strict-aliasing -fno-common -g -O2  -D_GNU_SOURCE  conftest.c >&5
configure:5184: $? = 0
configure:5195: result: yes
configure:5436: checking for ld
configure:5468: result: gcc
configure:5492: checking for static compiler flags
configure:5495: result: -Werror=undef -Werror=implicit -Werror=return-type    -D_THREAD_SAFE -D_REENTRANT -DPOSIX_THREADS -D_POSIX_THREAD_SAFE_FUNCTIONS -fno-strict-aliasing -fno-common -g -O2  -D_GNU_SOURCE -DSTATIC_ERLANG_NIF -DSTATIC_ERLANG_DRIVER
configure:5497: checking for basic compiler flags for loadable drivers
configure:5500: result: -fno-strict-aliasing -fno-common -g -O2 -D_GNU_SOURCE -fPIC
configure:5502: checking for compiler flags for loadable drivers
configure:5505: result: -Werror=undef -Werror=implicit -Werror=return-type  -Wdeclaration-after-statement -Wall -Wstrict-prototypes -Wmissing-prototypes  -D_THREAD_SAFE -D_REENTRANT -DPOSIX_THREADS -D_POSIX_THREAD_SAFE_FUNCTIONS -fno-strict-aliasing -fno-common -g -O2 -D_GNU_SOURCE -fPIC
configure:5507: checking for linker for loadable drivers
configure:5509: result: gcc
configure:5511: checking for linker flags for loadable drivers
configure:5513: result: -shared -Wl,-Bsymbolic
configure:5515: checking for 'runtime library path' linker flag
configure:5518: result: -Wl,-R
configure:5545: checking for multiarch directory
configure:5558: result: x86_64-linux-gnu
configure:5567: checking size of void *
configure:5573: gcc -o conftest -g -O2   conftest.c  >&5
configure:5573: $? = 0
configure:5573: ./conftest
configure:5573: $? = 0
configure:5588: result: 8
configure:5754: checking for static zlib
configure:5765: result: /usr/lib/x86_64-linux-gnu/libz.a
configure:5815: checking how to run the C preprocessor
configure:5841: gcc -E  conftest.c
configure:5841: $? = 0
configure:5856: gcc -E  conftest.c
conftest.c:21:10: fatal error: ac_nonexistent.h: No such file or directory
   21 | #include <ac_nonexistent.h>
      |          ^~~~~~~~~~~~~~~~~~
compilation terminated.
configure:5856: $? = 1
configure: failed program was:
| /* confdefs.h */
| #define PACKAGE_NAME ""
| #define PACKAGE_TARNAME ""
| #define PACKAGE_VERSION ""
| #define PACKAGE_STRING ""
| #define PACKAGE_BUGREPORT ""
| #define PACKAGE_URL ""
| #define HAVE_STDIO_H 1
| #define HAVE_STDLIB_H 1
| #define HAVE_STRING_H 1
| #define HAVE_INTTYPES_H 1
| #define HAVE_STDINT_H 1
| #define HAVE_STRINGS_H 1
| #define HAVE_SYS_STAT_H 1
| #define HAVE_SYS_TYPES_H 1
| #define HAVE_UNISTD_H 1
| #define STDC_HEADERS 1
| #define HAVE_PTHREAD_H 1
| #define SIZEOF_VOID_P 8
| /* end confdefs.h.  */
| #include <ac_nonexistent.h>
configure:5883: result: gcc -E
configure:5897: gcc -E  conftest.c
configure:5897: $? = 0
configure:5912: gcc -E  conftest.c
conftest.c:21:10: fatal error: ac_nonexistent.h: No such file or directory
   21 | #include <ac_nonexistent.h>
      |          ^~~~~~~~~~~~~~~~~~
compilation terminated.
configure:5912: $? = 1
configure: failed program was:
| /* confdefs.h */
| #define PACKAGE_NAME ""
| #define PACKAGE_TARNAME ""
| #define PACKAGE_VERSION ""
| #define PACKAGE_STRING ""
| #define PACKAGE_BUGREPORT ""
| #define PACKAGE_URL ""
| #define HAVE_STDIO_H 1
| #define HAVE_STDLIB_H 1
| #define HAVE_STRING_H 1
| #define HAVE_INTTYPES_H 1
| #define HAVE_STDINT_H 1
| #define HAVE_STRINGS_H 1
| #define HAVE_SYS_STAT_H 1
| #define HAVE_SYS_TYPES_H 1
| #define HAVE_UNISTD_H 1
| #define STDC_HEADERS 1
| #define HAVE_PTHREAD_H 1
| #define SIZEOF_VOID_P 8
| /* end confdefs.h.  */
| #include <ac_nonexistent.h>
configure:5943: checking for grep that handles long lines and -e
configure:6007: result: /usr/bin/grep
configure:6012: checking for egrep
configure:6080: result: /usr/bin/grep -E
configure:6126: checking for OpenSSL crypto library with version >= 0.9.8c in standard locations
configure:6344: gcc -o conftest -fno-strict-aliasing -fno-common -g -O2 -D_GNU_SOURCE -fPIC -I/usr/include  -shared -Wl,-Bsymbolic -L/usr/lib/x86_64-linux-gnu conftest.c  -lcrypto  >&5
configure:6344: $? = 0
configure:6448: gcc -o conftest -fno-strict-aliasing -fno-common -g -O2 -D_GNU_SOURCE -fPIC -I/usr/include  -shared -Wl,-Bsymbolic  conftest.c  /usr/lib/x86_64-linux-gnu/libcrypto.a  >&5
configure:6448: $? = 0
configure:6577: result: dynamic crypto library in /usr/lib/x86_64-linux-gnu
configure:7113: checking for runtime library path to use
configure:7314: gcc -o conftest -fno-strict-aliasing -fno-common -g -O2 -D_GNU_SOURCE -fPIC -I/usr/include  -shared -Wl,-Bsymbolic -Wl,-R/usr/lib/x86_64-linux-gnu -Wl,-R/usr/local/lib64 -Wl,-R/usr/sfw/lib64 -Wl,-R/usr/lib64 -Wl,-R/opt/local/lib64 -Wl,-R/usr/pkg/lib64 -Wl,-R/usr/local/openssl/lib64 -Wl,-R/usr/local/opt/openssl/lib64 -Wl,-R/opt/homebrew/opt/openssl/lib64 -Wl,-R/usr/lib/openssl/lib64 -Wl,-R/usr/openssl/lib64 -Wl,-R/usr/local/ssl/lib64 -Wl,-R/usr/lib/ssl/lib64 -Wl,-R/usr/ssl/lib64 -Wl,-R/lib64 -Wl,-R/usr/local/lib/x86_64-linux-gnu -Wl,-R/usr/sfw/lib/x86_64-linux-gnu -Wl,-R/opt/local/lib/x86_64-linux-gnu -Wl,-R/usr/pkg/lib/x86_64-linux-gnu -Wl,-R/usr/local/openssl/lib/x86_64-linux-gnu -Wl,-R/usr/local/opt/openssl/lib/x86_64-linux-gnu -Wl,-R/opt/homebrew/opt/openssl/lib/x86_64-linux-gnu -Wl,-R/usr/lib/openssl/lib/x86_64-linux-gnu -Wl,-R/usr/openssl/lib/x86_64-linux-gnu -Wl,-R/usr/local/ssl/lib/x86_64-linux-gnu -Wl,-R/usr/lib/ssl/lib/x86_64-linux-gnu -Wl,-R/usr/ssl/lib/x86_64-linux-gnu -Wl,-R/lib/x86_64-linux-gnu -Wl,-R/usr/local/lib -Wl,-R/usr/sfw/lib -Wl,-R/usr/lib -Wl,-R/opt/local/lib -Wl,-R/usr/pkg/lib -Wl,-R/usr/local/openssl/lib -Wl,-R/usr/local/opt/openssl/lib -Wl,-R/opt/homebrew/opt/openssl/lib -Wl,-R/usr/lib/openssl/lib -Wl,-R/usr/openssl/lib -Wl,-R/usr/local/ssl/lib -Wl,-R/usr/lib/ssl/lib -Wl,-R/usr/ssl/lib -Wl,-R/lib -L/usr/lib/x86_64-linux-gnu conftest.c  -lcrypto  >&5
configure:7314: $? = 0
configure:7352: result: /usr/lib/x86_64-linux-gnu:/usr/local/lib64:/usr/sfw/lib64:/usr/lib64:/opt/local/lib64:/usr/pkg/lib64:/usr/local/openssl/lib64:/usr/local/opt/openssl/lib64:/opt/homebrew/opt/openssl/lib64:/usr/lib/openssl/lib64:/usr/openssl/lib64:/usr/local/ssl/lib64:/usr/lib/ssl/lib64:/usr/ssl/lib64:/lib64:/usr/local/lib/x86_64-linux-gnu:/usr/sfw/lib/x86_64-linux-gnu:/opt/local/lib/x86_64-linux-gnu:/usr/pkg/lib/x86_64-linux-gnu:/usr/local/openssl/lib/x86_64-linux-gnu:/usr/local/opt/openssl/lib/x86_64-linux-gnu:/opt/homebrew/opt/openssl/lib/x86_64-linux-gnu:/usr/lib/openssl/lib/x86_64-linux-gnu:/usr/openssl/lib/x86_64-linux-gnu:/usr/local/ssl/lib/x86_64-linux-gnu:/usr/lib/ssl/lib/x86_64-linux-gnu:/usr/ssl/lib/x86_64-linux-gnu:/lib/x86_64-linux-gnu:/usr/local/lib:/usr/sfw/lib:/usr/lib:/opt/local/lib:/usr/pkg/lib:/usr/local/openssl/lib:/usr/local/opt/openssl/lib:/opt/homebrew/opt/openssl/lib:/usr/lib/openssl/lib:/usr/openssl/lib:/usr/local/ssl/lib:/usr/lib/ssl/lib:/usr/ssl/lib:/lib
configure:7570: checking for gcc options needed to detect all undeclared functions
configure:7592: gcc -c -fno-strict-aliasing -fno-common -g -O2 -D_GNU_SOURCE -fPIC -I/usr/include   conftest.c >&5
conftest.c: In function 'main':
conftest.c:25:8: error: 'strchr' undeclared (first use in this function)
   25 | (void) strchr;
      |        ^~~~~~
conftest.c:1:1: note: 'strchr' is defined in header '<string.h>'; did you forget to '#include <string.h>'?
    1 | /* confdefs.h */
conftest.c:25:8: note: each undeclared identifier is reported only once for each function it appears in
   25 | (void) strchr;
      |        ^~~~~~
configure:7592: $? = 1
configure: failed program was:
| /* confdefs.h */
| #define PACKAGE_NAME ""
| #define PACKAGE_TARNAME ""
| #define PACKAGE_VERSION ""
| #define PACKAGE_STRING ""
| #define PACKAGE_BUGREPORT ""
| #define PACKAGE_URL ""
| #define HAVE_STDIO_H 1
| #define HAVE_STDLIB_H 1
| #define HAVE_STRING_H 1
| #define HAVE_INTTYPES_H 1
| #define HAVE_STDINT_H 1
| #define HAVE_STRINGS_H 1
| #define HAVE_SYS_STAT_H 1
| #define HAVE_SYS_TYPES_H 1
| #define HAVE_UNISTD_H 1
| #define STDC_HEADERS 1
| #define HAVE_PTHREAD_H 1
| #define SIZEOF_VOID_P 8
| /* end confdefs.h.  */
| 
| int
| main (void)
| {
| (void) strchr;
|   ;
|   return 0;
| }
configure:7619: gcc -c -fno-strict-aliasing -fno-common -g -O2 -D_GNU_SOURCE -fPIC -I/usr/include   conftest.c >&5
configure:7619: $? = 0
configure:7636: result: none needed
configure:7650: checking whether CRYPTO_memcmp is declared
configure:7650: gcc -c -fno-strict-aliasing -fno-common -g -O2 -D_GNU_SOURCE -fPIC -I/usr/include   conftest.c >&5
configure:7650: $? = 0
configure:7650: result: yes
configure:7661: checking whether CRYPTO_memcmp can be linked
configure:7678: gcc -o conftest -fno-strict-aliasing -fno-common -g -O2 -D_GNU_SOURCE -fPIC -I/usr/include  -shared -Wl,-Bsymbolic -Wl,-R/usr/lib/x86_64-linux-gnu -Wl,-R/usr/local/lib64 -Wl,-R/usr/sfw/lib64 -Wl,-R/usr/lib64 -Wl,-R/opt/local/lib64 -Wl,-R/usr/pkg/lib64 -Wl,-R/usr/local/openssl/lib64 -Wl,-R/usr/local/opt/openssl/lib64 -Wl,-R/opt/homebrew/opt/openssl/lib64 -Wl,-R/usr/lib/openssl/lib64 -Wl,-R/usr/openssl/lib64 -Wl,-R/usr/local/ssl/lib64 -Wl,-R/usr/lib/ssl/lib64 -Wl,-R/usr/ssl/lib64 -Wl,-R/lib64 -Wl,-R/usr/local/lib/x86_64-linux-gnu -Wl,-R/usr/sfw/lib/x86_64-linux-gnu -Wl,-R/opt/local/lib/x86_64-linux-gnu -Wl,-R/usr/pkg/lib/x86_64-linux-gnu -Wl,-R/usr/local/openssl/lib/x86_64-linux-gnu -Wl,-R/usr/local/opt/openssl/lib/x86_64-linux-gnu -Wl,-R/opt/homebrew/opt/openssl/lib/x86_64-linux-gnu -Wl,-R/usr/lib/openssl/lib/x86_64-linux-gnu -Wl,-R/usr/openssl/lib/x86_64-linux-gnu -Wl,-R/usr/local/ssl/lib/x86_64-linux-gnu -Wl,-R/usr/lib/ssl/lib/x86_64-linux-gnu -Wl,-R/usr/ssl/lib/x86_64-linux-gnu -Wl,-R/lib/x86_64-linux-gnu -Wl,-R/usr/local/lib -Wl,-R/usr/sfw/lib -Wl,-R/usr/lib -Wl,-R/opt/local/lib -Wl,-R/usr/pkg/lib -Wl,-R/usr/local/openssl/lib -Wl,-R/usr/local/opt/openssl/lib -Wl,-R/opt/homebrew/opt/openssl/lib -Wl,-R/usr/lib/openssl/lib -Wl,-R/usr/openssl/lib -Wl,-R/usr/local/ssl/lib -Wl,-R/usr/lib/ssl/lib -Wl,-R/usr/ssl/lib -Wl,-R/lib -L/usr/lib/x86_64-linux-gnu conftest.c  -lcrypto  >&5
configure:7678: $? = 0
configure:7682: result: yes
configure:7857: creating ./config.status

## ---------------------- ##
## Running config.status. ##
## ---------------------- ##

This file was extended by config.status, which was
generated by GNU Autoconf 2.71.  Invocation command line was

  CONFIG_FILES    = 
  CONFIG_HEADERS  = 
  CONFIG_LINKS    = 
  CONFIG_COMMANDS = 
  $ ./config.status 

on PCNarjes

config.status:807: creating c_src/x86_64-pc-linux-gnu/Makefile

## ---------------- ##
## Cache variables. ##
## ---------------- ##

ac_cv_build=x86_64-pc-linux-gnu
ac_cv_c_compiler_gnu=yes
ac_cv_c_undeclared_builtin_options='none needed'
ac_cv_env_AR_set=
ac_cv_env_AR_value=
ac_cv_env_CC_set=
ac_cv_env_CC_value=
ac_cv_env_CFLAGS_set=
ac_cv_env_CFLAGS_value=
ac_cv_env_CFLAG_RUNTIME_LIBRARY_PATH_set=
ac_cv_env_CFLAG_RUNTIME_LIBRARY_PATH_value=
ac_cv_env_CPPFLAGS_set=
ac_cv_env_CPPFLAGS_value=
ac_cv_env_CPP_set=
ac_cv_env_CPP_value=
ac_cv_env_CXXFLAGS_set=
ac_cv_env_CXXFLAGS_value=
ac_cv_env_CXX_set=
ac_cv_env_CXX_value=
ac_cv_env_DED_LDFLAGS_set=
ac_cv_env_DED_LDFLAGS_value=
ac_cv_env_DED_LD_FLAG_RUNTIME_LIBRARY_PATH_set=
ac_cv_env_DED_LD_FLAG_RUNTIME_LIBRARY_PATH_value=
ac_cv_env_DED_LD_set=
ac_cv_env_DED_LD_value=
ac_cv_env_ERL_TOP_set=set
ac_cv_env_ERL_TOP_value=/home/narjes/document/epitech/timemanager/timemanagerback/otp_src_26.0
ac_cv_env_GETCONF_set=
ac_cv_env_GETCONF_value=
ac_cv_env_LDFLAGS_set=
ac_cv_env_LDFLAGS_value=
ac_cv_env_LD_set=
ac_cv_env_LD_value=
ac_cv_env_LFS_CFLAGS_set=
ac_cv_env_LFS_CFLAGS_value=
ac_cv_env_LFS_LDFLAGS_set=
ac_cv_env_LFS_LDFLAGS_value=
ac_cv_env_LFS_LIBS_set=
ac_cv_env_LFS_LIBS_value=
ac_cv_env_LIBS_set=
ac_cv_env_LIBS_value=
ac_cv_env_RANLIB_set=
ac_cv_env_RANLIB_value=
ac_cv_env_STATIC_CFLAGS_set=
ac_cv_env_STATIC_CFLAGS_value=
ac_cv_env_build_alias_set=
ac_cv_env_build_alias_value=
ac_cv_env_erl_xcomp_after_morecore_hook_set=
ac_cv_env_erl_xcomp_after_morecore_hook_value=
ac_cv_env_erl_xcomp_bigendian_set=
ac_cv_env_erl_xcomp_bigendian_value=
ac_cv_env_erl_xcomp_clock_gettime_cpu_time_set=
ac_cv_env_erl_xcomp_clock_gettime_cpu_time_value=
ac_cv_env_erl_xcomp_dlsym_brk_wrappers_set=
ac_cv_env_erl_xcomp_dlsym_brk_wrappers_value=
ac_cv_env_erl_xcomp_double_middle_endian_set=
ac_cv_env_erl_xcomp_double_middle_endian_value=
ac_cv_env_erl_xcomp_getaddrinfo_set=
ac_cv_env_erl_xcomp_getaddrinfo_value=
ac_cv_env_erl_xcomp_gethrvtime_procfs_ioctl_set=
ac_cv_env_erl_xcomp_gethrvtime_procfs_ioctl_value=
ac_cv_env_erl_xcomp_isysroot_set=
ac_cv_env_erl_xcomp_isysroot_value=
ac_cv_env_erl_xcomp_kqueue_set=
ac_cv_env_erl_xcomp_kqueue_value=
ac_cv_env_erl_xcomp_linux_nptl_set=
ac_cv_env_erl_xcomp_linux_nptl_value=
ac_cv_env_erl_xcomp_linux_usable_sigaltstack_set=
ac_cv_env_erl_xcomp_linux_usable_sigaltstack_value=
ac_cv_env_erl_xcomp_linux_usable_sigusrx_set=
ac_cv_env_erl_xcomp_linux_usable_sigusrx_value=
ac_cv_env_erl_xcomp_poll_set=
ac_cv_env_erl_xcomp_poll_value=
ac_cv_env_erl_xcomp_putenv_copy_set=
ac_cv_env_erl_xcomp_putenv_copy_value=
ac_cv_env_erl_xcomp_reliable_fpe_set=
ac_cv_env_erl_xcomp_reliable_fpe_value=
ac_cv_env_erl_xcomp_sysroot_set=
ac_cv_env_erl_xcomp_sysroot_value=
ac_cv_env_host_alias_set=
ac_cv_env_host_alias_value=
ac_cv_env_target_alias_set=
ac_cv_env_target_alias_value=
ac_cv_have_decl_CRYPTO_memcmp=yes
ac_cv_header_inttypes_h=yes
ac_cv_header_nptl_pthread_h=no
ac_cv_header_pthread_h=yes
ac_cv_header_pthread_mit_pthread_h=no
ac_cv_header_stdint_h=yes
ac_cv_header_stdio_h=yes
ac_cv_header_stdlib_h=yes
ac_cv_header_string_h=yes
ac_cv_header_strings_h=yes
ac_cv_header_sys_stat_h=yes
ac_cv_header_sys_types_h=yes
ac_cv_header_unistd_h=yes
ac_cv_host=x86_64-pc-linux-gnu
ac_cv_lib_pthread_pthread_create=yes
ac_cv_objext=o
ac_cv_path_EGREP='/usr/bin/grep -E'
ac_cv_path_GREP=/usr/bin/grep
ac_cv_prog_CPP='gcc -E'
ac_cv_prog_GETCONF=getconf
ac_cv_prog_ac_ct_CC=gcc
ac_cv_prog_ac_ct_DED_LD=gcc
ac_cv_prog_cc_c11=
ac_cv_prog_cc_g=yes
ac_cv_prog_cc_stdc=
ac_cv_sizeof_void_p=8
ac_cv_target=x86_64-pc-linux-gnu

## ----------------- ##
## Output variables. ##
## ----------------- ##

AR=''
CC='gcc'
CFLAGS='-g -O2'
CFLAG_RUNTIME_LIBRARY_PATH='-Wl,-R'
CPP='gcc -E'
CPPFLAGS=''
CROSS_COMPILING='no'
CRYPTO_NO_DEPRECATE_WARN='-Wno-deprecated-declarations'
CXX=''
CXXFLAGS=''
DED_BASIC_CFLAGS='-fno-strict-aliasing -fno-common -g -O2 -D_GNU_SOURCE -fPIC'
DED_CC='gcc'
DED_CFLAGS='-Werror=undef -Werror=implicit -Werror=return-type  -Wdeclaration-after-statement -Wall -Wstrict-prototypes -Wmissing-prototypes  -D_THREAD_SAFE -D_REENTRANT -DPOSIX_THREADS -D_POSIX_THREAD_SAFE_FUNCTIONS -fno-strict-aliasing -fno-common -g -O2 -D_GNU_SOURCE -fPIC'
DED_EXT='so'
DED_GCC='yes'
DED_INCLUDE='-I/home/narjes/document/epitech/timemanager/timemanagerback/otp_src_26.0/erts/emulator/beam -I/home/narjes/document/epitech/timemanager/timemanagerback/otp_src_26.0/erts/include -I/home/narjes/document/epitech/timemanager/timemanagerback/otp_src_26.0/erts/include/x86_64-pc-linux-gnu -I/home/narjes/document/epitech/timemanager/timemanagerback/otp_src_26.0/erts/include/internal -I/home/narjes/document/epitech/timemanager/timemanagerback/otp_src_26.0/erts/include/internal/x86_64-pc-linux-gnu -I/home/narjes/document/epitech/timemanager/timemanagerback/otp_src_26.0/erts/emulator/sys/unix -I/home/narjes/document/epitech/timemanager/timemanagerback/otp_src_26.0/erts/emulator/sys/common'
DED_LD='gcc'
DED_LDFLAGS='-shared -Wl,-Bsymbolic'
DED_LD_FLAG_RUNTIME_LIBRARY_PATH='-Wl,-R'
DED_LIBS=''
DED_OSTYPE='unix'
DED_STATIC_CFLAGS='-Werror=undef -Werror=implicit -Werror=return-type    -D_THREAD_SAFE -D_REENTRANT -DPOSIX_THREADS -D_POSIX_THREAD_SAFE_FUNCTIONS -fno-strict-aliasing -fno-common -g -O2  -D_GNU_SOURCE -DSTATIC_ERLANG_NIF -DSTATIC_ERLANG_DRIVER'
DED_SYS_INCLUDE='-I/home/narjes/document/epitech/timemanager/timemanagerback/otp_src_26.0/erts/emulator/beam -I/home/narjes/document/epitech/timemanager/timemanagerback/otp_src_26.0/erts/include -I/home/narjes/document/epitech/timemanager/timemanagerback/otp_src_26.0/erts/include/x86_64-pc-linux-gnu -I/home/narjes/document/epitech/timemanager/timemanagerback/otp_src_26.0/erts/include/internal -I/home/narjes/document/epitech/timemanager/timemanagerback/otp_src_26.0/erts/include/internal/x86_64-pc-linux-gnu -I/home/narjes/document/epitech/timemanager/timemanagerback/otp_src_26.0/erts/emulator/sys/unix -I/home/narjes/document/epitech/timemanager/timemanagerback/otp_src_26.0/erts/emulator/sys/common'
DED_THR_DEFS=' -D_THREAD_SAFE -D_REENTRANT -DPOSIX_THREADS -D_POSIX_THREAD_SAFE_FUNCTIONS'
DED_WARN_FLAGS='-Wdeclaration-after-statement -Wall -Wstrict-prototypes -Wmissing-prototypes'
DED_WERRORFLAGS='-Werror=undef -Werror=implicit -Werror=return-type '
DEFS='-DPACKAGE_NAME=\"\" -DPACKAGE_TARNAME=\"\" -DPACKAGE_VERSION=\"\" -DPACKAGE_STRING=\"\" -DPACKAGE_BUGREPORT=\"\" -DPACKAGE_URL=\"\" -DHAVE_STDIO_H=1 -DHAVE_STDLIB_H=1 -DHAVE_STRING_H=1 -DHAVE_INTTYPES_H=1 -DHAVE_STDINT_H=1 -DHAVE_STRINGS_H=1 -DHAVE_SYS_STAT_H=1 -DHAVE_SYS_TYPES_H=1 -DHAVE_UNISTD_H=1 -DSTDC_HEADERS=1 -DHAVE_PTHREAD_H=1 -DSIZEOF_VOID_P=8'
DISABLE_EVP_DH='0'
DISABLE_EVP_HMAC='0'
DISABLE_OTP_TEST_ENGINE='no'
ECHO_C=''
ECHO_N='-n'
ECHO_T=''
EGREP='/usr/bin/grep -E'
ERL_TOP='/home/narjes/document/epitech/timemanager/timemanagerback/otp_src_26.0'
EXEEXT=''
GETCONF='getconf'
GREP='/usr/bin/grep'
LD=''
LDFLAGS=''
LFS_CFLAGS=''
LFS_LDFLAGS=''
LFS_LIBS=''
LIBOBJS=''
LIBS=''
LTLIBOBJS=''
MIXED_MINGW='no'
MIXED_VC='no'
OBJEXT='o'
PACKAGE_BUGREPORT=''
PACKAGE_NAME=''
PACKAGE_STRING=''
PACKAGE_TARNAME=''
PACKAGE_URL=''
PACKAGE_VERSION=''
PATH_SEPARATOR=':'
RANLIB=''
SHELL='/bin/bash'
SSL_CRYPTO_LIBNAME='crypto'
SSL_DED_LD_RUNTIME_LIBRARY_PATH='-Wl,-R/usr/lib/x86_64-linux-gnu -Wl,-R/usr/local/lib64 -Wl,-R/usr/sfw/lib64 -Wl,-R/usr/lib64 -Wl,-R/opt/local/lib64 -Wl,-R/usr/pkg/lib64 -Wl,-R/usr/local/openssl/lib64 -Wl,-R/usr/local/opt/openssl/lib64 -Wl,-R/opt/homebrew/opt/openssl/lib64 -Wl,-R/usr/lib/openssl/lib64 -Wl,-R/usr/openssl/lib64 -Wl,-R/usr/local/ssl/lib64 -Wl,-R/usr/lib/ssl/lib64 -Wl,-R/usr/ssl/lib64 -Wl,-R/lib64 -Wl,-R/usr/local/lib/x86_64-linux-gnu -Wl,-R/usr/sfw/lib/x86_64-linux-gnu -Wl,-R/opt/local/lib/x86_64-linux-gnu -Wl,-R/usr/pkg/lib/x86_64-linux-gnu -Wl,-R/usr/local/openssl/lib/x86_64-linux-gnu -Wl,-R/usr/local/opt/openssl/lib/x86_64-linux-gnu -Wl,-R/opt/homebrew/opt/openssl/lib/x86_64-linux-gnu -Wl,-R/usr/lib/openssl/lib/x86_64-linux-gnu -Wl,-R/usr/openssl/lib/x86_64-linux-gnu -Wl,-R/usr/local/ssl/lib/x86_64-linux-gnu -Wl,-R/usr/lib/ssl/lib/x86_64-linux-gnu -Wl,-R/usr/ssl/lib/x86_64-linux-gnu -Wl,-R/lib/x86_64-linux-gnu -Wl,-R/usr/local/lib -Wl,-R/usr/sfw/lib -Wl,-R/usr/lib -Wl,-R/opt/local/lib -Wl,-R/usr/pkg/lib -Wl,-R/usr/local/openssl/lib -Wl,-R/usr/local/opt/openssl/lib -Wl,-R/opt/homebrew/opt/openssl/lib -Wl,-R/usr/lib/openssl/lib -Wl,-R/usr/openssl/lib -Wl,-R/usr/local/ssl/lib -Wl,-R/usr/lib/ssl/lib -Wl,-R/usr/ssl/lib -Wl,-R/lib'
SSL_DYNAMIC_ONLY='yes'
SSL_EXTRA_LIBS=''
SSL_FLAGS='-DHAVE_OPENSSL_CRYPTO_MEMCMP '
SSL_INCDIR='/usr'
SSL_INCLUDE='-I/usr/include'
SSL_LIBDIR='/usr/lib/x86_64-linux-gnu'
SSL_SSL_LIBNAME='ssl'
STATIC_CFLAGS=''
ac_ct_CC='gcc'
bindir='${exec_prefix}/bin'
build='x86_64-pc-linux-gnu'
build_alias=''
build_cpu='x86_64'
build_os='linux-gnu'
build_vendor='pc'
datadir='${datarootdir}'
datarootdir='${prefix}/share'
docdir='${datarootdir}/doc/${PACKAGE}'
dvidir='${docdir}'
erl_xcomp_after_morecore_hook=''
erl_xcomp_bigendian=''
erl_xcomp_clock_gettime_cpu_time=''
erl_xcomp_dlsym_brk_wrappers=''
erl_xcomp_double_middle_endian=''
erl_xcomp_getaddrinfo=''
erl_xcomp_gethrvtime_procfs_ioctl=''
erl_xcomp_isysroot=''
erl_xcomp_kqueue=''
erl_xcomp_linux_nptl=''
erl_xcomp_linux_usable_sigaltstack=''
erl_xcomp_linux_usable_sigusrx=''
erl_xcomp_poll=''
erl_xcomp_putenv_copy=''
erl_xcomp_reliable_fpe=''
erl_xcomp_sysroot=''
exec_prefix='${prefix}'
host='x86_64-pc-linux-gnu'
host_alias=''
host_cpu='x86_64'
host_os='linux-gnu'
host_vendor='pc'
htmldir='${docdir}'
includedir='${prefix}/include'
infodir='${datarootdir}/info'
libdir='/lib'
libexecdir='${exec_prefix}/libexec'
localedir='${datarootdir}/locale'
localstatedir='${prefix}/var'
mandir='${datarootdir}/man'
oldincludedir='/usr/include'
pdfdir='${docdir}'
prefix='/usr/local'
program_transform_name='s,x,x,'
psdir='${docdir}'
runstatedir='${localstatedir}/run'
sbindir='${exec_prefix}/sbin'
sharedstatedir='${prefix}/com'
sysconfdir='${prefix}/etc'
target='x86_64-pc-linux-gnu'
target_alias=''
target_cpu='x86_64'
target_os='linux-gnu'
target_vendor='pc'

## ----------- ##
## confdefs.h. ##
## ----------- ##

/* confdefs.h */
#define PACKAGE_NAME ""
#define PACKAGE_TARNAME ""
#define PACKAGE_VERSION ""
#define PACKAGE_STRING ""
#define PACKAGE_BUGREPORT ""
#define PACKAGE_URL ""
#define HAVE_STDIO_H 1
#define HAVE_STDLIB_H 1
#define HAVE_STRING_H 1
#define HAVE_INTTYPES_H 1
#define HAVE_STDINT_H 1
#define HAVE_STRINGS_H 1
#define HAVE_SYS_STAT_H 1
#define HAVE_SYS_TYPES_H 1
#define HAVE_UNISTD_H 1
#define STDC_HEADERS 1
#define HAVE_PTHREAD_H 1
#define SIZEOF_VOID_P 8

configure: exit 0
