This file contains any messages produced by compilers while
running configure, to aid debugging if configure makes a mistake.

It was created by configure, which was
generated by GNU Autoconf 2.71.  Invocation command line was

  $ ./configure --disable-option-checking --cache-file=/dev/null --srcdir=/home/narjes/document/epitech/timemanager/timemanagerback/otp_src_26.0/lib/megaco

## --------- ##
## Platform. ##
## --------- ##

hostname = PCNarjes
uname -m = x86_64
uname -r = 5.15.90.1-microsoft-standard-WSL2
uname -s = Linux
uname -v = #1 SMP Fri Jan 27 02:56:13 UTC 2023

/usr/bin/uname -p = x86_64
/bin/uname -X     = unknown

/bin/arch              = x86_64
/usr/bin/arch -k       = unknown
/usr/convex/getsysinfo = unknown
/usr/bin/hostinfo      = unknown
/bin/machine           = unknown
/usr/bin/oslevel       = unknown
/bin/universe          = unknown

PATH: /home/narjes/.config/composer/vendor/bin/
PATH: /usr/local/sbin/
PATH: /usr/local/bin/
PATH: /usr/sbin/
PATH: /usr/bin/
PATH: /sbin/
PATH: /bin/
PATH: /usr/games/
PATH: /usr/local/games/
PATH: /usr/lib/wsl/lib/
PATH: /c/Program Files/Microsoft/jdk-11.0.16.101-hotspot/bin/
PATH: /c/Program Files (x86)/Common Files/Oracle/Java/javapath/
PATH: /c/ProgramData/Anaconda3/
PATH: /c/ProgramData/Anaconda3/Library/mingw-w64/bin/
PATH: /c/ProgramData/Anaconda3/Library/usr/bin/
PATH: /c/ProgramData/Anaconda3/Library/bin/
PATH: /c/ProgramData/Anaconda3/Scripts/
PATH: /c/Windows/system32/
PATH: /c/Windows/
PATH: /c/Windows/System32/Wbem/
PATH: /c/Windows/System32/WindowsPowerShell/v1.0/
PATH: /c/Windows/System32/OpenSSH/
PATH: /c/Program Files (x86)/NVIDIA Corporation/PhysX/Common/
PATH: /c/Program Files/NVIDIA Corporation/NVIDIA NvDLISR/
PATH: /c/WINDOWS/system32/
PATH: /c/WINDOWS/
PATH: /c/WINDOWS/System32/Wbem/
PATH: /c/WINDOWS/System32/WindowsPowerShell/v1.0/
PATH: /c/WINDOWS/System32/OpenSSH/
PATH: /c/Program Files/Git/cmd/
PATH: /c/Program Files (x86)/STMicroelectronics/STM32 ST-LINK Utility/ST-LINK Utility/
PATH: /c/Program Files/PuTTY/
PATH: /c/Program Files/Docker/Docker/resources/bin/
PATH: /c/Program Files/Progress/DataDirect/ODBC/drivers/
PATH: /c/Users/narje/AppData/Roaming/nvm/
PATH: /c/Program Files/nodejs/
PATH: /c/Program Files/dotnet/
PATH: /c/Program Files/Microsoft SQL Server/150/Tools/Binn/
PATH: /c/Program Files/Microsoft SQL Server/Client SDK/ODBC/170/Tools/Binn/
PATH: /c/Program Files (x86)/Windows Kits/10/Windows Performance Toolkit/
PATH: /c/Users/narje/scoop/apps/elixir/current/bin/
PATH: /c/Program Files/Elixir/bin/
PATH: /c/Program Files/Erlang OTP/bin/
PATH: /c/Users/narje/scoop/shims/
PATH: /c/Users/narje/AppData/Local/Microsoft/WindowsApps/
PATH: /c/Users/narje/AppData/Local/Programs/Microsoft VS Code/bin/
PATH: /c/laragon/bin/php/php-8.2.6/
PATH: /c/Users/narje/AppData/Roaming/npm/
PATH: /c/Program Files/Vim/
PATH: /c/Users/narje/AppData/Local/Microsoft/WindowsApps/
PATH: /c/Users/narje/AppData/Roaming/nvm/
PATH: /c/Program Files/nodejs/
PATH: /c/Users/narje/AppData/Local/GitHubDesktop/bin/
PATH: /c/Program Files/CMake/bin/
PATH: /c/Users/narje/.dotnet/tools/
PATH: /c/Program Files (x86)/Microsoft Visual Studio/2022/BuildTools/VC/Tools/MSVC/14.37.32822/bin/Hostx86/x86/
PATH: /snap/bin/


## ----------- ##
## Core tests. ##
## ----------- ##

configure:2513: looking for aux files: config.guess config.sub
configure:2526:  trying /home/narjes/document/epitech/timemanager/timemanagerback/otp_src_26.0/make/autoconf/
configure:2555:   /home/narjes/document/epitech/timemanager/timemanagerback/otp_src_26.0/make/autoconf/config.guess found
configure:2555:   /home/narjes/document/epitech/timemanager/timemanagerback/otp_src_26.0/make/autoconf/config.sub found
configure:2769: checking build system type
configure:2784: result: x86_64-pc-linux-gnu
configure:2804: checking host system type
configure:2818: result: x86_64-pc-linux-gnu
configure:2838: checking target system type
configure:2852: result: x86_64-pc-linux-gnu
configure:3003: checking for gcc
configure:3024: found /usr/bin/gcc
configure:3035: result: gcc
configure:3388: checking for C compiler version
configure:3397: gcc --version >&5
gcc (Ubuntu 11.4.0-1ubuntu1~22.04) 11.4.0
Copyright (C) 2021 Free Software Foundation, Inc.
This is free software; see the source for copying conditions.  There is NO
warranty; not even for MERCHANTABILITY or FITNESS FOR A PARTICULAR PURPOSE.

configure:3408: $? = 0
configure:3397: gcc -v >&5
Using built-in specs.
COLLECT_GCC=gcc
COLLECT_LTO_WRAPPER=/usr/lib/gcc/x86_64-linux-gnu/11/lto-wrapper
OFFLOAD_TARGET_NAMES=nvptx-none:amdgcn-amdhsa
OFFLOAD_TARGET_DEFAULT=1
Target: x86_64-linux-gnu
Configured with: ../src/configure -v --with-pkgversion='Ubuntu 11.4.0-1ubuntu1~22.04' --with-bugurl=file:///usr/share/doc/gcc-11/README.Bugs --enable-languages=c,ada,c++,go,brig,d,fortran,objc,obj-c++,m2 --prefix=/usr --with-gcc-major-version-only --program-suffix=-11 --program-prefix=x86_64-linux-gnu- --enable-shared --enable-linker-build-id --libexecdir=/usr/lib --without-included-gettext --enable-threads=posix --libdir=/usr/lib --enable-nls --enable-bootstrap --enable-clocale=gnu --enable-libstdcxx-debug --enable-libstdcxx-time=yes --with-default-libstdcxx-abi=new --enable-gnu-unique-object --disable-vtable-verify --enable-plugin --enable-default-pie --with-system-zlib --enable-libphobos-checking=release --with-target-system-zlib=auto --enable-objc-gc=auto --enable-multiarch --disable-werror --enable-cet --with-arch-32=i686 --with-abi=m64 --with-multilib-list=m32,m64,mx32 --enable-multilib --with-tune=generic --enable-offload-targets=nvptx-none=/build/gcc-11-XeT9lY/gcc-11-11.4.0/debian/tmp-nvptx/usr,amdgcn-amdhsa=/build/gcc-11-XeT9lY/gcc-11-11.4.0/debian/tmp-gcn/usr --without-cuda-driver --enable-checking=release --build=x86_64-linux-gnu --host=x86_64-linux-gnu --target=x86_64-linux-gnu --with-build-config=bootstrap-lto-lean --enable-link-serialization=2
Thread model: posix
Supported LTO compression algorithms: zlib zstd
gcc version 11.4.0 (Ubuntu 11.4.0-1ubuntu1~22.04) 
... rest of stderr output deleted ...
configure:3408: $? = 0
configure:3397: gcc -V >&5
gcc: error: unrecognized command-line option '-V'
gcc: fatal error: no input files
compilation terminated.
configure:3408: $? = 1
configure:3397: gcc -qversion >&5
gcc: error: unrecognized command-line option '-qversion'; did you mean '--version'?
gcc: fatal error: no input files
compilation terminated.
configure:3408: $? = 1
configure:3397: gcc -version >&5
gcc: error: unrecognized command-line option '-version'
gcc: fatal error: no input files
compilation terminated.
configure:3408: $? = 1
configure:3428: checking whether the C compiler works
configure:3450: gcc    conftest.c  >&5
configure:3454: $? = 0
configure:3504: result: yes
configure:3507: checking for C compiler default output file name
configure:3509: result: a.out
configure:3515: checking for suffix of executables
configure:3522: gcc -o conftest    conftest.c  >&5
configure:3526: $? = 0
configure:3549: result: 
configure:3571: checking whether we are cross compiling
configure:3579: gcc -o conftest    conftest.c  >&5
configure:3583: $? = 0
configure:3590: ./conftest
configure:3594: $? = 0
configure:3609: result: no
configure:3614: checking for suffix of object files
configure:3637: gcc -c   conftest.c >&5
configure:3641: $? = 0
configure:3663: result: o
configure:3667: checking whether the compiler supports GNU C
configure:3687: gcc -c   conftest.c >&5
configure:3687: $? = 0
configure:3697: result: yes
configure:3708: checking whether gcc accepts -g
configure:3729: gcc -c -g  conftest.c >&5
configure:3729: $? = 0
configure:3773: result: yes
configure:3793: checking for gcc option to enable C11 features
configure:3808: gcc  -c -g -O2  conftest.c >&5
configure:3808: $? = 0
configure:3826: result: none needed
configure:3948: checking for mixed mingw-gcc and native VC++ environment
configure:3978: result: no
configure:3985: checking for mixed cygwin and native MinGW environment
configure:4000: result: no
configure:4025: checking if we mix cygwin with any native compiler
configure:4031: result: no
configure:4035: checking if we mix msys with another native compiler
configure:4041: result: no
configure:4045: checking if we mix WSL with another native compiler
configure:4051: result: no
configure:4081: checking for flex
configure:4116: result: no
configure:4081: checking for lex
configure:4116: result: no
configure:4390: checking if we can add -Werror=return-type to CFLAGS (via CFLAGS)
configure:4405: gcc -c -Werror=return-type -g -O2  conftest.c >&5
configure:4405: $? = 0
configure:4416: result: yes
configure:4433: checking for stdio.h
configure:4433: gcc -c -Werror=return-type -g -O2  conftest.c >&5
configure:4433: $? = 0
configure:4433: result: yes
configure:4433: checking for stdlib.h
configure:4433: gcc -c -Werror=return-type -g -O2  conftest.c >&5
configure:4433: $? = 0
configure:4433: result: yes
configure:4433: checking for string.h
configure:4433: gcc -c -Werror=return-type -g -O2  conftest.c >&5
configure:4433: $? = 0
configure:4433: result: yes
configure:4433: checking for inttypes.h
configure:4433: gcc -c -Werror=return-type -g -O2  conftest.c >&5
configure:4433: $? = 0
configure:4433: result: yes
configure:4433: checking for stdint.h
configure:4433: gcc -c -Werror=return-type -g -O2  conftest.c >&5
configure:4433: $? = 0
configure:4433: result: yes
configure:4433: checking for strings.h
configure:4433: gcc -c -Werror=return-type -g -O2  conftest.c >&5
configure:4433: $? = 0
configure:4433: result: yes
configure:4433: checking for sys/stat.h
configure:4433: gcc -c -Werror=return-type -g -O2  conftest.c >&5
configure:4433: $? = 0
configure:4433: result: yes
configure:4433: checking for sys/types.h
configure:4433: gcc -c -Werror=return-type -g -O2  conftest.c >&5
configure:4433: $? = 0
configure:4433: result: yes
configure:4433: checking for unistd.h
configure:4433: gcc -c -Werror=return-type -g -O2  conftest.c >&5
configure:4433: $? = 0
configure:4433: result: yes
configure:4464: checking for native win32 threads
configure:4478: result: no
configure:4486: checking for pthread_create in -lpthread
configure:4509: gcc -o conftest -Werror=return-type -g -O2   conftest.c -lpthread   >&5
configure:4509: $? = 0
configure:4519: result: yes
configure:4644: checking for getconf
configure:4665: found /usr/bin/getconf
configure:4677: result: getconf
configure:4852: checking for Native POSIX Thread Library
configure:4869: result: yes
configure:4881: checking for nptl/pthread.h
configure:4881: gcc -c -Werror=return-type -g -O2  conftest.c >&5
conftest.c:47:10: fatal error: nptl/pthread.h: No such file or directory
   47 | #include <nptl/pthread.h>
      |          ^~~~~~~~~~~~~~~~
compilation terminated.
configure:4881: $? = 1
configure: failed program was:
| /* confdefs.h */
| #define PACKAGE_NAME ""
| #define PACKAGE_TARNAME ""
| #define PACKAGE_VERSION ""
| #define PACKAGE_STRING ""
| #define PACKAGE_BUGREPORT ""
| #define PACKAGE_URL ""
| #define HAVE_STDIO_H 1
| #define HAVE_STDLIB_H 1
| #define HAVE_STRING_H 1
| #define HAVE_INTTYPES_H 1
| #define HAVE_STDINT_H 1
| #define HAVE_STRINGS_H 1
| #define HAVE_SYS_STAT_H 1
| #define HAVE_SYS_TYPES_H 1
| #define HAVE_UNISTD_H 1
| #define STDC_HEADERS 1
| /* end confdefs.h.  */
| #include <stddef.h>
| #ifdef HAVE_STDIO_H
| # include <stdio.h>
| #endif
| #ifdef HAVE_STDLIB_H
| # include <stdlib.h>
| #endif
| #ifdef HAVE_STRING_H
| # include <string.h>
| #endif
| #ifdef HAVE_INTTYPES_H
| # include <inttypes.h>
| #endif
| #ifdef HAVE_STDINT_H
| # include <stdint.h>
| #endif
| #ifdef HAVE_STRINGS_H
| # include <strings.h>
| #endif
| #ifdef HAVE_SYS_TYPES_H
| # include <sys/types.h>
| #endif
| #ifdef HAVE_SYS_STAT_H
| # include <sys/stat.h>
| #endif
| #ifdef HAVE_UNISTD_H
| # include <unistd.h>
| #endif
| #include <nptl/pthread.h>
configure:4881: result: no
configure:4939: checking for pthread.h
configure:4939: gcc -c -Werror=return-type -g -O2   -D_THREAD_SAFE -D_REENTRANT -DPOSIX_THREADS -D_POSIX_THREAD_SAFE_FUNCTIONS conftest.c >&5
configure:4939: $? = 0
configure:4939: result: yes
configure:4948: checking for pthread/mit/pthread.h
configure:4948: gcc -c -Werror=return-type -g -O2   -D_THREAD_SAFE -D_REENTRANT -DPOSIX_THREADS -D_POSIX_THREAD_SAFE_FUNCTIONS conftest.c >&5
conftest.c:48:10: fatal error: pthread/mit/pthread.h: No such file or directory
   48 | #include <pthread/mit/pthread.h>
      |          ^~~~~~~~~~~~~~~~~~~~~~~
compilation terminated.
configure:4948: $? = 1
configure: failed program was:
| /* confdefs.h */
| #define PACKAGE_NAME ""
| #define PACKAGE_TARNAME ""
| #define PACKAGE_VERSION ""
| #define PACKAGE_STRING ""
| #define PACKAGE_BUGREPORT ""
| #define PACKAGE_URL ""
| #define HAVE_STDIO_H 1
| #define HAVE_STDLIB_H 1
| #define HAVE_STRING_H 1
| #define HAVE_INTTYPES_H 1
| #define HAVE_STDINT_H 1
| #define HAVE_STRINGS_H 1
| #define HAVE_SYS_STAT_H 1
| #define HAVE_SYS_TYPES_H 1
| #define HAVE_UNISTD_H 1
| #define STDC_HEADERS 1
| #define HAVE_PTHREAD_H 1
| /* end confdefs.h.  */
| #include <stddef.h>
| #ifdef HAVE_STDIO_H
| # include <stdio.h>
| #endif
| #ifdef HAVE_STDLIB_H
| # include <stdlib.h>
| #endif
| #ifdef HAVE_STRING_H
| # include <string.h>
| #endif
| #ifdef HAVE_INTTYPES_H
| # include <inttypes.h>
| #endif
| #ifdef HAVE_STDINT_H
| # include <stdint.h>
| #endif
| #ifdef HAVE_STRINGS_H
| # include <strings.h>
| #endif
| #ifdef HAVE_SYS_TYPES_H
| # include <sys/types.h>
| #endif
| #ifdef HAVE_SYS_STAT_H
| # include <sys/stat.h>
| #endif
| #ifdef HAVE_UNISTD_H
| # include <unistd.h>
| #endif
| #include <pthread/mit/pthread.h>
configure:4948: result: no
configure:5006: checking if we can add -Wdeclaration-after-statement to DED_WARN_FLAGS (via CFLAGS)
configure:5021: gcc -c -Wdeclaration-after-statement -Wall -Wstrict-prototypes -Wmissing-prototypes  conftest.c >&5
configure:5021: $? = 0
configure:5032: result: yes
configure:5045: checking if we can add -Werror=return-type to DED_WERRORFLAGS (via CFLAGS)
configure:5060: gcc -c -Werror=return-type   conftest.c >&5
configure:5060: $? = 0
configure:5071: result: yes
configure:5083: checking if we can add -Werror=implicit to DED_WERRORFLAGS (via CFLAGS)
configure:5098: gcc -c -Werror=implicit -Werror=return-type   conftest.c >&5
configure:5098: $? = 0
configure:5109: result: yes
configure:5121: checking if we can add -Werror=undef to DED_WERRORFLAGS (via CFLAGS)
configure:5136: gcc -c -Werror=undef -Werror=implicit -Werror=return-type   conftest.c >&5
configure:5136: $? = 0
configure:5147: result: yes
configure:5171: checking if we can add -fno-common to DED_CFLAGS (via CFLAGS)
configure:5186: gcc -c -fno-common -Werror=return-type -g -O2  -D_GNU_SOURCE  conftest.c >&5
configure:5186: $? = 0
configure:5197: result: yes
configure:5210: checking if we can add -fno-strict-aliasing to DED_CFLAGS (via CFLAGS)
configure:5225: gcc -c -fno-strict-aliasing -fno-common -Werror=return-type -g -O2  -D_GNU_SOURCE  conftest.c >&5
configure:5225: $? = 0
configure:5236: result: yes
configure:5477: checking for ld
configure:5509: result: gcc
configure:5533: checking for static compiler flags
configure:5536: result: -Werror=undef -Werror=implicit -Werror=return-type    -D_THREAD_SAFE -D_REENTRANT -DPOSIX_THREADS -D_POSIX_THREAD_SAFE_FUNCTIONS -fno-strict-aliasing -fno-common -Werror=return-type -g -O2  -D_GNU_SOURCE -DSTATIC_ERLANG_NIF -DSTATIC_ERLANG_DRIVER
configure:5538: checking for basic compiler flags for loadable drivers
configure:5541: result: -fno-strict-aliasing -fno-common -Werror=return-type -g -O2 -D_GNU_SOURCE -fPIC
configure:5543: checking for compiler flags for loadable drivers
configure:5546: result: -Werror=undef -Werror=implicit -Werror=return-type  -Wdeclaration-after-statement -Wall -Wstrict-prototypes -Wmissing-prototypes  -D_THREAD_SAFE -D_REENTRANT -DPOSIX_THREADS -D_POSIX_THREAD_SAFE_FUNCTIONS -fno-strict-aliasing -fno-common -Werror=return-type -g -O2 -D_GNU_SOURCE -fPIC
configure:5548: checking for linker for loadable drivers
configure:5550: result: gcc
configure:5552: checking for linker flags for loadable drivers
configure:5554: result: -shared -Wl,-Bsymbolic
configure:5556: checking for 'runtime library path' linker flag
configure:5559: result: -Wl,-R
configure:5588: checking for perl
configure:5609: found /usr/bin/perl
configure:5621: result: perl
configure:5777: creating ./config.status

## ---------------------- ##
## Running config.status. ##
## ---------------------- ##

This file was extended by config.status, which was
generated by GNU Autoconf 2.71.  Invocation command line was

  CONFIG_FILES    = 
  CONFIG_HEADERS  = 
  CONFIG_LINKS    = 
  CONFIG_COMMANDS = 
  $ ./config.status 

on PCNarjes

config.status:764: creating examples/meas/Makefile
configure:6921: creating ./config.status

## ---------------------- ##
## Running config.status. ##
## ---------------------- ##

This file was extended by config.status, which was
generated by GNU Autoconf 2.71.  Invocation command line was

  CONFIG_FILES    = 
  CONFIG_HEADERS  = 
  CONFIG_LINKS    = 
  CONFIG_COMMANDS = 
  $ ./config.status 

on PCNarjes

config.status:765: creating examples/meas/Makefile
config.status:765: creating src/flex/x86_64-pc-linux-gnu/Makefile

## ---------------- ##
## Cache variables. ##
## ---------------- ##

ac_cv_build=x86_64-pc-linux-gnu
ac_cv_c_compiler_gnu=yes
ac_cv_env_CC_set=
ac_cv_env_CC_value=
ac_cv_env_CFLAGS_set=
ac_cv_env_CFLAGS_value=
ac_cv_env_CPPFLAGS_set=
ac_cv_env_CPPFLAGS_value=
ac_cv_env_LDFLAGS_set=
ac_cv_env_LDFLAGS_value=
ac_cv_env_LIBS_set=
ac_cv_env_LIBS_value=
ac_cv_env_build_alias_set=
ac_cv_env_build_alias_value=
ac_cv_env_host_alias_set=
ac_cv_env_host_alias_value=
ac_cv_env_target_alias_set=
ac_cv_env_target_alias_value=
ac_cv_header_inttypes_h=yes
ac_cv_header_nptl_pthread_h=no
ac_cv_header_pthread_h=yes
ac_cv_header_pthread_mit_pthread_h=no
ac_cv_header_stdint_h=yes
ac_cv_header_stdio_h=yes
ac_cv_header_stdlib_h=yes
ac_cv_header_string_h=yes
ac_cv_header_strings_h=yes
ac_cv_header_sys_stat_h=yes
ac_cv_header_sys_types_h=yes
ac_cv_header_unistd_h=yes
ac_cv_host=x86_64-pc-linux-gnu
ac_cv_lib_pthread_pthread_create=yes
ac_cv_objext=o
ac_cv_prog_GETCONF=getconf
ac_cv_prog_PERL=perl
ac_cv_prog_ac_ct_CC=gcc
ac_cv_prog_ac_ct_DED_LD=gcc
ac_cv_prog_cc_c11=
ac_cv_prog_cc_g=yes
ac_cv_prog_cc_stdc=
ac_cv_target=x86_64-pc-linux-gnu

## ----------------- ##
## Output variables. ##
## ----------------- ##

CC='gcc'
CFLAGS='-Werror=return-type -g -O2'
CPPFLAGS=''
DED_BASIC_CFLAGS='-fno-strict-aliasing -fno-common -Werror=return-type -g -O2 -D_GNU_SOURCE -fPIC'
DED_CC='gcc'
DED_CFLAGS='-Werror=undef -Werror=implicit -Werror=return-type  -Wdeclaration-after-statement -Wall -Wstrict-prototypes -Wmissing-prototypes  -D_THREAD_SAFE -D_REENTRANT -DPOSIX_THREADS -D_POSIX_THREAD_SAFE_FUNCTIONS -fno-strict-aliasing -fno-common -Werror=return-type -g -O2 -D_GNU_SOURCE -fPIC'
DED_EXT='so'
DED_GCC='yes'
DED_INCLUDE='-I/home/narjes/document/epitech/timemanager/timemanagerback/otp_src_26.0/erts/emulator/beam -I/home/narjes/document/epitech/timemanager/timemanagerback/otp_src_26.0/erts/include -I/home/narjes/document/epitech/timemanager/timemanagerback/otp_src_26.0/erts/include/x86_64-pc-linux-gnu -I/home/narjes/document/epitech/timemanager/timemanagerback/otp_src_26.0/erts/include/internal -I/home/narjes/document/epitech/timemanager/timemanagerback/otp_src_26.0/erts/include/internal/x86_64-pc-linux-gnu -I/home/narjes/document/epitech/timemanager/timemanagerback/otp_src_26.0/erts/emulator/sys/unix -I/home/narjes/document/epitech/timemanager/timemanagerback/otp_src_26.0/erts/emulator/sys/common'
DED_LD='gcc'
DED_LDFLAGS='-shared -Wl,-Bsymbolic'
DED_LD_FLAG_RUNTIME_LIBRARY_PATH='-Wl,-R'
DED_LIBS=''
DED_OSTYPE='unix'
DED_STATIC_CFLAGS='-Werror=undef -Werror=implicit -Werror=return-type    -D_THREAD_SAFE -D_REENTRANT -DPOSIX_THREADS -D_POSIX_THREAD_SAFE_FUNCTIONS -fno-strict-aliasing -fno-common -Werror=return-type -g -O2  -D_GNU_SOURCE -DSTATIC_ERLANG_NIF -DSTATIC_ERLANG_DRIVER'
DED_SYS_INCLUDE='-I/home/narjes/document/epitech/timemanager/timemanagerback/otp_src_26.0/erts/emulator/beam -I/home/narjes/document/epitech/timemanager/timemanagerback/otp_src_26.0/erts/include -I/home/narjes/document/epitech/timemanager/timemanagerback/otp_src_26.0/erts/include/x86_64-pc-linux-gnu -I/home/narjes/document/epitech/timemanager/timemanagerback/otp_src_26.0/erts/include/internal -I/home/narjes/document/epitech/timemanager/timemanagerback/otp_src_26.0/erts/include/internal/x86_64-pc-linux-gnu -I/home/narjes/document/epitech/timemanager/timemanagerback/otp_src_26.0/erts/emulator/sys/unix -I/home/narjes/document/epitech/timemanager/timemanagerback/otp_src_26.0/erts/emulator/sys/common'
DED_THR_DEFS=' -D_THREAD_SAFE -D_REENTRANT -DPOSIX_THREADS -D_POSIX_THREAD_SAFE_FUNCTIONS'
DED_WARN_FLAGS='-Wdeclaration-after-statement -Wall -Wstrict-prototypes -Wmissing-prototypes'
DED_WERRORFLAGS='-Werror=undef -Werror=implicit -Werror=return-type '
DEFS='-DPACKAGE_NAME=\"\" -DPACKAGE_TARNAME=\"\" -DPACKAGE_VERSION=\"\" -DPACKAGE_STRING=\"\" -DPACKAGE_BUGREPORT=\"\" -DPACKAGE_URL=\"\" -DHAVE_STDIO_H=1 -DHAVE_STDLIB_H=1 -DHAVE_STRING_H=1 -DHAVE_INTTYPES_H=1 -DHAVE_STDINT_H=1 -DHAVE_STRINGS_H=1 -DHAVE_SYS_STAT_H=1 -DHAVE_SYS_TYPES_H=1 -DHAVE_UNISTD_H=1 -DSTDC_HEADERS=1 -DHAVE_PTHREAD_H=1'
ECHO_C=''
ECHO_N='-n'
ECHO_T=''
ENABLE_MEGACO_FLEX_SCANNER='false'
ENABLE_MEGACO_FLEX_SCANNER_LINENO='true'
ENABLE_REENTRANT_MEGACO_FLEX_SCANNER='true'
ERLANG_OSTYPE='unix'
EXEEXT=''
GETCONF='getconf'
LDFLAGS=''
LEX=':'
LEXLIB=''
LEX_OUTPUT_ROOT=''
LIBOBJS=''
LIBS=''
LTLIBOBJS=''
MIXED_MINGW='no'
MIXED_VC='no'
OBJEXT='o'
OTP_EXTRA_FLAGS='-DOTP_RELEASE'
PACKAGE_BUGREPORT=''
PACKAGE_NAME=''
PACKAGE_STRING=''
PACKAGE_TARNAME=''
PACKAGE_URL=''
PACKAGE_VERSION=''
PATH_SEPARATOR=':'
PERL='perl'
SHELL='/bin/bash'
ac_ct_CC='gcc'
bindir='${exec_prefix}/bin'
build='x86_64-pc-linux-gnu'
build_alias=''
build_cpu='x86_64'
build_os='linux-gnu'
build_vendor='pc'
datadir='${datarootdir}'
datarootdir='${prefix}/share'
docdir='${datarootdir}/doc/${PACKAGE}'
dvidir='${docdir}'
exec_prefix='${prefix}'
host='x86_64-pc-linux-gnu'
host_alias=''
host_cpu='x86_64'
host_os='linux-gnu'
host_vendor='pc'
htmldir='${docdir}'
includedir='${prefix}/include'
infodir='${datarootdir}/info'
libdir='${exec_prefix}/lib'
libexecdir='${exec_prefix}/libexec'
localedir='${datarootdir}/locale'
localstatedir='${prefix}/var'
mandir='${datarootdir}/man'
oldincludedir='/usr/include'
pdfdir='${docdir}'
prefix='/usr/local'
program_transform_name='s,x,x,'
psdir='${docdir}'
runstatedir='${localstatedir}/run'
sbindir='${exec_prefix}/sbin'
sharedstatedir='${prefix}/com'
sysconfdir='${prefix}/etc'
target='x86_64-pc-linux-gnu'
target_alias=''
target_cpu='x86_64'
target_os='linux-gnu'
target_vendor='pc'

## ----------- ##
## confdefs.h. ##
## ----------- ##

/* confdefs.h */
#define PACKAGE_NAME ""
#define PACKAGE_TARNAME ""
#define PACKAGE_VERSION ""
#define PACKAGE_STRING ""
#define PACKAGE_BUGREPORT ""
#define PACKAGE_URL ""
#define HAVE_STDIO_H 1
#define HAVE_STDLIB_H 1
#define HAVE_STRING_H 1
#define HAVE_INTTYPES_H 1
#define HAVE_STDINT_H 1
#define HAVE_STRINGS_H 1
#define HAVE_SYS_STAT_H 1
#define HAVE_SYS_TYPES_H 1
#define HAVE_UNISTD_H 1
#define STDC_HEADERS 1
#define HAVE_PTHREAD_H 1

configure: exit 0
